Log file open, 01/29/19 16:49:01
LogWindows: Failed to load 'aqProf.dll' (GetLastError=126)
LogWindows: File 'aqProf.dll' does not exist
LogWindows: Failed to load 'VtuneApi.dll' (GetLastError=126)
LogWindows: File 'VtuneApi.dll' does not exist
LogWindows: Failed to load 'VtuneApi32e.dll' (GetLastError=126)
LogWindows: File 'VtuneApi32e.dll' does not exist
LogConsoleResponse: Display: Failed to find resolution value strings in scalability ini. Falling back to default.
LogInit: Display: Running engine for game: SideProject
LogPakFile: Registered encryption key '00000000000000000000000000000000': 0 pak files mounted, 0 remain pending
LogPlatformFile: Not using cached read wrapper
LogTaskGraph: Started task graph with 5 named threads and 23 total threads with 3 sets of task threads.
LogStats: Stats thread started at 0.284698
LogD3D11RHI: Loaded GFSDK_Aftermath_Lib.x64.dll
LogICUInternationalization: ICU TimeZone Detection - Raw Offset: -5:00, Platform Override: ''
LogPluginManager: Mounting plugin Paper2D
LogPluginManager: Mounting plugin AISupport
LogPluginManager: Mounting plugin LightPropagationVolume
LogPluginManager: Mounting plugin ActorLayerUtilities
LogPluginManager: Mounting plugin CLionSourceCodeAccess
LogPluginManager: Mounting plugin CodeLiteSourceCodeAccess
LogPluginManager: Mounting plugin GitSourceControl
LogPluginManager: Mounting plugin KDevelopSourceCodeAccess
LogPluginManager: Mounting plugin NullSourceCodeAccess
LogPluginManager: Mounting plugin PerforceSourceControl
LogPluginManager: Mounting plugin SubversionSourceControl
LogPluginManager: Mounting plugin UObjectPlugin
LogPluginManager: Mounting plugin VisualStudioCodeSourceCodeAccess
LogPluginManager: Mounting plugin VisualStudioSourceCodeAccess
LogPluginManager: Mounting plugin XCodeSourceCodeAccess
LogPluginManager: Mounting plugin AssetManagerEditor
LogPluginManager: Mounting plugin CryptoKeys
LogPluginManager: Mounting plugin DataValidation
LogPluginManager: Mounting plugin FacialAnimation
LogPluginManager: Mounting plugin GameplayTagsEditor
LogPluginManager: Mounting plugin MacGraphicsSwitching
LogPluginManager: Mounting plugin MeshEditor
LogPluginManager: Mounting plugin MobileLauncherProfileWizard
LogPluginManager: Mounting plugin PluginBrowser
LogPluginManager: Mounting plugin SpeedTreeImporter
LogPluginManager: Mounting plugin DatasmithContent
LogPluginManager: Mounting plugin VariantManagerContent
LogPluginManager: Mounting plugin AlembicImporter
LogPluginManager: Mounting plugin AppleImageUtils
LogPluginManager: Mounting plugin AppleVision
LogPluginManager: Mounting plugin BackChannel
LogPluginManager: Mounting plugin CharacterAI
LogPluginManager: Mounting plugin GeometryCache
LogPluginManager: Mounting plugin HTML5Networking
LogPluginManager: Mounting plugin ProxyLODPlugin
LogPluginManager: Mounting plugin MagicLeap
LogPluginManager: Mounting plugin MagicLeapMedia
LogPluginManager: Mounting plugin AndroidMedia
LogPluginManager: Mounting plugin AvfMedia
LogPluginManager: Mounting plugin ImgMedia
LogPluginManager: Mounting plugin LinearTimecode
LogPluginManager: Mounting plugin MediaCompositing
LogPluginManager: Mounting plugin MediaPlayerEditor
LogPluginManager: Mounting plugin WebMMedia
LogPluginManager: Mounting plugin WmfMedia
LogPluginManager: Mounting plugin TcpMessaging
LogPluginManager: Mounting plugin UdpMessaging
LogPluginManager: Mounting plugin ActorSequence
LogPluginManager: Mounting plugin LevelSequenceEditor
LogPluginManager: Mounting plugin MatineeToLevelSequence
LogPluginManager: Mounting plugin NetcodeUnitTest
LogPluginManager: Mounting plugin NUTUnrealEngine4
LogPluginManager: Mounting plugin OnlineSubsystemGooglePlay
LogPluginManager: Mounting plugin OnlineSubsystemIOS
LogPluginManager: Mounting plugin OnlineSubsystem
LogPluginManager: Mounting plugin OnlineSubsystemNull
LogPluginManager: Mounting plugin OnlineSubsystemUtils
LogPluginManager: Mounting plugin LauncherChunkInstaller
LogPluginManager: Mounting plugin AndroidDeviceProfileSelector
LogPluginManager: Mounting plugin AndroidMoviePlayer
LogPluginManager: Mounting plugin AndroidPermission
LogPluginManager: Mounting plugin AppleMoviePlayer
LogPluginManager: Mounting plugin ArchVisCharacter
LogPluginManager: Mounting plugin AudioCapture
LogPluginManager: Mounting plugin CableComponent
LogPluginManager: Mounting plugin CustomMeshComponent
LogPluginManager: Mounting plugin EditableMesh
LogPluginManager: Mounting plugin ExampleDeviceProfileSelector
LogPluginManager: Mounting plugin Firebase
LogPluginManager: Mounting plugin GoogleCloudMessaging
LogPluginManager: Mounting plugin IOSDeviceProfileSelector
LogPluginManager: Mounting plugin LinuxDeviceProfileSelector
LogPluginManager: Mounting plugin LocationServicesBPLibrary
LogPluginManager: Mounting plugin MobilePatchingUtils
LogPluginManager: Mounting plugin OculusVR
LogPluginManager: Mounting plugin PhysXVehicles
LogPluginManager: Mounting plugin ProceduralMeshComponent
LogPluginManager: Mounting plugin RuntimePhysXCooking
LogPluginManager: Mounting plugin SteamVR
LogPluginManager: Mounting plugin WebMMoviePlayer
LogPluginManager: Mounting plugin WindowsMoviePlayer
LogStreaming: Display: Took  0.277s to configure plugins.
LogInit: Using libcurl 7.55.1-DEV
LogInit:  - built for x86_64-pc-win32
LogInit:  - supports SSL with OpenSSL/1.0.2h
LogInit:  - supports HTTP deflate (compression) using libz 1.2.8
LogInit:  - other features:
LogInit:      CURL_VERSION_SSL
LogInit:      CURL_VERSION_LIBZ
LogInit:      CURL_VERSION_IPV6
LogInit:      CURL_VERSION_ASYNCHDNS
LogInit:      CURL_VERSION_LARGEFILE
LogInit:      CURL_VERSION_IDN
LogInit:  CurlRequestOptions (configurable via config and command line):
LogInit:  - bVerifyPeer = true  - Libcurl will verify peer certificate
LogInit:  - bUseHttpProxy = false  - Libcurl will NOT use HTTP proxy
LogInit:  - bDontReuseConnections = false  - Libcurl will reuse connections
LogInit:  - MaxHostConnections = 16  - Libcurl will limit the number of connections to a host
LogInit:  - LocalHostAddr = Default
LogInit:  - BufferSize = 65536
LogInit: WinSock: version 1.1 (2.2), MaxSocks=32767, MaxUdp=65467
LogInit: Build: ++UE4+Release-4.21-CL-4753647
LogInit: Engine Version: 4.21.2-4753647+++UE4+Release-4.21
LogInit: Compatible Engine Version: 4.21.0-4541578+++UE4+Release-4.21
LogInit: Net CL: 4541578
LogInit: OS: Windows 10 (), CPU: Intel(R) Core(TM) i7-6700HQ CPU @ 2.60GHz, GPU: Intel(R) HD Graphics 530
LogInit: Compiled (64-bit): Jan 19 2019 02:07:31
LogInit: Compiled with Visual C++: 19.13.26129.00
LogInit: Build Configuration: Development
LogInit: Branch Name: ++UE4+Release-4.21
LogInit: Command Line: 
LogInit: Base Directory: D:/Epic Games/UE_4.21/Engine/Binaries/Win64/
LogInit: Installed Engine Build: 1
LogDevObjectVersion: Number of dev versions registered: 22
LogDevObjectVersion:   Dev-Blueprints (B0D832E4-1F89-4F0D-ACCF-7EB736FD4AA2): 10
LogDevObjectVersion:   Dev-Build (E1C64328-A22C-4D53-A36C-8E866417BD8C): 0
LogDevObjectVersion:   Dev-Core (375EC13C-06E4-48FB-B500-84F0262A717E): 2
LogDevObjectVersion:   Dev-Editor (E4B068ED-F494-42E9-A231-DA0B2E46BB41): 26
LogDevObjectVersion:   Dev-Framework (CFFC743F-43B0-4480-9391-14DF171D2073): 34
LogDevObjectVersion:   Dev-Mobile (B02B49B5-BB20-44E9-A304-32B752E40360): 2
LogDevObjectVersion:   Dev-Networking (A4E4105C-59A1-49B5-A7C5-40C4547EDFEE): 0
LogDevObjectVersion:   Dev-Online (39C831C9-5AE6-47DC-9A44-9C173E1C8E7C): 0
LogDevObjectVersion:   Dev-Physics (78F01B33-EBEA-4F98-B9B4-84EACCB95AA2): 0
LogDevObjectVersion:   Dev-Platform (6631380F-2D4D-43E0-8009-CF276956A95A): 0
LogDevObjectVersion:   Dev-Rendering (12F88B9F-8875-4AFC-A67C-D90C383ABD29): 27
LogDevObjectVersion:   Dev-Sequencer (7B5AE74C-D270-4C10-A958-57980B212A5A): 9
LogDevObjectVersion:   Dev-VR (D7296918-1DD6-4BDD-9DE2-64A83CC13884): 2
LogDevObjectVersion:   Dev-LoadTimes (C2A15278-BFE7-4AFE-6C17-90FF531DF755): 1
LogDevObjectVersion:   Private-Geometry (6EACA3D4-40EC-4CC1-B786-8BED09428FC5): 3
LogDevObjectVersion:   Dev-AnimPhys (29E575DD-E0A3-4627-9D10-D276232CDCEA): 17
LogDevObjectVersion:   Dev-Anim (AF43A65D-7FD3-4947-9873-3E8ED9C1BB05): 2
LogDevObjectVersion:   Dev-ReflectionCapture (6B266CEC-1EC7-4B8F-A30B-E4D90942FC07): 1
LogDevObjectVersion:   Dev-Automation (0DF73D61-A23F-47EA-B727-89E90C41499A): 1
LogDevObjectVersion:   FortniteMain (601D1886-AC64-4F84-AA16-D3DE0DEAC7D6): 17
LogDevObjectVersion:   Dev-Enterprise (9DFFBCD6-494F-0158-E221-12823C92A888): 4
LogDevObjectVersion:   Dev-Niagara (F2AED0AC-9AFE-416F-8664-AA7FFA26D6FC): 1
LogStreaming: Display: Took  0.000s to delete old logs.
LogInit: Presizing for max 8388607 objects, including 0 objects not considered by GC, pre-allocating 0 bytes for permanent pool.
LogInit: Object subsystem initialized
LogConfig: Setting CVar [[con.DebugEarlyDefault:1]]
LogConfig: Setting CVar [[r.setres:1280x720]]
[2019.01.29-21.49.01:938][  0]LogConfig: Setting CVar [[r.VSync:0]]
[2019.01.29-21.49.01:938][  0]LogConfig: Setting CVar [[r.RHICmdBypass:0]]
[2019.01.29-21.49.01:938][  0]LogConfig: Applying CVar settings from Section [/Script/Engine.RendererSettings] File [D:/College Stuff/Unreal/SideProject/Saved/Config/Windows/Engine.ini]
[2019.01.29-21.49.01:938][  0]LogConfig: Setting CVar [[r.GPUCrashDebugging:0]]
[2019.01.29-21.49.01:938][  0]LogConfig: Applying CVar settings from Section [/Script/Engine.RendererOverrideSettings] File [D:/College Stuff/Unreal/SideProject/Saved/Config/Windows/Engine.ini]
[2019.01.29-21.49.01:938][  0]LogConfig: Applying CVar settings from Section [/Script/Engine.StreamingSettings] File [D:/College Stuff/Unreal/SideProject/Saved/Config/Windows/Engine.ini]
[2019.01.29-21.49.01:939][  0]LogConfig: Setting CVar [[s.MinBulkDataSizeForAsyncLoading:131072]]
[2019.01.29-21.49.01:939][  0]LogConfig: Setting CVar [[s.AsyncLoadingThreadEnabled:0]]
[2019.01.29-21.49.01:939][  0]LogConfig: Setting CVar [[s.EventDrivenLoaderEnabled:1]]
[2019.01.29-21.49.01:939][  0]LogConfig: Setting CVar [[s.WarnIfTimeLimitExceeded:0]]
[2019.01.29-21.49.01:939][  0]LogConfig: Setting CVar [[s.TimeLimitExceededMultiplier:1.5]]
[2019.01.29-21.49.01:939][  0]LogConfig: Setting CVar [[s.TimeLimitExceededMinTime:0.005]]
[2019.01.29-21.49.01:939][  0]LogConfig: Setting CVar [[s.UseBackgroundLevelStreaming:1]]
[2019.01.29-21.49.01:939][  0]LogConfig: Setting CVar [[s.PriorityAsyncLoadingExtraTime:15.0]]
[2019.01.29-21.49.01:939][  0]LogConfig: Setting CVar [[s.LevelStreamingActorsUpdateTimeLimit:5.0]]
[2019.01.29-21.49.01:939][  0]LogConfig: Setting CVar [[s.PriorityLevelStreamingActorsUpdateExtraTime:5.0]]
[2019.01.29-21.49.01:939][  0]LogConfig: Setting CVar [[s.LevelStreamingComponentsRegistrationGranularity:10]]
[2019.01.29-21.49.01:939][  0]LogConfig: Setting CVar [[s.UnregisterComponentsTimeLimit:1.0]]
[2019.01.29-21.49.01:939][  0]LogConfig: Setting CVar [[s.LevelStreamingComponentsUnregistrationGranularity:5]]
[2019.01.29-21.49.01:939][  0]LogConfig: Applying CVar settings from Section [/Script/Engine.GarbageCollectionSettings] File [D:/College Stuff/Unreal/SideProject/Saved/Config/Windows/Engine.ini]
[2019.01.29-21.49.01:939][  0]LogConfig: Setting CVar [[gc.MaxObjectsNotConsideredByGC:1]]
[2019.01.29-21.49.01:939][  0]LogConfig: Setting CVar [[gc.SizeOfPermanentObjectPool:0]]
[2019.01.29-21.49.01:939][  0]LogConfig: Setting CVar [[gc.FlushStreamingOnGC:0]]
[2019.01.29-21.49.01:939][  0]LogConfig: Setting CVar [[gc.NumRetriesBeforeForcingGC:10]]
[2019.01.29-21.49.01:939][  0]LogConfig: Setting CVar [[gc.AllowParallelGC:1]]
[2019.01.29-21.49.01:939][  0]LogConfig: Setting CVar [[gc.TimeBetweenPurgingPendingKillObjects:61.1]]
[2019.01.29-21.49.01:939][  0]LogConfig: Setting CVar [[gc.MaxObjectsInEditor:8388607]]
[2019.01.29-21.49.01:939][  0]LogConfig: Setting CVar [[gc.IncrementalBeginDestroyEnabled:1]]
[2019.01.29-21.49.01:939][  0]LogConfig: Setting CVar [[gc.CreateGCClusters:1]]
[2019.01.29-21.49.01:939][  0]LogConfig: Setting CVar [[gc.MergeGCClusters:0]]
[2019.01.29-21.49.01:939][  0]LogConfig: Setting CVar [[gc.MinGCClusterSize:5]]
[2019.01.29-21.49.01:939][  0]LogConfig: Setting CVar [[gc.ActorClusteringEnabled:0]]
[2019.01.29-21.49.01:939][  0]LogConfig: Setting CVar [[gc.BlueprintClusteringEnabled:0]]
[2019.01.29-21.49.01:939][  0]LogConfig: Setting CVar [[gc.UseDisregardForGCOnDedicatedServers:0]]
[2019.01.29-21.49.01:939][  0]LogConfig: Applying CVar settings from Section [/Script/Engine.NetworkSettings] File [D:/College Stuff/Unreal/SideProject/Saved/Config/Windows/Engine.ini]
[2019.01.29-21.49.01:939][  0]LogConfig: Applying CVar settings from Section [/Script/UnrealEd.CookerSettings] File [D:/College Stuff/Unreal/SideProject/Saved/Config/Windows/Engine.ini]
[2019.01.29-21.49.01:941][  0]LogConfig: Applying CVar settings from Section [ViewDistanceQuality@3] File [D:/College Stuff/Unreal/SideProject/Saved/Config/Windows/Scalability.ini]
[2019.01.29-21.49.01:941][  0]LogConfig: Setting CVar [[r.SkeletalMeshLODBias:0]]
[2019.01.29-21.49.01:941][  0]LogConfig: Setting CVar [[r.ViewDistanceScale:1.0]]
[2019.01.29-21.49.01:941][  0]LogConfig: Applying CVar settings from Section [AntiAliasingQuality@3] File [D:/College Stuff/Unreal/SideProject/Saved/Config/Windows/Scalability.ini]
[2019.01.29-21.49.01:941][  0]LogConfig: Setting CVar [[r.PostProcessAAQuality:4]]
[2019.01.29-21.49.01:941][  0]LogConfig: Applying CVar settings from Section [ShadowQuality@3] File [D:/College Stuff/Unreal/SideProject/Saved/Config/Windows/Scalability.ini]
[2019.01.29-21.49.01:941][  0]LogConfig: Setting CVar [[r.LightFunctionQuality:1]]
[2019.01.29-21.49.01:941][  0]LogConfig: Setting CVar [[r.ShadowQuality:5]]
[2019.01.29-21.49.01:941][  0]LogConfig: Setting CVar [[r.Shadow.CSM.MaxCascades:10]]
[2019.01.29-21.49.01:941][  0]LogConfig: Setting CVar [[r.Shadow.MaxResolution:2048]]
[2019.01.29-21.49.01:941][  0]LogConfig: Setting CVar [[r.Shadow.MaxCSMResolution:2048]]
[2019.01.29-21.49.01:941][  0]LogConfig: Setting CVar [[r.Shadow.RadiusThreshold:0.01]]
[2019.01.29-21.49.01:941][  0]LogConfig: Setting CVar [[r.Shadow.DistanceScale:1.0]]
[2019.01.29-21.49.01:941][  0]LogConfig: Setting CVar [[r.Shadow.CSM.TransitionScale:1.0]]
[2019.01.29-21.49.01:941][  0]LogConfig: Setting CVar [[r.Shadow.PreShadowResolutionFactor:1.0]]
[2019.01.29-21.49.01:941][  0]LogConfig: Setting CVar [[r.DistanceFieldShadowing:1]]
[2019.01.29-21.49.01:941][  0]LogConfig: Setting CVar [[r.DistanceFieldAO:1]]
[2019.01.29-21.49.01:941][  0]LogConfig: Setting CVar [[r.AOQuality:2]]
[2019.01.29-21.49.01:941][  0]LogConfig: Setting CVar [[r.VolumetricFog:1]]
[2019.01.29-21.49.01:941][  0]LogConfig: Setting CVar [[r.VolumetricFog.GridPixelSize:8]]
[2019.01.29-21.49.01:941][  0]LogConfig: Setting CVar [[r.VolumetricFog.GridSizeZ:128]]
[2019.01.29-21.49.01:941][  0]LogConfig: Setting CVar [[r.VolumetricFog.HistoryMissSupersampleCount:4]]
[2019.01.29-21.49.01:941][  0]LogConfig: Setting CVar [[r.LightMaxDrawDistanceScale:1]]
[2019.01.29-21.49.01:941][  0]LogConfig: Setting CVar [[r.CapsuleShadows:1]]
[2019.01.29-21.49.01:941][  0]LogConfig: Applying CVar settings from Section [PostProcessQuality@3] File [D:/College Stuff/Unreal/SideProject/Saved/Config/Windows/Scalability.ini]
[2019.01.29-21.49.01:941][  0]LogConfig: Setting CVar [[r.MotionBlurQuality:4]]
[2019.01.29-21.49.01:941][  0]LogConfig: Setting CVar [[r.AmbientOcclusionMipLevelFactor:0.4]]
[2019.01.29-21.49.01:941][  0]LogConfig: Setting CVar [[r.AmbientOcclusionMaxQuality:100]]
[2019.01.29-21.49.01:941][  0]LogConfig: Setting CVar [[r.AmbientOcclusionLevels:-1]]
[2019.01.29-21.49.01:941][  0]LogConfig: Setting CVar [[r.AmbientOcclusionRadiusScale:1.0]]
[2019.01.29-21.49.01:941][  0]LogConfig: Setting CVar [[r.DepthOfFieldQuality:2]]
[2019.01.29-21.49.01:941][  0]LogConfig: Setting CVar [[r.RenderTargetPoolMin:400]]
[2019.01.29-21.49.01:941][  0]LogConfig: Setting CVar [[r.LensFlareQuality:2]]
[2019.01.29-21.49.01:941][  0]LogConfig: Setting CVar [[r.SceneColorFringeQuality:1]]
[2019.01.29-21.49.01:941][  0]LogConfig: Setting CVar [[r.EyeAdaptationQuality:2]]
[2019.01.29-21.49.01:941][  0]LogConfig: Setting CVar [[r.BloomQuality:5]]
[2019.01.29-21.49.01:941][  0]LogConfig: Setting CVar [[r.FastBlurThreshold:100]]
[2019.01.29-21.49.01:941][  0]LogConfig: Setting CVar [[r.Upscale.Quality:3]]
[2019.01.29-21.49.01:941][  0]LogConfig: Setting CVar [[r.Tonemapper.GrainQuantization:1]]
[2019.01.29-21.49.01:941][  0]LogConfig: Setting CVar [[r.LightShaftQuality:1]]
[2019.01.29-21.49.01:941][  0]LogConfig: Setting CVar [[r.Filter.SizeScale:1]]
[2019.01.29-21.49.01:941][  0]LogConfig: Setting CVar [[r.Tonemapper.Quality:5]]
[2019.01.29-21.49.01:941][  0]LogConfig: Setting CVar [[r.DOF.Gather.AccumulatorQuality:1        ; higher gathering accumulator quality]]
[2019.01.29-21.49.01:941][  0]LogConfig: Setting CVar [[r.DOF.Gather.PostfilterMethod:1          ; Median3x3 postfilering method]]
[2019.01.29-21.49.01:941][  0]LogConfig: Setting CVar [[r.DOF.Gather.EnableBokehSettings:0       ; no bokeh simulation when gathering]]
[2019.01.29-21.49.01:941][  0]LogConfig: Setting CVar [[r.DOF.Gather.RingCount:4                 ; medium number of samples when gathering]]
[2019.01.29-21.49.01:941][  0]LogConfig: Setting CVar [[r.DOF.Scatter.ForegroundCompositing:1    ; additive foreground scattering]]
[2019.01.29-21.49.01:941][  0]LogConfig: Setting CVar [[r.DOF.Scatter.BackgroundCompositing:2    ; additive background scattering]]
[2019.01.29-21.49.01:941][  0]LogConfig: Setting CVar [[r.DOF.Scatter.EnableBokehSettings:1      ; bokeh simulation when scattering]]
[2019.01.29-21.49.01:942][  0]LogConfig: Setting CVar [[r.DOF.Scatter.MaxSpriteRatio:0.1         ; only a maximum of 10% of scattered bokeh]]
[2019.01.29-21.49.01:942][  0]LogConfig: Setting CVar [[r.DOF.Recombine.Quality:1                ; cheap slight out of focus]]
[2019.01.29-21.49.01:942][  0]LogConfig: Setting CVar [[r.DOF.Recombine.EnableBokehSettings:0    ; no bokeh simulation on slight out of focus]]
[2019.01.29-21.49.01:942][  0]LogConfig: Setting CVar [[r.DOF.TemporalAAQuality:1                ; more stable temporal accumulation]]
[2019.01.29-21.49.01:942][  0]LogConfig: Setting CVar [[r.DOF.Kernel.MaxForegroundRadius:0.025]]
[2019.01.29-21.49.01:942][  0]LogConfig: Setting CVar [[r.DOF.Kernel.MaxBackgroundRadius:0.025]]
[2019.01.29-21.49.01:942][  0]LogConfig: Applying CVar settings from Section [TextureQuality@3] File [D:/College Stuff/Unreal/SideProject/Saved/Config/Windows/Scalability.ini]
[2019.01.29-21.49.01:942][  0]LogConfig: Setting CVar [[r.Streaming.MipBias:0]]
[2019.01.29-21.49.01:942][  0]LogConfig: Setting CVar [[r.Streaming.AmortizeCPUToGPUCopy:0]]
[2019.01.29-21.49.01:942][  0]LogConfig: Setting CVar [[r.Streaming.MaxNumTexturesToStreamPerFrame:0]]
[2019.01.29-21.49.01:942][  0]LogConfig: Setting CVar [[r.Streaming.Boost:1]]
[2019.01.29-21.49.01:942][  0]LogConfig: Setting CVar [[r.MaxAnisotropy:8]]
[2019.01.29-21.49.01:942][  0]LogConfig: Setting CVar [[r.Streaming.LimitPoolSizeToVRAM:0]]
[2019.01.29-21.49.01:942][  0]LogConfig: Setting CVar [[r.Streaming.PoolSize:1000]]
[2019.01.29-21.49.01:942][  0]LogConfig: Setting CVar [[r.Streaming.MaxEffectiveScreenSize:0]]
[2019.01.29-21.49.01:942][  0]LogConfig: Applying CVar settings from Section [EffectsQuality@3] File [D:/College Stuff/Unreal/SideProject/Saved/Config/Windows/Scalability.ini]
[2019.01.29-21.49.01:942][  0]LogConfig: Setting CVar [[r.TranslucencyLightingVolumeDim:64]]
[2019.01.29-21.49.01:942][  0]LogConfig: Setting CVar [[r.RefractionQuality:2]]
[2019.01.29-21.49.01:942][  0]LogConfig: Setting CVar [[r.SSR.Quality:3]]
[2019.01.29-21.49.01:942][  0]LogConfig: Setting CVar [[r.SceneColorFormat:4]]
[2019.01.29-21.49.01:942][  0]LogConfig: Setting CVar [[r.DetailMode:2]]
[2019.01.29-21.49.01:942][  0]LogConfig: Setting CVar [[r.TranslucencyVolumeBlur:1]]
[2019.01.29-21.49.01:942][  0]LogConfig: Setting CVar [[r.MaterialQualityLevel:1 ; High quality]]
[2019.01.29-21.49.01:942][  0]LogConfig: Setting CVar [[r.SSS.Scale:1]]
[2019.01.29-21.49.01:942][  0]LogConfig: Setting CVar [[r.SSS.SampleSet:2]]
[2019.01.29-21.49.01:942][  0]LogConfig: Setting CVar [[r.SSS.Quality:1]]
[2019.01.29-21.49.01:942][  0]LogConfig: Setting CVar [[r.SSS.HalfRes:1]]
[2019.01.29-21.49.01:942][  0]LogConfig: Setting CVar [[r.EmitterSpawnRateScale:1.0]]
[2019.01.29-21.49.01:942][  0]LogConfig: Setting CVar [[r.ParticleLightQuality:2]]
[2019.01.29-21.49.01:942][  0]LogConfig: Applying CVar settings from Section [FoliageQuality@3] File [D:/College Stuff/Unreal/SideProject/Saved/Config/Windows/Scalability.ini]
[2019.01.29-21.49.01:942][  0]LogConfig: Setting CVar [[foliage.DensityScale:1.0]]
[2019.01.29-21.49.01:942][  0]LogConfig: Setting CVar [[grass.DensityScale:1.0]]
[2019.01.29-21.49.01:942][  0]LogInit: Selected Device Profile: [Windows]
[2019.01.29-21.49.01:942][  0]LogInit: Applying CVar settings loaded from the selected device profile: [Windows]
[2019.01.29-21.49.01:951][  0]LogHAL: Display: Platform has ~ 16 GB [17086115840 / 17179869184 / 16], which maps to Larger [LargestMinGB=32, LargerMinGB=12, DefaultMinGB=8, SmallerMinGB=6, SmallestMinGB=0)
[2019.01.29-21.49.01:951][  0]LogConfig: Setting CVar [[r.Vulkan.UseRealUBs:1]]
[2019.01.29-21.49.01:951][  0]LogInit: Going up to parent DeviceProfile []
[2019.01.29-21.49.01:951][  0]LogConfig: Applying CVar settings from Section [ViewDistanceQuality@3] File [D:/College Stuff/Unreal/SideProject/Saved/Config/Windows/Scalability.ini]
[2019.01.29-21.49.01:951][  0]LogConfig: Setting CVar [[r.SkeletalMeshLODBias:0]]
[2019.01.29-21.49.01:951][  0]LogConfig: Setting CVar [[r.ViewDistanceScale:1.0]]
[2019.01.29-21.49.01:951][  0]LogConfig: Applying CVar settings from Section [AntiAliasingQuality@3] File [D:/College Stuff/Unreal/SideProject/Saved/Config/Windows/Scalability.ini]
[2019.01.29-21.49.01:951][  0]LogConfig: Setting CVar [[r.PostProcessAAQuality:4]]
[2019.01.29-21.49.01:951][  0]LogConfig: Applying CVar settings from Section [ShadowQuality@3] File [D:/College Stuff/Unreal/SideProject/Saved/Config/Windows/Scalability.ini]
[2019.01.29-21.49.01:951][  0]LogConfig: Setting CVar [[r.LightFunctionQuality:1]]
[2019.01.29-21.49.01:951][  0]LogConfig: Setting CVar [[r.ShadowQuality:5]]
[2019.01.29-21.49.01:951][  0]LogConfig: Setting CVar [[r.Shadow.CSM.MaxCascades:10]]
[2019.01.29-21.49.01:951][  0]LogConfig: Setting CVar [[r.Shadow.MaxResolution:2048]]
[2019.01.29-21.49.01:951][  0]LogConfig: Setting CVar [[r.Shadow.MaxCSMResolution:2048]]
[2019.01.29-21.49.01:951][  0]LogConfig: Setting CVar [[r.Shadow.RadiusThreshold:0.01]]
[2019.01.29-21.49.01:951][  0]LogConfig: Setting CVar [[r.Shadow.DistanceScale:1.0]]
[2019.01.29-21.49.01:951][  0]LogConfig: Setting CVar [[r.Shadow.CSM.TransitionScale:1.0]]
[2019.01.29-21.49.01:951][  0]LogConfig: Setting CVar [[r.Shadow.PreShadowResolutionFactor:1.0]]
[2019.01.29-21.49.01:951][  0]LogConfig: Setting CVar [[r.DistanceFieldShadowing:1]]
[2019.01.29-21.49.01:951][  0]LogConfig: Setting CVar [[r.DistanceFieldAO:1]]
[2019.01.29-21.49.01:951][  0]LogConfig: Setting CVar [[r.AOQuality:2]]
[2019.01.29-21.49.01:951][  0]LogConfig: Setting CVar [[r.VolumetricFog:1]]
[2019.01.29-21.49.01:951][  0]LogConfig: Setting CVar [[r.VolumetricFog.GridPixelSize:8]]
[2019.01.29-21.49.01:951][  0]LogConfig: Setting CVar [[r.VolumetricFog.GridSizeZ:128]]
[2019.01.29-21.49.01:951][  0]LogConfig: Setting CVar [[r.VolumetricFog.HistoryMissSupersampleCount:4]]
[2019.01.29-21.49.01:951][  0]LogConfig: Setting CVar [[r.LightMaxDrawDistanceScale:1]]
[2019.01.29-21.49.01:951][  0]LogConfig: Setting CVar [[r.CapsuleShadows:1]]
[2019.01.29-21.49.01:951][  0]LogConfig: Applying CVar settings from Section [PostProcessQuality@3] File [D:/College Stuff/Unreal/SideProject/Saved/Config/Windows/Scalability.ini]
[2019.01.29-21.49.01:951][  0]LogConfig: Setting CVar [[r.MotionBlurQuality:4]]
[2019.01.29-21.49.01:951][  0]LogConfig: Setting CVar [[r.AmbientOcclusionMipLevelFactor:0.4]]
[2019.01.29-21.49.01:951][  0]LogConfig: Setting CVar [[r.AmbientOcclusionMaxQuality:100]]
[2019.01.29-21.49.01:951][  0]LogConfig: Setting CVar [[r.AmbientOcclusionLevels:-1]]
[2019.01.29-21.49.01:951][  0]LogConfig: Setting CVar [[r.AmbientOcclusionRadiusScale:1.0]]
[2019.01.29-21.49.01:951][  0]LogConfig: Setting CVar [[r.DepthOfFieldQuality:2]]
[2019.01.29-21.49.01:951][  0]LogConfig: Setting CVar [[r.RenderTargetPoolMin:400]]
[2019.01.29-21.49.01:951][  0]LogConfig: Setting CVar [[r.LensFlareQuality:2]]
[2019.01.29-21.49.01:951][  0]LogConfig: Setting CVar [[r.SceneColorFringeQuality:1]]
[2019.01.29-21.49.01:951][  0]LogConfig: Setting CVar [[r.EyeAdaptationQuality:2]]
[2019.01.29-21.49.01:951][  0]LogConfig: Setting CVar [[r.BloomQuality:5]]
[2019.01.29-21.49.01:951][  0]LogConfig: Setting CVar [[r.FastBlurThreshold:100]]
[2019.01.29-21.49.01:951][  0]LogConfig: Setting CVar [[r.Upscale.Quality:3]]
[2019.01.29-21.49.01:951][  0]LogConfig: Setting CVar [[r.Tonemapper.GrainQuantization:1]]
[2019.01.29-21.49.01:951][  0]LogConfig: Setting CVar [[r.LightShaftQuality:1]]
[2019.01.29-21.49.01:951][  0]LogConfig: Setting CVar [[r.Filter.SizeScale:1]]
[2019.01.29-21.49.01:951][  0]LogConfig: Setting CVar [[r.Tonemapper.Quality:5]]
[2019.01.29-21.49.01:952][  0]LogConfig: Setting CVar [[r.DOF.Gather.AccumulatorQuality:1        ; higher gathering accumulator quality]]
[2019.01.29-21.49.01:952][  0]LogConfig: Setting CVar [[r.DOF.Gather.PostfilterMethod:1          ; Median3x3 postfilering method]]
[2019.01.29-21.49.01:952][  0]LogConfig: Setting CVar [[r.DOF.Gather.EnableBokehSettings:0       ; no bokeh simulation when gathering]]
[2019.01.29-21.49.01:952][  0]LogConfig: Setting CVar [[r.DOF.Gather.RingCount:4                 ; medium number of samples when gathering]]
[2019.01.29-21.49.01:952][  0]LogConfig: Setting CVar [[r.DOF.Scatter.ForegroundCompositing:1    ; additive foreground scattering]]
[2019.01.29-21.49.01:952][  0]LogConfig: Setting CVar [[r.DOF.Scatter.BackgroundCompositing:2    ; additive background scattering]]
[2019.01.29-21.49.01:952][  0]LogConfig: Setting CVar [[r.DOF.Scatter.EnableBokehSettings:1      ; bokeh simulation when scattering]]
[2019.01.29-21.49.01:952][  0]LogConfig: Setting CVar [[r.DOF.Scatter.MaxSpriteRatio:0.1         ; only a maximum of 10% of scattered bokeh]]
[2019.01.29-21.49.01:952][  0]LogConfig: Setting CVar [[r.DOF.Recombine.Quality:1                ; cheap slight out of focus]]
[2019.01.29-21.49.01:952][  0]LogConfig: Setting CVar [[r.DOF.Recombine.EnableBokehSettings:0    ; no bokeh simulation on slight out of focus]]
[2019.01.29-21.49.01:952][  0]LogConfig: Setting CVar [[r.DOF.TemporalAAQuality:1                ; more stable temporal accumulation]]
[2019.01.29-21.49.01:952][  0]LogConfig: Setting CVar [[r.DOF.Kernel.MaxForegroundRadius:0.025]]
[2019.01.29-21.49.01:952][  0]LogConfig: Setting CVar [[r.DOF.Kernel.MaxBackgroundRadius:0.025]]
[2019.01.29-21.49.01:952][  0]LogConfig: Applying CVar settings from Section [TextureQuality@3] File [D:/College Stuff/Unreal/SideProject/Saved/Config/Windows/Scalability.ini]
[2019.01.29-21.49.01:952][  0]LogConfig: Setting CVar [[r.Streaming.MipBias:0]]
[2019.01.29-21.49.01:952][  0]LogConfig: Setting CVar [[r.Streaming.AmortizeCPUToGPUCopy:0]]
[2019.01.29-21.49.01:952][  0]LogConfig: Setting CVar [[r.Streaming.MaxNumTexturesToStreamPerFrame:0]]
[2019.01.29-21.49.01:952][  0]LogConfig: Setting CVar [[r.Streaming.Boost:1]]
[2019.01.29-21.49.01:952][  0]LogConfig: Setting CVar [[r.MaxAnisotropy:8]]
[2019.01.29-21.49.01:952][  0]LogConfig: Setting CVar [[r.Streaming.LimitPoolSizeToVRAM:0]]
[2019.01.29-21.49.01:952][  0]LogConfig: Setting CVar [[r.Streaming.PoolSize:1000]]
[2019.01.29-21.49.01:952][  0]LogConfig: Setting CVar [[r.Streaming.MaxEffectiveScreenSize:0]]
[2019.01.29-21.49.01:952][  0]LogConfig: Applying CVar settings from Section [EffectsQuality@3] File [D:/College Stuff/Unreal/SideProject/Saved/Config/Windows/Scalability.ini]
[2019.01.29-21.49.01:952][  0]LogConfig: Setting CVar [[r.TranslucencyLightingVolumeDim:64]]
[2019.01.29-21.49.01:952][  0]LogConfig: Setting CVar [[r.RefractionQuality:2]]
[2019.01.29-21.49.01:952][  0]LogConfig: Setting CVar [[r.SSR.Quality:3]]
[2019.01.29-21.49.01:952][  0]LogConfig: Setting CVar [[r.SceneColorFormat:4]]
[2019.01.29-21.49.01:952][  0]LogConfig: Setting CVar [[r.DetailMode:2]]
[2019.01.29-21.49.01:952][  0]LogConfig: Setting CVar [[r.TranslucencyVolumeBlur:1]]
[2019.01.29-21.49.01:952][  0]LogConfig: Setting CVar [[r.MaterialQualityLevel:1 ; High quality]]
[2019.01.29-21.49.01:952][  0]LogConfig: Setting CVar [[r.SSS.Scale:1]]
[2019.01.29-21.49.01:952][  0]LogConfig: Setting CVar [[r.SSS.SampleSet:2]]
[2019.01.29-21.49.01:952][  0]LogConfig: Setting CVar [[r.SSS.Quality:1]]
[2019.01.29-21.49.01:952][  0]LogConfig: Setting CVar [[r.SSS.HalfRes:1]]
[2019.01.29-21.49.01:952][  0]LogConfig: Setting CVar [[r.EmitterSpawnRateScale:1.0]]
[2019.01.29-21.49.01:952][  0]LogConfig: Setting CVar [[r.ParticleLightQuality:2]]
[2019.01.29-21.49.01:952][  0]LogConfig: Applying CVar settings from Section [FoliageQuality@3] File [D:/College Stuff/Unreal/SideProject/Saved/Config/Windows/Scalability.ini]
[2019.01.29-21.49.01:952][  0]LogConfig: Setting CVar [[foliage.DensityScale:1.0]]
[2019.01.29-21.49.01:952][  0]LogConfig: Setting CVar [[grass.DensityScale:1.0]]
[2019.01.29-21.49.01:952][  0]LogConfig: Applying CVar settings from Section [Startup] File [../../../Engine/Config/ConsoleVariables.ini]
[2019.01.29-21.49.01:952][  0]LogConfig: Setting CVar [[net.UseAdaptiveNetUpdateFrequency:0]]
[2019.01.29-21.49.01:952][  0]LogConfig: Applying CVar settings from Section [ConsoleVariables] File [D:/College Stuff/Unreal/SideProject/Saved/Config/Windows/Engine.ini]
[2019.01.29-21.49.01:953][  0]LogInit: Computer: DAVIDSMSILAPTOP
[2019.01.29-21.49.01:953][  0]LogInit: User: Thero
[2019.01.29-21.49.01:953][  0]LogInit: CPU Page size=4096, Cores=4
[2019.01.29-21.49.01:953][  0]LogInit: High frequency timer resolution =10.000000 MHz
[2019.01.29-21.49.01:953][  0]LogMemory: Memory total: Physical=15.9GB (16GB approx)
[2019.01.29-21.49.01:953][  0]LogMemory: Platform Memory Stats for Windows
[2019.01.29-21.49.01:953][  0]LogMemory: Process Physical Memory: 102.15 MB used, 102.15 MB peak
[2019.01.29-21.49.01:953][  0]LogMemory: Process Virtual Memory: 91.38 MB used, 91.38 MB peak
[2019.01.29-21.49.01:953][  0]LogMemory: Physical Memory: 6301.62 MB used,  9992.97 MB free, 16294.59 MB total
[2019.01.29-21.49.01:953][  0]LogMemory: Virtual Memory: 4649.98 MB used,  134213080.00 MB free, 134217728.00 MB total
[2019.01.29-21.49.01:977][  0]LogInit: Using OS detected language (en-US).
[2019.01.29-21.49.01:977][  0]LogInit: Using OS detected locale (en-US).
[2019.01.29-21.49.01:978][  0]LogTextLocalizationManager: No specific localization for 'en-US' exists, so the 'en' localization will be used.
[2019.01.29-21.49.02:405][  0]LogStreaming: Display: Took  0.427s to InitEngineTextLocalization.
[2019.01.29-21.49.02:405][  0]LogInit: Setting process to per monitor DPI aware
[2019.01.29-21.49.02:448][  0]LogSlate: New Slate User Created.  User Index 0, Is Virtual User: 0
[2019.01.29-21.49.02:448][  0]LogSlate: Slate User Registered.  User Index 0, Is Virtual User: 0
[2019.01.29-21.49.02:828][  0]LogHMD: Failed to initialize OpenVR with code 110
[2019.01.29-21.49.02:828][  0]LogD3D11RHI: D3D11 adapters:
[2019.01.29-21.49.02:903][  0]LogD3D11RHI:    0. 'NVIDIA GeForce GTX 970M' (Feature Level 11_0)
[2019.01.29-21.49.02:903][  0]LogD3D11RHI:       3032/0/8147 MB DedicatedVideo/DedicatedSystem/SharedSystem, Outputs:1, VendorId:0x10de
[2019.01.29-21.49.02:915][  0]LogD3D11RHI:    1. 'Intel(R) HD Graphics 530' (Feature Level 11_0)
[2019.01.29-21.49.02:915][  0]LogD3D11RHI:       128/0/8147 MB DedicatedVideo/DedicatedSystem/SharedSystem, Outputs:0, VendorId:0x8086
[2019.01.29-21.49.02:918][  0]LogD3D11RHI:    2. 'Microsoft Basic Render Driver' (Feature Level 11_0)
[2019.01.29-21.49.02:918][  0]LogD3D11RHI:       0/0/8147 MB DedicatedVideo/DedicatedSystem/SharedSystem, Outputs:0, VendorId:0x1414
[2019.01.29-21.49.02:918][  0]LogD3D11RHI: Chosen D3D11 Adapter: 0
[2019.01.29-21.49.02:960][  0]LogD3D11RHI: Creating new Direct3DDevice
[2019.01.29-21.49.02:960][  0]LogD3D11RHI:     GPU DeviceId: 0x13d8 (for the marketing name, search the web for "GPU Device Id")
[2019.01.29-21.49.02:960][  0]LogWindows: EnumDisplayDevices:
[2019.01.29-21.49.02:960][  0]LogWindows:    0. 'Intel(R) HD Graphics 530' (P:1 D:1)
[2019.01.29-21.49.02:961][  0]LogWindows:    1. 'Intel(R) HD Graphics 530' (P:0 D:0)
[2019.01.29-21.49.02:961][  0]LogWindows:    2. 'Intel(R) HD Graphics 530' (P:0 D:0)
[2019.01.29-21.49.02:961][  0]LogWindows: DebugString: PrimaryIsNotTheChoosenAdapter PrimaryIsNotTheChoosenAdapter PrimaryIsNotTheChoosenAdapter FoundDriverCount:0 
[2019.01.29-21.49.02:961][  0]LogD3D11RHI:     Adapter Name: NVIDIA GeForce GTX 970M
[2019.01.29-21.49.02:961][  0]LogD3D11RHI:   Driver Version: Unknown (internal:Unknown, unified:Unknown)
[2019.01.29-21.49.02:961][  0]LogD3D11RHI:      Driver Date: Unknown
[2019.01.29-21.49.02:961][  0]LogRHI: Texture pool is 2122 MB (70% of 3032 MB)
[2019.01.29-21.49.03:017][  0]LogD3D11RHI: Async texture creation enabled
[2019.01.29-21.49.03:044][  0]LogD3D11RHI: GPU Timing Frequency: 1000.000000 (Debug: 2 2)
[2019.01.29-21.49.03:418][  0]LogTemp: Display: Loaded TP AllDesktopTargetPlatform
[2019.01.29-21.49.03:431][  0]LogTemp: Display: Loaded TP MacClientTargetPlatform
[2019.01.29-21.49.03:446][  0]LogTemp: Display: Loaded TP MacNoEditorTargetPlatform
[2019.01.29-21.49.03:458][  0]LogTemp: Display: Loaded TP MacServerTargetPlatform
[2019.01.29-21.49.03:475][  0]LogTemp: Display: Loaded TP MacTargetPlatform
[2019.01.29-21.49.03:488][  0]LogTemp: Display: Loaded TP WindowsClientTargetPlatform
[2019.01.29-21.49.03:502][  0]LogTemp: Display: Loaded TP WindowsNoEditorTargetPlatform
[2019.01.29-21.49.03:519][  0]LogTemp: Display: Loaded TP WindowsServerTargetPlatform
[2019.01.29-21.49.03:526][  0]LogTemp: Display: Loaded TP WindowsTargetPlatform
[2019.01.29-21.49.03:605][  0]LogTemp: Display: Loaded TP AndroidTargetPlatform
[2019.01.29-21.49.03:605][  0]LogTemp: Display: Loaded TP AndroidTargetPlatform
[2019.01.29-21.49.03:605][  0]LogTemp: Display: Loaded TP AndroidTargetPlatform
[2019.01.29-21.49.03:605][  0]LogTemp: Display: Loaded TP AndroidTargetPlatform
[2019.01.29-21.49.03:605][  0]LogTemp: Display: Loaded TP AndroidTargetPlatform
[2019.01.29-21.49.03:605][  0]LogTemp: Display: Loaded TP AndroidTargetPlatform
[2019.01.29-21.49.03:605][  0]LogTemp: Display: Loaded TP AndroidTargetPlatform
[2019.01.29-21.49.03:605][  0]LogTemp: Display: Loaded TP AndroidTargetPlatform
[2019.01.29-21.49.03:605][  0]LogTemp: Display: Loaded TP AndroidTargetPlatform
[2019.01.29-21.49.03:605][  0]LogTemp: Display: Loaded TP AndroidTargetPlatform
[2019.01.29-21.49.03:605][  0]LogTemp: Display: Loaded TP AndroidTargetPlatform
[2019.01.29-21.49.03:605][  0]LogTemp: Display: Loaded TP AndroidTargetPlatform
[2019.01.29-21.49.03:605][  0]LogTemp: Display: Loaded TP AndroidTargetPlatform
[2019.01.29-21.49.03:605][  0]LogTemp: Display: Loaded TP AndroidTargetPlatform
[2019.01.29-21.49.03:605][  0]LogTemp: Display: Loaded TP AndroidTargetPlatform
[2019.01.29-21.49.03:605][  0]LogTemp: Display: Loaded TP AndroidTargetPlatform
[2019.01.29-21.49.03:605][  0]LogTemp: Display: Loaded TP AndroidTargetPlatform
[2019.01.29-21.49.03:605][  0]LogTemp: Display: Loaded TP AndroidTargetPlatform
[2019.01.29-21.49.03:608][  0]LogTemp: Display: Loaded TP HTML5TargetPlatform
[2019.01.29-21.49.03:670][  0]LogTemp: Display: Loaded TP IOSTargetPlatform
[2019.01.29-21.49.03:670][  0]LogTemp: Display: Loaded TP IOSTargetPlatform
[2019.01.29-21.49.03:694][  0]LogTemp: Display: Loaded TP TVOSTargetPlatform
[2019.01.29-21.49.03:694][  0]LogTemp: Display: Loaded TP TVOSTargetPlatform
[2019.01.29-21.49.03:708][  0]LogTemp: Display: Loaded TP LinuxClientTargetPlatform
[2019.01.29-21.49.03:723][  0]LogTemp: Display: Loaded TP LinuxNoEditorTargetPlatform
[2019.01.29-21.49.03:738][  0]LogTemp: Display: Loaded TP LinuxServerTargetPlatform
[2019.01.29-21.49.03:752][  0]LogTemp: Display: Loaded TP LinuxTargetPlatform
[2019.01.29-21.49.03:801][  0]LogTemp: Display: Loaded TP LuminTargetPlatform
[2019.01.29-21.49.03:801][  0]LogTemp: Display: Loaded TP LuminTargetPlatform
[2019.01.29-21.49.03:801][  0]LogTargetPlatformManager: Display: Building Assets For Windows
[2019.01.29-21.49.03:855][  0]LogShaderCompilers: Guid format shader working directory is -2 characters bigger than the processId version (../../../../../College Stuff/Unreal/SideProject/Intermediate/Shaders/WorkingDirectory/12180/).
[2019.01.29-21.49.03:855][  0]LogShaderCompilers: Cleaned the shader compiler working directory 'C:/Users/Thero/AppData/Local/Temp/UnrealShaderWorkingDir/B6BD62774A5958B059ACA496042DD8C6/'.
[2019.01.29-21.49.03:857][  0]LogXGEController: Cannot use XGE Controller as Incredibuild is not installed on this machine.
[2019.01.29-21.49.03:857][  0]LogShaderCompilers: Cannot use XGE Shader Compiler as Incredibuild is not installed on this machine.
[2019.01.29-21.49.03:857][  0]LogShaderCompilers: Display: Using Local Shader Compiler.
[2019.01.29-21.49.04:479][  0]LogDerivedDataCache: Display: Max Cache Size: 512 MB
[2019.01.29-21.49.04:538][  0]LogDerivedDataCache: Loaded boot cache 0.06s 73MB C:/Users/Thero/AppData/Local/UnrealEngine/4.21/DerivedDataCache/Boot.ddc.
[2019.01.29-21.49.04:538][  0]LogDerivedDataCache: Display: Loaded Boot cache: C:/Users/Thero/AppData/Local/UnrealEngine/4.21/DerivedDataCache/Boot.ddc
[2019.01.29-21.49.04:538][  0]LogDerivedDataCache: FDerivedDataBackendGraph:  Pak pak cache file ../../../../../College Stuff/Unreal/SideProject/DerivedDataCache/DDC.ddp not found, will not use a pak cache.
[2019.01.29-21.49.04:538][  0]LogDerivedDataCache: Unable to find inner node Pak for hierarchical cache Hierarchy.
[2019.01.29-21.49.04:538][  0]LogDerivedDataCache: FDerivedDataBackendGraph:  CompressedPak pak cache file ../../../../../College Stuff/Unreal/SideProject/DerivedDataCache/Compressed.ddp not found, will not use a pak cache.
[2019.01.29-21.49.04:538][  0]LogDerivedDataCache: Unable to find inner node CompressedPak for hierarchical cache Hierarchy.
[2019.01.29-21.49.04:553][  0]LogDerivedDataCache: Display: Pak cache opened for reading ../../../Engine/DerivedDataCache/Compressed.ddp.
[2019.01.29-21.49.04:553][  0]LogDerivedDataCache: FDerivedDataBackendGraph:  EnterprisePak pak cache file ../../../Enterprise/DerivedDataCache/Compressed.ddp not found, will not use a pak cache.
[2019.01.29-21.49.04:553][  0]LogDerivedDataCache: Unable to find inner node EnterprisePak for hierarchical cache Hierarchy.
[2019.01.29-21.49.04:566][  0]LogDerivedDataCache: Using Local data cache path C:/Users/Thero/AppData/Local/UnrealEngine/Common/DerivedDataCache: Writable
[2019.01.29-21.49.04:566][  0]LogDerivedDataCache: Shared data cache path not found in *engine.ini, will not use an Shared cache.
[2019.01.29-21.49.04:566][  0]LogDerivedDataCache: Unable to find inner node Shared for hierarchical cache Hierarchy.
[2019.01.29-21.49.04:594][  0]LogMaterial: Verifying Global Shaders for PCD3D_SM5
[2019.01.29-21.49.04:596][  0]LogSlate: Using FreeType 2.6.0
[2019.01.29-21.49.04:598][  0]LogSlate: SlateFontServices - WITH_FREETYPE: 1, WITH_HARFBUZZ: 1
[2019.01.29-21.49.04:729][  0]LogAssetRegistry: FAssetRegistry took 0.0376 seconds to start up
[2019.01.29-21.49.05:067][  0]LogInit: Selected Device Profile: [Windows]
[2019.01.29-21.49.05:237][  0]LogSimplygon: Simplygon DLL not present - disabling.
[2019.01.29-21.49.05:240][  0]LogMeshReduction: Using SimplygonSwarm for distributed automatic mesh merging
[2019.01.29-21.49.05:240][  0]LogMeshReduction: Using ProxyLODMeshReduction for automatic mesh merging
[2019.01.29-21.49.05:240][  0]LogMeshReduction: Using QuadricMeshReduction for automatic static mesh reduction
[2019.01.29-21.49.05:240][  0]LogMeshReduction: No automatic skeletal mesh reduction module available
[2019.01.29-21.49.05:256][  0]LogNetVersion: SideProject 1.0.0, NetCL: 4541578, EngineNetVer: 5, GameNetVer: 0 (Checksum: 1231783927)
[2019.01.29-21.49.05:839][  0]LogPackageLocalizationCache: Processed 11 localized package path(s) for 2 prioritized culture(s) in 0.083581 seconds
[2019.01.29-21.49.05:847][  0]LogUObjectArray: 39775 objects as part of root set at end of initial load.
[2019.01.29-21.49.05:847][  0]LogUObjectAllocator: 6914664 out of 0 bytes used by permanent object pool.
[2019.01.29-21.49.05:847][  0]LogUObjectArray: CloseDisregardForGC: 0/0 objects in disregard for GC pool
[2019.01.29-21.49.24:207][  0]LogTcpMessaging: Initializing TcpMessaging bridge
[2019.01.29-21.49.24:272][  0]LogUdpMessaging: Initializing bridge on interface 0.0.0.0:0 to multicast group 230.0.0.1:6666.
[2019.01.29-21.49.29:100][  0]SourceControl: Source control is disabled
[2019.01.29-21.49.29:100][  0]SourceControl: Source control is disabled
[2019.01.29-21.49.29:270][  0]SourceControl: Source control is disabled
[2019.01.29-21.49.29:382][  0]SourceControl: Source control is disabled
[2019.01.29-21.49.32:457][  0]LogAndroidPermission: UAndroidPermissionCallbackProxy::GetInstance
[2019.01.29-21.49.32:803][  0]LogOcInput: OculusInput pre-init called
[2019.01.29-21.49.35:147][  0]LogEngine: Initializing Engine...
[2019.01.29-21.49.35:197][  0]LogHMD: Failed to initialize OpenVR with code 110
[2019.01.29-21.49.35:219][  0]LogStats: UGameplayTagsManager::ConstructGameplayTagTree: ImportINI prefixes -  0.001 s
[2019.01.29-21.49.35:219][  0]LogStats: UGameplayTagsManager::ConstructGameplayTagTree: Construct from data asset -  0.000 s
[2019.01.29-21.49.35:219][  0]LogStats: UGameplayTagsManager::ConstructGameplayTagTree: ImportINI -  0.000 s
[2019.01.29-21.49.35:270][  0]LogStats: UGameplayTagsManager::ConstructGameplayTagTree: GameplayTagTreeChangedEvent.Broadcast -  0.051 s
[2019.01.29-21.49.36:841][  0]LogInit: Initializing FReadOnlyCVARCache
[2019.01.29-21.49.37:692][  0]LogAIModule: Creating AISystem for world Untitled
[2019.01.29-21.49.38:388][  0]LogInit: No audio devices found!
[2019.01.29-21.49.38:389][  0]LogNetVersion: Set ProjectVersion to 1.0.0.0. Version Checksum will be recalculated on next use.
[2019.01.29-21.49.38:459][  0]LogDerivedDataCache: Saved boot cache 0.07s 71MB C:/Users/Thero/AppData/Local/UnrealEngine/4.21/DerivedDataCache/Boot.ddc.
[2019.01.29-21.49.38:460][  0]LogInit: Texture streaming: Enabled
[2019.01.29-21.49.38:571][  0]LogEngineSessionManager: EngineSessionManager initialized
[2019.01.29-21.49.38:815][  0]LogInit: Transaction tracking system initialized
[2019.01.29-21.49.40:029][  0]BlueprintLog: New page: Editor Load
[2019.01.29-21.49.43:091][  0]LocalizationService: Localization service is disabled
[2019.01.29-21.49.49:087][  0]LogFileCache: Scanning file cache for directory 'D:/College Stuff/Unreal/SideProject/Content/' took 0.02s
[2019.01.29-21.49.49:087][  0]LogCook: Display: Max memory allowance for cook 16384mb min free memory 0mb
[2019.01.29-21.49.49:087][  0]LogCook: Display: Mobile HDR setting 1
[2019.01.29-21.49.49:087][  0]LogGameplayTags: Display: UGameplayTagsManager::DoneAddingNativeTags. DelegateIsBound: 0
[2019.01.29-21.49.49:087][  0]LogStats: UGameplayTagsManager::ConstructGameplayTagTree: ImportINI prefixes -  0.000 s
[2019.01.29-21.49.49:087][  0]LogStats: UGameplayTagsManager::ConstructGameplayTagTree: Construct from data asset -  0.000 s
[2019.01.29-21.49.49:087][  0]LogStats: UGameplayTagsManager::ConstructGameplayTagTree: ImportINI -  0.000 s
[2019.01.29-21.49.49:087][  0]LogStats: UGameplayTagsManager::ConstructGameplayTagTree: GameplayTagTreeChangedEvent.Broadcast -  0.000 s
[2019.01.29-21.49.53:654][  0]SourceControl: Source control is disabled
[2019.01.29-21.49.53:712][  0]Cmd: MAP LOAD FILE="../../../Engine/Content/Maps/Templates/Template_Default.umap" TEMPLATE=1 SHOWPROGRESS=1 FEATURELEVEL=3
[2019.01.29-21.49.53:769][  0]LightingResults: New page: Lighting Build
[2019.01.29-21.49.54:261][  0]MapCheck: New page: Map Check
[2019.01.29-21.49.54:261][  0]LightingResults: New page: Lighting Build
[2019.01.29-21.49.56:074][  0]LogAIModule: Creating AISystem for world Untitled_1
[2019.01.29-21.49.57:280][  0]LogEditorServer: Finished looking for orphan Actors (0.000 secs)
[2019.01.29-21.49.57:428][  0]Cmd: MAP CHECKDEP NOCLEARLOG
[2019.01.29-21.49.57:428][  0]MapCheck: Map check complete: 0 Error(s), 0 Warning(s), took 0.146ms to complete.
[2019.01.29-21.49.57:428][  0]LogFileHelpers: Loading map 'Template_Default' took 3.762
[2019.01.29-21.50.00:224][  0]LogSlate: Updating window title bar state: overlay mode, drag disabled, window buttons hidden, title bar hidden
[2019.01.29-21.50.00:265][  0]LogSlate: Updating window title bar state: overlay mode, drag disabled, window buttons hidden, title bar hidden
[2019.01.29-21.50.00:277][  0]LogSlate: Updating window title bar state: overlay mode, drag disabled, window buttons hidden, title bar hidden
[2019.01.29-21.50.00:287][  0]LogSlate: Updating window title bar state: overlay mode, drag disabled, window buttons hidden, title bar hidden
[2019.01.29-21.50.00:477][  0]LogCollectionManager: Loaded 0 collections in 0.001518 seconds
[2019.01.29-21.50.00:664][  0]LogFileCache: Scanning file cache for directory 'D:/College Stuff/Unreal/SideProject/Saved/Collections/' took 0.01s
[2019.01.29-21.50.00:664][  0]LogFileCache: Scanning file cache for directory 'D:/College Stuff/Unreal/SideProject/Content/Developers/Thero/Collections/' took 0.01s
[2019.01.29-21.50.00:664][  0]LogFileCache: Scanning file cache for directory 'D:/College Stuff/Unreal/SideProject/Content/Collections/' took 0.01s
[2019.01.29-21.50.00:664][  0]LogCollectionManager: Rebuilt the GUID cache for 0 collections in 0.000001 seconds
[2019.01.29-21.50.00:736][  0]LogContentBrowser: Native class hierarchy populated in 0.0713 seconds. Added 2660 classes and 622 folders.
[2019.01.29-21.50.01:027][  0]LogContentBrowser: Native class hierarchy updated for 'WidgetCarousel' in 0.0004 seconds. Added 0 classes and 0 folders.
[2019.01.29-21.50.01:194][  0]LogPakFile: Registered encryption key '00000000000000000000000000000000': 0 pak files mounted, 0 remain pending
[2019.01.29-21.50.01:259][  0]LogPakFile: Registered encryption key '00000000000000000000000000000000': 0 pak files mounted, 0 remain pending
[2019.01.29-21.50.01:272][  0]LogPakFile: Registered encryption key '00000000000000000000000000000000': 0 pak files mounted, 0 remain pending
[2019.01.29-21.50.01:291][  0]LogPakFile: Registered encryption key '00000000000000000000000000000000': 0 pak files mounted, 0 remain pending
[2019.01.29-21.50.01:381][  0]LogPakFile: Registered encryption key '00000000000000000000000000000000': 0 pak files mounted, 0 remain pending
[2019.01.29-21.50.01:418][  0]LogPakFile: Registered encryption key '00000000000000000000000000000000': 0 pak files mounted, 0 remain pending
[2019.01.29-21.50.01:495][  0]LogPakFile: Registered encryption key '00000000000000000000000000000000': 0 pak files mounted, 0 remain pending
[2019.01.29-21.50.01:532][  0]LogPakFile: Registered encryption key '00000000000000000000000000000000': 0 pak files mounted, 0 remain pending
[2019.01.29-21.50.01:560][  0]LogPakFile: Registered encryption key '00000000000000000000000000000000': 0 pak files mounted, 0 remain pending
[2019.01.29-21.50.01:625][  0]LogPakFile: Registered encryption key '00000000000000000000000000000000': 0 pak files mounted, 0 remain pending
[2019.01.29-21.50.01:644][  0]LogPakFile: Registered encryption key '00000000000000000000000000000000': 0 pak files mounted, 0 remain pending
[2019.01.29-21.50.01:681][  0]LogPakFile: Registered encryption key '00000000000000000000000000000000': 0 pak files mounted, 0 remain pending
[2019.01.29-21.50.01:694][  0]LogPakFile: Registered encryption key '00000000000000000000000000000000': 0 pak files mounted, 0 remain pending
[2019.01.29-21.50.01:710][  0]LogPakFile: Registered encryption key '00000000000000000000000000000000': 0 pak files mounted, 0 remain pending
[2019.01.29-21.50.01:731][  0]LogPakFile: Registered encryption key '00000000000000000000000000000000': 0 pak files mounted, 0 remain pending
[2019.01.29-21.50.01:793][  0]LogPakFile: Registered encryption key '00000000000000000000000000000000': 0 pak files mounted, 0 remain pending
[2019.01.29-21.50.01:826][  0]LogPakFile: Registered encryption key '00000000000000000000000000000000': 0 pak files mounted, 0 remain pending
[2019.01.29-21.50.01:836][  0]LogPakFile: Registered encryption key '00000000000000000000000000000000': 0 pak files mounted, 0 remain pending
[2019.01.29-21.50.01:848][  0]LogPakFile: Registered encryption key '00000000000000000000000000000000': 0 pak files mounted, 0 remain pending
[2019.01.29-21.50.01:891][  0]LogPakFile: Registered encryption key '00000000000000000000000000000000': 0 pak files mounted, 0 remain pending
[2019.01.29-21.50.01:922][  0]LogPakFile: Registered encryption key '00000000000000000000000000000000': 0 pak files mounted, 0 remain pending
[2019.01.29-21.50.01:941][  0]LogPakFile: Registered encryption key '00000000000000000000000000000000': 0 pak files mounted, 0 remain pending
[2019.01.29-21.50.01:954][  0]LogPakFile: Registered encryption key '00000000000000000000000000000000': 0 pak files mounted, 0 remain pending
[2019.01.29-21.50.01:996][  0]LogPakFile: Registered encryption key '00000000000000000000000000000000': 0 pak files mounted, 0 remain pending
[2019.01.29-21.50.02:023][  0]LogPakFile: Registered encryption key '00000000000000000000000000000000': 0 pak files mounted, 0 remain pending
[2019.01.29-21.50.02:049][  0]LogPakFile: Registered encryption key '00000000000000000000000000000000': 0 pak files mounted, 0 remain pending
[2019.01.29-21.50.04:726][  0]LogContentBrowser: Native class hierarchy updated for 'AddContentDialog' in 0.0004 seconds. Added 0 classes and 0 folders.
[2019.01.29-21.50.04:902][  0]LogContentBrowser: Native class hierarchy updated for 'SceneOutliner' in 0.0007 seconds. Added 1 classes and 2 folders.
[2019.01.29-21.50.05:862][  0]LogSlate: Took 0.016226 seconds to synchronously load lazily loaded font '../../../Engine/Content/Slate/Fonts/Roboto-Regular.ttf' (155K)
[2019.01.29-21.50.05:910][  0]LogSlate: Took 0.045658 seconds to synchronously load lazily loaded font '../../../Engine/Content/Slate/Fonts/Roboto-Bold.ttf' (160K)
[2019.01.29-21.50.06:088][  0]LogSlate: Took 0.019676 seconds to synchronously load lazily loaded font '../../../Engine/Content/Editor/Slate/Fonts/FontAwesome.ttf' (139K)
[2019.01.29-21.50.06:116][  0]LogSlate: Took 0.027481 seconds to synchronously load lazily loaded font '../../../Engine/Content/Slate/Fonts/DroidSansMono.ttf' (77K)
[2019.01.29-21.50.07:111][  0]LogRenderer: Reallocating scene render targets to support 856x308 Format 10 NumSamples 1 (Frame:1).
[2019.01.29-21.50.08:558][  0]LogContentBrowser: Native class hierarchy updated for 'HierarchicalLODOutliner' in 0.0005 seconds. Added 0 classes and 0 folders.
[2019.01.29-21.50.08:558][  0]LogLoad: (Engine Initialization) Total time: 68.57 seconds
[2019.01.29-21.50.08:558][  0]LogLoad: (Engine Initialization) Total Blueprint compile time: 0.02 seconds
[2019.01.29-21.50.08:922][  0]LogContentStreaming: Texture pool size now 1000 MB
[2019.01.29-21.50.09:518][  3]LogAssetRegistry: Asset discovery search completed in 64.8115 seconds
[2019.01.29-21.50.09:519][  3]LogCollectionManager: Rebuilt the object cache for 0 collections in 0.000000 seconds (found 0 objects)
[2019.01.29-21.50.09:520][  3]LogCollectionManager: Fixed up redirectors for 0 collections in 0.000205 seconds (updated 0 objects)
[2019.01.29-21.50.49:019][344]LogSlate: FSceneViewport::OnFocusLost() reason 0
[2019.01.29-21.50.49:136][344]LogVSAccessor: Warning: Couldn't access Visual Studio
[2019.01.29-21.50.49:285][344]Candidate modules for hot reload:
[2019.01.29-21.50.49:286][344]  SideProject
[2019.01.29-21.50.49:286][344]Launching UnrealBuildTool... [D:/Epic Games/UE_4.21/Engine/Binaries/DotNET/UnrealBuildTool.exe  -ModuleWithSuffix=SideProject,8586 Win64 Development -TargetType=Editor -Project="../../../../../College Stuff/Unreal/SideProject/SideProject.uproject" -canskiplink "D:/College Stuff/Unreal/SideProject/SideProject.uproject" ]
[2019.01.29-21.50.49:290][344]Warning: Starting HotReload took  0.3s.
[2019.01.29-21.55.42:125][904]CompilerResultsLog: New page: Compilation - Jan 29, 2019, 11:55:42 AM
[2019.01.29-21.55.42:126][904]CompilerResultsLog: Creating makefile for hot reloading SideProjectEditor (source directory changed)
[2019.01.29-21.55.42:126][904]CompilerResultsLog: Compiling game modules for hot reload
[2019.01.29-21.55.42:126][904]CompilerResultsLog: Performing full C++ include scan (no include cache file)
[2019.01.29-21.55.42:126][904]CompilerResultsLog: Using Visual Studio 2017 14.16.27023 toolchain (D:\VSEnterprise\VC\Tools\MSVC\14.16.27023) and Windows 10.0.17763.0 SDK (C:\Program Files (x86)\Windows Kits\10).
[2019.01.29-21.55.42:126][904]CompilerResultsLog: Building 3 actions with 8 processes...
[2019.01.29-21.55.42:127][904]CompilerResultsLog:   [1/3] EnergyCollector.cpp
[2019.01.29-21.55.42:127][904]CompilerResultsLog:    D:\Epic Games\UE_4.21\Engine\Source\Runtime\Core\Public\Logging/LogMacros.h(58) : error C2338: Invalid argument(s) passed to FMsg::Logf_Internal
[2019.01.29-21.55.42:127][904]CompilerResultsLog:   D:\College Stuff\Unreal\SideProject\Source\SideProject\EnergyCollector.cpp(65): note: see reference to function template instantiation 'void FMsg::Logf_Internal<wchar_t[34],FString>(const ANSICHAR *,int32,const FName &,ELogVerbosity::Type,const FmtType (&),FString)' being compiled
[2019.01.29-21.55.42:128][904]CompilerResultsLog:           with
[2019.01.29-21.55.42:128][904]CompilerResultsLog:           [
[2019.01.29-21.55.42:128][904]CompilerResultsLog:               FmtType=wchar_t [34]
[2019.01.29-21.55.42:128][904]CompilerResultsLog:           ]
[2019.01.29-21.55.42:128][904]CompilerResultsLog:    D:\Epic Games\UE_4.21\Engine\Source\Runtime\Core\Public\Logging/LogMacros.h(60) : error C4840: non-portable use of class 'FString' as an argument to a variadic function
[2019.01.29-21.55.42:129][904]CompilerResultsLog:   D:\Epic Games\UE_4.21\Engine\Source\Runtime\Core\Public\Logging/LogMacros.h(60): note: 'FString::FString' is non-trivial
[2019.01.29-21.55.42:129][904]CompilerResultsLog:   D:\Epic Games\UE_4.21\Engine\Source\Runtime\Core\Public\Containers/UnrealString.h(73): note: see declaration of 'FString::FString'
[2019.01.29-21.55.42:129][904]CompilerResultsLog:   D:\Epic Games\UE_4.21\Engine\Source\Runtime\Core\Public\Logging/LogMacros.h(60): note: the constructor and destructor will not be called; a bitwise copy of the class will be passed as the argument
[2019.01.29-21.55.42:130][904]CompilerResultsLog:   D:\Epic Games\UE_4.21\Engine\Source\Runtime\Core\Public\Windows/WindowsCriticalSection.h(9): note: see declaration of 'FString'
[2019.01.29-21.55.42:131][904]CompilerResultsLog: ERROR: UBT ERROR: Failed to produce item: D:\College Stuff\Unreal\SideProject\Binaries\Win64\UE4Editor-SideProject-8586.dll
[2019.01.29-21.55.42:131][904]CompilerResultsLog:        (see ../Programs/UnrealBuildTool/Log.txt for full exception trace)
[2019.01.29-21.55.42:131][904]CompilerResultsLog: Total build time: 292.36 seconds (Parallel executor: 0.00 seconds)
[2019.01.29-21.55.42:131][904]LogMainFrame: MainFrame: Module compiling took 292.995 seconds
[2019.01.29-21.55.42:132][904]Warning: HotReload failed, recompile failed
[2019.01.29-21.56.40:711][369]LogSlate: Window 'SideProject - Unreal Editor' being destroyed
[2019.01.29-21.56.41:415][370]Cmd: QUIT_EDITOR
[2019.01.29-21.56.42:182][370]LogExit: Preparing to exit.
[2019.01.29-21.56.43:764][370]LogExit: Editor shut down
[2019.01.29-21.56.43:765][370]LogExit: Transaction tracking system shut down
[2019.01.29-21.56.46:315][370]LogExit: Object subsystem successfully closed.
[2019.01.29-21.56.46:565][370]LogShaderCompilers: Display: Shaders left to compile 0
[2019.01.29-21.56.46:581][370]LogD3D11RHI: Shutdown
[2019.01.29-21.56.46:581][370]LogD3D11RHI: CleanupD3DDevice
[2019.01.29-21.56.46:673][370]LogD3D11RHI: ~FD3D11DynamicRHI
[2019.01.29-21.56.48:686][370]LogModuleManager: Shutting down and abandoning module HierarchicalLODOutliner (626)
[2019.01.29-21.56.48:686][370]LogModuleManager: Shutting down and abandoning module SceneOutliner (624)
[2019.01.29-21.56.48:694][370]LogModuleManager: Shutting down and abandoning module AddContentDialog (622)
[2019.01.29-21.56.48:707][370]LogModuleManager: Shutting down and abandoning module WidgetCarousel (621)
[2019.01.29-21.56.48:707][370]LogModuleManager: Shutting down and abandoning module EditorWidgets (618)
[2019.01.29-21.56.48:707][370]LogModuleManager: Shutting down and abandoning module CollectionManager (616)
[2019.01.29-21.56.48:721][370]LogModuleManager: Shutting down and abandoning module HierarchicalLODUtilities (614)
[2019.01.29-21.56.48:733][370]LogModuleManager: Shutting down and abandoning module StatsViewer (612)
[2019.01.29-21.56.48:747][370]LogModuleManager: Shutting down and abandoning module FoliageEdit (610)
[2019.01.29-21.56.48:763][370]LogModuleManager: Shutting down and abandoning module LandscapeEditor (608)
[2019.01.29-21.56.48:802][370]LogModuleManager: Shutting down and abandoning module MeshPaintMode (606)
[2019.01.29-21.56.48:809][370]LogModuleManager: Shutting down and abandoning module SceneDepthPickerMode (604)
[2019.01.29-21.56.48:809][370]LogModuleManager: Shutting down and abandoning module ActorPickerMode (602)
[2019.01.29-21.56.48:809][370]LogModuleManager: Shutting down and abandoning module GeometryMode (600)
[2019.01.29-21.56.48:809][370]LogModuleManager: Shutting down and abandoning module TextureAlignMode (598)
[2019.01.29-21.56.48:809][370]LogModuleManager: Shutting down and abandoning module BspMode (596)
[2019.01.29-21.56.48:809][370]LogModuleManager: Shutting down and abandoning module PIEPreviewDeviceProfileSelector (594)
[2019.01.29-21.56.48:824][370]LogModuleManager: Shutting down and abandoning module SequenceRecorderSections (592)
[2019.01.29-21.56.48:833][370]LogModuleManager: Shutting down and abandoning module AutomationWorker (590)
[2019.01.29-21.56.48:833][370]LogModuleManager: Shutting down and abandoning module AudioCaptureEditor (588)
[2019.01.29-21.56.48:833][370]LogModuleManager: Shutting down and abandoning module MatineeToLevelSequence (586)
[2019.01.29-21.56.48:841][370]LogModuleManager: Shutting down and abandoning module LevelSequenceEditor (584)
[2019.01.29-21.56.48:879][370]LogModuleManager: Shutting down and abandoning module PlacementMode (583)
[2019.01.29-21.56.48:879][370]LogModuleManager: Shutting down and abandoning module MaterialEditor (582)
[2019.01.29-21.56.48:905][370]LogModuleManager: Shutting down and abandoning module WmfMediaFactory (578)
[2019.01.29-21.56.48:905][370]LogModuleManager: Shutting down and abandoning module WmfMediaEditor (576)
[2019.01.29-21.56.48:905][370]LogModuleManager: Shutting down and abandoning module WebMMediaFactory (574)
[2019.01.29-21.56.48:905][370]LogModuleManager: Shutting down and abandoning module WebMMediaEditor (572)
[2019.01.29-21.56.48:905][370]LogModuleManager: Shutting down and abandoning module WebMMedia (570)
[2019.01.29-21.56.48:921][370]LogModuleManager: Shutting down and abandoning module MediaPlayerEditor (568)
[2019.01.29-21.56.48:945][370]LogModuleManager: Shutting down and abandoning module MediaCompositingEditor (566)
[2019.01.29-21.56.48:974][370]LogModuleManager: Shutting down and abandoning module SequenceRecorder (565)
[2019.01.29-21.56.48:975][370]LogModuleManager: Shutting down and abandoning module OpenExrWrapper (562)
[2019.01.29-21.56.48:975][370]LogModuleManager: Shutting down and abandoning module ImgMediaFactory (560)
[2019.01.29-21.56.48:975][370]LogModuleManager: Shutting down and abandoning module ImgMediaEditor (558)
[2019.01.29-21.56.48:975][370]LogModuleManager: Shutting down and abandoning module AvfMediaFactory (556)
[2019.01.29-21.56.48:975][370]LogModuleManager: Shutting down and abandoning module AvfMediaEditor (554)
[2019.01.29-21.56.48:975][370]LogModuleManager: Shutting down and abandoning module AndroidMediaFactory (552)
[2019.01.29-21.56.48:975][370]LogModuleManager: Shutting down and abandoning module AndroidMediaEditor (550)
[2019.01.29-21.56.48:975][370]LogModuleManager: Shutting down and abandoning module MagicLeapCameraPreviewFactory (548)
[2019.01.29-21.56.48:975][370]LogModuleManager: Shutting down and abandoning module MagicLeapMediaFactory (546)
[2019.01.29-21.56.48:975][370]LogModuleManager: Shutting down and abandoning module MagicLeapMediaEditor (544)
[2019.01.29-21.56.48:975][370]LogModuleManager: Shutting down and abandoning module CharacterAI (542)
[2019.01.29-21.56.48:975][370]LogModuleManager: Shutting down and abandoning module SmartSnapping (540)
[2019.01.29-21.56.48:975][370]LogModuleManager: Shutting down and abandoning module SessionServices (538)
[2019.01.29-21.56.48:975][370]LogModuleManager: Shutting down and abandoning module ViewportSnapping (536)
[2019.01.29-21.56.48:975][370]LogModuleManager: Shutting down and abandoning module ViewportInteraction (534)
[2019.01.29-21.56.48:975][370]LogModuleManager: Shutting down and abandoning module ClothPainter (532)
[2019.01.29-21.56.49:000][370]LogModuleManager: Shutting down and abandoning module SkeletalMeshEditor (531)
[2019.01.29-21.56.49:016][370]LogModuleManager: Shutting down and abandoning module LogVisualizer (528)
[2019.01.29-21.56.49:032][370]LogModuleManager: Shutting down and abandoning module IntroTutorials (526)
[2019.01.29-21.56.49:071][370]LogModuleManager: Shutting down and abandoning module GameProjectGeneration (525)
[2019.01.29-21.56.49:080][370]LogModuleManager: Shutting down and abandoning module LuminPlatformEditor (522)
[2019.01.29-21.56.49:080][370]LogModuleManager: Shutting down and abandoning module IOSPlatformEditor (520)
[2019.01.29-21.56.49:080][370]LogModuleManager: Shutting down and abandoning module HTML5PlatformEditor (518)
[2019.01.29-21.56.49:080][370]LogModuleManager: Shutting down and abandoning module AndroidPlatformEditor (516)
[2019.01.29-21.56.49:080][370]LogModuleManager: Shutting down and abandoning module AndroidDeviceDetection (515)
[2019.01.29-21.56.50:154][370]LogModuleManager: Shutting down and abandoning module WindowsPlatformEditor (512)
[2019.01.29-21.56.50:154][370]LogModuleManager: Shutting down and abandoning module LuminRuntimeSettings (510)
[2019.01.29-21.56.50:154][370]LogModuleManager: Shutting down and abandoning module IOSRuntimeSettings (508)
[2019.01.29-21.56.50:154][370]LogModuleManager: Shutting down and abandoning module AndroidRuntimeSettings (506)
[2019.01.29-21.56.50:154][370]LogModuleManager: Shutting down and abandoning module TimeManagementEditor (504)
[2019.01.29-21.56.50:154][370]LogModuleManager: Shutting down and abandoning module InputBindingEditor (502)
[2019.01.29-21.56.50:165][370]LogModuleManager: Shutting down and abandoning module MergeActors (500)
[2019.01.29-21.56.50:180][370]LogModuleManager: Shutting down and abandoning module LocalizationDashboard (498)
[2019.01.29-21.56.50:192][370]LogModuleManager: Shutting down and abandoning module LocalizationService (497)
[2019.01.29-21.56.50:207][370]LogModuleManager: Shutting down and abandoning module HardwareTargeting (494)
[2019.01.29-21.56.50:207][370]LogModuleManager: Shutting down and abandoning module DeviceProfileEditor (492)
[2019.01.29-21.56.50:215][370]LogModuleManager: Shutting down and abandoning module UndoHistory (490)
[2019.01.29-21.56.50:222][370]LogModuleManager: Shutting down and abandoning module XmlParser (488)
[2019.01.29-21.56.50:222][370]LogModuleManager: Shutting down and abandoning module Blutility (486)
[2019.01.29-21.56.50:229][370]LogModuleManager: Shutting down and abandoning module ProjectSettingsViewer (484)
[2019.01.29-21.56.50:229][370]LogModuleManager: Shutting down and abandoning module ProjectTargetPlatformEditor (483)
[2019.01.29-21.56.50:229][370]LogModuleManager: Shutting down and abandoning module EditorSettingsViewer (480)
[2019.01.29-21.56.50:229][370]LogModuleManager: Shutting down and abandoning module SettingsEditor (478)
[2019.01.29-21.56.50:252][370]LogModuleManager: Shutting down and abandoning module ProjectLauncher (476)
[2019.01.29-21.56.50:264][370]LogModuleManager: Shutting down and abandoning module SessionFrontend (474)
[2019.01.29-21.56.50:275][370]LogModuleManager: Shutting down and abandoning module ProfilerClient (472)
[2019.01.29-21.56.50:290][370]LogModuleManager: Shutting down and abandoning module DeviceManager (470)
[2019.01.29-21.56.50:305][370]LogModuleManager: Shutting down and abandoning module TargetDeviceServices (469)
[2019.01.29-21.56.50:382][370]LogModuleManager: Shutting down and abandoning module AutomationController (466)
[2019.01.29-21.56.50:394][370]LogModuleManager: Shutting down and abandoning module AutomationWindow (464)
[2019.01.29-21.56.50:406][370]LogModuleManager: Shutting down and abandoning module Layers (462)
[2019.01.29-21.56.50:422][370]LogModuleManager: Shutting down and abandoning module ComponentVisualizers (460)
[2019.01.29-21.56.50:422][370]LogModuleManager: Shutting down and abandoning module DetailCustomizations (458)
[2019.01.29-21.56.50:440][370]LogModuleManager: Shutting down and abandoning module PackagesDialog (456)
[2019.01.29-21.56.50:458][370]LogModuleManager: Shutting down and abandoning module Persona (454)
[2019.01.29-21.56.50:499][370]LogModuleManager: Shutting down and abandoning module AdvancedPreviewScene (453)
[2019.01.29-21.56.50:500][370]LogModuleManager: Shutting down and abandoning module AnimGraph (451)
[2019.01.29-21.56.50:510][370]LogModuleManager: Shutting down and abandoning module Kismet (448)
[2019.01.29-21.56.50:540][370]LogModuleManager: Shutting down and abandoning module GraphEditor (446)
[2019.01.29-21.56.50:573][370]LogModuleManager: Shutting down and abandoning module ClassViewer (444)
[2019.01.29-21.56.50:573][370]LogModuleManager: Shutting down and abandoning module Toolbox (442)
[2019.01.29-21.56.50:573][370]LogModuleManager: Shutting down and abandoning module DesktopPlatform (441)
[2019.01.29-21.56.50:588][370]LogModuleManager: Shutting down and abandoning module ModuleUI (438)
[2019.01.29-21.56.50:595][370]LogModuleManager: Shutting down and abandoning module MovieSceneTools (436)
[2019.01.29-21.56.50:595][370]LogModuleManager: Shutting down and abandoning module OutputLog (434)
[2019.01.29-21.56.50:595][370]LogModuleManager: Shutting down and abandoning module GammaUI (432)
[2019.01.29-21.56.50:605][370]LogModuleManager: Shutting down and abandoning module Documentation (430)
[2019.01.29-21.56.50:605][370]LogModuleManager: Shutting down and abandoning module MovieSceneTracks (428)
[2019.01.29-21.56.50:605][370]LogModuleManager: Shutting down and abandoning module MovieScene (426)
[2019.01.29-21.56.50:615][370]LogModuleManager: Shutting down and abandoning module StreamingPauseRendering (424)
[2019.01.29-21.56.50:628][370]LogModuleManager: Shutting down and abandoning module LauncherPlatform (422)
[2019.01.29-21.56.50:628][370]LogModuleManager: Shutting down and abandoning module AnalyticsET (420)
[2019.01.29-21.56.50:628][370]LogModuleManager: Shutting down and abandoning module PortalServices (418)
[2019.01.29-21.56.50:628][370]LogModuleManager: Shutting down and abandoning module PortalRpc (416)
[2019.01.29-21.56.50:628][370]LogModuleManager: Shutting down and abandoning module MessagingRpc (414)
[2019.01.29-21.56.50:628][370]LogModuleManager: Shutting down and abandoning module AIModule (412)
[2019.01.29-21.56.50:660][370]LogModuleManager: Shutting down and abandoning module GameplayDebugger (411)
[2019.01.29-21.56.50:667][370]LogModuleManager: Shutting down and abandoning module AITestSuite (409)
[2019.01.29-21.56.50:675][370]LogModuleManager: Shutting down and abandoning module NavigationSystem (407)
[2019.01.29-21.56.50:675][370]LogModuleManager: Shutting down and abandoning module ImageWriteQueue (404)
[2019.01.29-21.56.50:678][370]LogModuleManager: Shutting down and abandoning module ProfilerService (402)
[2019.01.29-21.56.50:794][370]LogModuleManager: Shutting down and abandoning module TaskGraph (400)
[2019.01.29-21.56.50:807][370]LogModuleManager: Shutting down and abandoning module SteamVRController (398)
[2019.01.29-21.56.50:807][370]LogModuleManager: Shutting down and abandoning module ProceduralMeshComponentEditor (396)
[2019.01.29-21.56.50:807][370]LogModuleManager: Shutting down and abandoning module ProceduralMeshComponent (394)
[2019.01.29-21.56.50:813][370]LogModuleManager: Shutting down and abandoning module OculusInput (392)
[2019.01.29-21.56.50:814][370]LogModuleManager: Shutting down and abandoning module MobilePatchingUtils (390)
[2019.01.29-21.56.50:814][370]LogModuleManager: Shutting down and abandoning module EditableMesh (388)
[2019.01.29-21.56.50:822][370]LogModuleManager: Shutting down and abandoning module CustomMeshComponent (386)
[2019.01.29-21.56.50:822][370]LogModuleManager: Shutting down and abandoning module CableComponent (384)
[2019.01.29-21.56.50:837][370]LogModuleManager: Shutting down and abandoning module AudioCapture (382)
[2019.01.29-21.56.50:837][370]LogModuleManager: Shutting down and abandoning module ArchVisCharacter (380)
[2019.01.29-21.56.50:837][370]LogModuleManager: Shutting down and abandoning module AndroidPermission (378)
[2019.01.29-21.56.50:837][370]LogModuleManager: Shutting down and abandoning module NUTUnrealEngine4 (376)
[2019.01.29-21.56.50:844][370]LogModuleManager: Shutting down and abandoning module NetcodeUnitTest (374)
[2019.01.29-21.56.50:852][370]LogModuleManager: Shutting down and abandoning module MediaCompositing (372)
[2019.01.29-21.56.50:852][370]LogModuleManager: Shutting down and abandoning module LinearTimecode (370)
[2019.01.29-21.56.50:852][370]LogModuleManager: Shutting down and abandoning module ImgMedia (368)
[2019.01.29-21.56.50:856][370]LogModuleManager: Shutting down and abandoning module HTML5Networking (366)
[2019.01.29-21.56.50:856][370]LogModuleManager: Shutting down and abandoning module GeometryCacheTracks (364)
[2019.01.29-21.56.50:857][370]LogModuleManager: Shutting down and abandoning module GeometryCacheSequencer (362)
[2019.01.29-21.56.50:857][370]LogModuleManager: Shutting down and abandoning module BackChannel (360)
[2019.01.29-21.56.50:867][370]LogModuleManager: Shutting down and abandoning module AppleVision (358)
[2019.01.29-21.56.50:867][370]LogModuleManager: Shutting down and abandoning module AppleImageUtilsBlueprintSupport (356)
[2019.01.29-21.56.50:867][370]LogModuleManager: Shutting down and abandoning module AppleImageUtils (354)
[2019.01.29-21.56.50:867][370]LogModuleManager: Shutting down and abandoning module AlembicImporter (352)
[2019.01.29-21.56.50:867][370]LogModuleManager: Shutting down and abandoning module AlembicLibrary (351)
[2019.01.29-21.56.50:867][370]LogModuleManager: Shutting down and abandoning module GeometryCache (350)
[2019.01.29-21.56.50:867][370]LogModuleManager: Shutting down and abandoning module GeometryCacheEd (349)
[2019.01.29-21.56.50:867][370]LogModuleManager: Shutting down and abandoning module VariantManagerContent (344)
[2019.01.29-21.56.50:867][370]LogModuleManager: Shutting down and abandoning module DatasmithContentEditor (342)
[2019.01.29-21.56.50:881][370]LogModuleManager: Shutting down and abandoning module SpeedTreeImporter (340)
[2019.01.29-21.56.50:881][370]LogModuleManager: Shutting down and abandoning module PluginBrowser (338)
[2019.01.29-21.56.50:912][370]LogModuleManager: Shutting down and abandoning module MobileLauncherProfileWizard (336)
[2019.01.29-21.56.50:926][370]LogModuleManager: Shutting down and abandoning module PolygonModeling (334)
[2019.01.29-21.56.50:926][370]LogModuleManager: Shutting down and abandoning module MeshEditor (332)
[2019.01.29-21.56.50:944][370]LogModuleManager: Shutting down and abandoning module CryptoKeysOpenSSL (330)
[2019.01.29-21.56.50:956][370]LogModuleManager: Shutting down and abandoning module CryptoKeys (328)
[2019.01.29-21.56.50:956][370]LogModuleManager: Shutting down and abandoning module VisualStudioSourceCodeAccess (326)
[2019.01.29-21.56.50:956][370]LogModuleManager: Shutting down and abandoning module VisualStudioCodeSourceCodeAccess (324)
[2019.01.29-21.56.50:956][370]LogModuleManager: Shutting down and abandoning module UObjectPlugin (322)
[2019.01.29-21.56.50:956][370]LogModuleManager: Shutting down and abandoning module SubversionSourceControl (320)
[2019.01.29-21.56.50:967][370]LogModuleManager: Shutting down and abandoning module PerforceSourceControl (318)
[2019.01.29-21.56.50:981][370]LogModuleManager: Shutting down and abandoning module GitSourceControl (316)
[2019.01.29-21.56.50:992][370]LogModuleManager: Shutting down and abandoning module SourceControl (315)
[2019.01.29-21.56.51:004][370]LogModuleManager: Shutting down and abandoning module CLionSourceCodeAccess (312)
[2019.01.29-21.56.51:012][370]LogModuleManager: Shutting down and abandoning module ActorLayerUtilitiesEditor (310)
[2019.01.29-21.56.51:012][370]LogModuleManager: Shutting down and abandoning module ActorLayerUtilities (308)
[2019.01.29-21.56.51:012][370]LogModuleManager: Shutting down and abandoning module LightPropagationVolumeEditor (306)
[2019.01.29-21.56.51:012][370]LogModuleManager: Shutting down and abandoning module PaperTiledImporter (304)
[2019.01.29-21.56.51:012][370]LogModuleManager: Shutting down and abandoning module PaperSpriteSheetImporter (302)
[2019.01.29-21.56.51:028][370]LogModuleManager: Shutting down and abandoning module Paper2DEditor (300)
[2019.01.29-21.56.51:059][370]LogModuleManager: Shutting down and abandoning module MeshPaint (299)
[2019.01.29-21.56.51:069][370]LogModuleManager: Shutting down and abandoning module SideProject (296)
[2019.01.29-21.56.51:069][370]LogModuleManager: Shutting down and abandoning module RuntimePhysXCooking (294)
[2019.01.29-21.56.51:069][370]LogModuleManager: Shutting down and abandoning module PhysXVehiclesEditor (292)
[2019.01.29-21.56.51:069][370]LogModuleManager: Shutting down and abandoning module PhysXVehicles (290)
[2019.01.29-21.56.51:069][370]LogModuleManager: Shutting down and abandoning module OculusEditor (288)
[2019.01.29-21.56.51:080][370]LogModuleManager: Shutting down and abandoning module LocationServicesBPLibrary (286)
[2019.01.29-21.56.51:080][370]LogModuleManager: Shutting down and abandoning module ActorSequence (284)
[2019.01.29-21.56.51:080][370]LogModuleManager: Shutting down and abandoning module UdpMessaging (282)
[2019.01.29-21.56.51:181][370]LogModuleManager: Shutting down and abandoning module TcpMessaging (280)
[2019.01.29-21.56.51:327][370]LogModuleManager: Shutting down and abandoning module MagicLeapAudio (278)
[2019.01.29-21.56.51:327][370]LogModuleManager: Shutting down and abandoning module GameplayTagsEditor (276)
[2019.01.29-21.56.51:334][370]LogModuleManager: Shutting down and abandoning module FacialAnimationEditor (274)
[2019.01.29-21.56.51:334][370]LogModuleManager: Shutting down and abandoning module FacialAnimation (272)
[2019.01.29-21.56.51:334][370]LogModuleManager: Shutting down and abandoning module DataValidation (270)
[2019.01.29-21.56.51:334][370]LogModuleManager: Shutting down and abandoning module AssetManagerEditor (268)
[2019.01.29-21.56.51:345][370]LogModuleManager: Shutting down and abandoning module LevelEditor (267)
[2019.01.29-21.56.51:355][370]LogModuleManager: Shutting down and abandoning module PixelInspectorModule (266)
[2019.01.29-21.56.51:374][370]LogModuleManager: Shutting down and abandoning module CommonMenuExtensions (264)
[2019.01.29-21.56.51:374][370]LogModuleManager: Shutting down and abandoning module MainFrame (262)
[2019.01.29-21.56.51:374][370]LogModuleManager: Shutting down and abandoning module HotReload (261)
[2019.01.29-21.56.51:384][370]LogModuleManager: Shutting down and abandoning module ContentBrowser (257)
[2019.01.29-21.56.51:397][370]LogModuleManager: Shutting down and abandoning module TreeMap (255)
[2019.01.29-21.56.51:414][370]LogModuleManager: Shutting down and abandoning module LightPropagationVolumeRuntime (252)
[2019.01.29-21.56.51:414][370]LogModuleManager: Shutting down and abandoning module AISupportModule (250)
[2019.01.29-21.56.51:414][370]LogModuleManager: Shutting down and abandoning module Paper2D (248)
[2019.01.29-21.56.51:432][370]LogModuleManager: Shutting down and abandoning module WindowsMoviePlayer (246)
[2019.01.29-21.56.51:441][370]LogModuleManager: Shutting down and abandoning module WebMMoviePlayer (244)
[2019.01.29-21.56.51:441][370]LogModuleManager: Shutting down and abandoning module WmfMedia (242)
[2019.01.29-21.56.51:454][370]LogModuleManager: Shutting down and abandoning module Media (241)
[2019.01.29-21.56.51:460][370]LogModuleManager: Shutting down and abandoning module PacketHandler (238)
[2019.01.29-21.56.51:460][370]LogModuleManager: Shutting down and abandoning module ClothingSystemEditor (236)
[2019.01.29-21.56.51:460][370]LogModuleManager: Shutting down and abandoning module ClothingSystemRuntime (234)
[2019.01.29-21.56.51:473][370]LogModuleManager: Shutting down and abandoning module MediaAssets (232)
[2019.01.29-21.56.51:473][370]LogModuleManager: Shutting down and abandoning module Overlay (230)
[2019.01.29-21.56.51:473][370]LogModuleManager: Shutting down and abandoning module OverlayEditor (229)
[2019.01.29-21.56.51:473][370]LogModuleManager: Shutting down and abandoning module VREditor (226)
[2019.01.29-21.56.51:486][370]LogModuleManager: Shutting down and abandoning module StringTableEditor (224)
[2019.01.29-21.56.51:498][370]LogModuleManager: Shutting down and abandoning module GameplayTasksEditor (222)
[2019.01.29-21.56.51:498][370]LogModuleManager: Shutting down and abandoning module BehaviorTreeEditor (220)
[2019.01.29-21.56.51:525][370]LogModuleManager: Shutting down and abandoning module FunctionalTesting (218)
[2019.01.29-21.56.51:530][370]LogModuleManager: Shutting down and abandoning module CollisionAnalyzer (216)
[2019.01.29-21.56.51:541][370]LogModuleManager: Shutting down and abandoning module WorkspaceMenuStructure (215)
[2019.01.29-21.56.51:541][370]LogModuleManager: Shutting down and abandoning module UMG (212)
[2019.01.29-21.56.51:550][370]LogModuleManager: Shutting down and abandoning module UMGEditor (211)
[2019.01.29-21.56.51:580][370]LogModuleManager: Shutting down and abandoning module Sequencer (210)
[2019.01.29-21.56.51:624][370]LogModuleManager: Shutting down and abandoning module MessageLog (207)
[2019.01.29-21.56.51:635][370]LogModuleManager: Shutting down and abandoning module SlateReflector (202)
[2019.01.29-21.56.51:671][370]LogModuleManager: Shutting down and abandoning module Slate (200)
[2019.01.29-21.56.51:671][370]LogModuleManager: Shutting down and abandoning module EditorStyle (198)
[2019.01.29-21.56.51:673][370]LogModuleManager: Shutting down and abandoning module MRMesh (196)
[2019.01.29-21.56.51:680][370]LogModuleManager: Shutting down and abandoning module SourceCodeAccess (194)
[2019.01.29-21.56.51:680][370]LogModuleManager: Shutting down and abandoning module HeadMountedDisplay (192)
[2019.01.29-21.56.51:680][370]LogModuleManager: Shutting down and abandoning module XAudio2 (190)
[2019.01.29-21.56.51:680][370]LogModuleManager: Shutting down and abandoning module Networking (188)
[2019.01.29-21.56.51:680][370]LogModuleManager: Shutting down and abandoning module Core (186)
[2019.01.29-21.56.51:680][370]LogModuleManager: Shutting down and abandoning module LevelSequence (184)
[2019.01.29-21.56.51:680][370]LogModuleManager: Shutting down and abandoning module KismetCompiler (182)
[2019.01.29-21.56.51:680][370]LogModuleManager: Shutting down and abandoning module MeshUtilities (180)
[2019.01.29-21.56.51:698][370]LogModuleManager: Shutting down and abandoning module MeshMergeUtilities (179)
[2019.01.29-21.56.51:707][370]LogModuleManager: Shutting down and abandoning module MeshReductionInterface (178)
[2019.01.29-21.56.51:707][370]LogModuleManager: Shutting down and abandoning module SimplygonSwarm (177)
[2019.01.29-21.56.51:722][370]LogModuleManager: Shutting down and abandoning module ProxyLODMeshReduction (175)
[2019.01.29-21.56.51:736][370]LogModuleManager: Shutting down and abandoning module SimplygonMeshReduction (173)
[2019.01.29-21.56.51:736][370]LogModuleManager: Shutting down and abandoning module QuadricMeshReduction (171)
[2019.01.29-21.56.51:749][370]LogModuleManager: Shutting down and abandoning module MaterialBaking (167)
[2019.01.29-21.56.51:762][370]LogModuleManager: Shutting down and abandoning module DirectoryWatcher (163)
[2019.01.29-21.56.51:762][370]LogModuleManager: Shutting down and abandoning module DerivedDataCache (160)
[2019.01.29-21.56.51:795][370]LogDerivedDataCache: Shutdown
[2019.01.29-21.56.51:795][370]LogModuleManager: Shutting down and abandoning module XGEController (158)
[2019.01.29-21.56.51:809][370]LogModuleManager: Shutting down and abandoning module TargetPlatform (156)
[2019.01.29-21.56.51:809][370]LogModuleManager: Shutting down and abandoning module VulkanShaderFormat (155)
[2019.01.29-21.56.51:820][370]LogModuleManager: Shutting down and abandoning module ShaderFormatVectorVM (153)
[2019.01.29-21.56.51:824][370]LogModuleManager: Shutting down and abandoning module ShaderFormatOpenGL (151)
[2019.01.29-21.56.51:828][370]LogModuleManager: Shutting down and abandoning module ShaderFormatD3D (149)
[2019.01.29-21.56.51:828][370]LogModuleManager: Shutting down and abandoning module MetalShaderFormat (147)
[2019.01.29-21.56.51:847][370]LogModuleManager: Shutting down and abandoning module TextureFormatUncompressed (145)
[2019.01.29-21.56.51:847][370]LogModuleManager: Shutting down and abandoning module TextureFormatPVR (143)
[2019.01.29-21.56.51:847][370]LogModuleManager: Shutting down and abandoning module TextureFormatDXT (141)
[2019.01.29-21.56.51:862][370]LogModuleManager: Shutting down and abandoning module TextureFormatIntelISPCTexComp (139)
[2019.01.29-21.56.51:863][370]LogModuleManager: Shutting down and abandoning module TextureFormatASTC (137)
[2019.01.29-21.56.51:863][370]LogModuleManager: Shutting down and abandoning module ImageWrapper (136)
[2019.01.29-21.56.51:863][370]LogModuleManager: Shutting down and abandoning module TextureFormatAndroid (133)
[2019.01.29-21.56.51:863][370]LogModuleManager: Shutting down and abandoning module AudioFormatOpus (131)
[2019.01.29-21.56.51:863][370]LogModuleManager: Shutting down and abandoning module AudioFormatOgg (129)
[2019.01.29-21.56.51:863][370]LogModuleManager: Shutting down and abandoning module AudioFormatADPCM (127)
[2019.01.29-21.56.51:863][370]LogModuleManager: Shutting down and abandoning module LuminTargetPlatform (125)
[2019.01.29-21.56.51:874][370]LogModuleManager: Shutting down and abandoning module LinuxTargetPlatform (123)
[2019.01.29-21.56.51:874][370]LogModuleManager: Shutting down and abandoning module LinuxServerTargetPlatform (121)
[2019.01.29-21.56.51:874][370]LogModuleManager: Shutting down and abandoning module LinuxNoEditorTargetPlatform (119)
[2019.01.29-21.56.51:874][370]LogModuleManager: Shutting down and abandoning module LinuxClientTargetPlatform (117)
[2019.01.29-21.56.51:874][370]LogModuleManager: Shutting down and abandoning module TVOSTargetPlatform (115)
[2019.01.29-21.56.51:884][370]LogModuleManager: Shutting down and abandoning module Messaging (113)
[2019.01.29-21.56.51:884][370]LogModuleManager: Shutting down and abandoning module IOSTargetPlatform (111)
[2019.01.29-21.56.51:884][370]LogModuleManager: Shutting down and abandoning module HTML5TargetPlatform (109)
[2019.01.29-21.56.51:885][370]LogModuleManager: Shutting down and abandoning module AndroidTargetPlatform (107)
[2019.01.29-21.56.51:890][370]LogModuleManager: Shutting down and abandoning module WindowsTargetPlatform (105)
[2019.01.29-21.56.51:890][370]LogModuleManager: Shutting down and abandoning module WindowsServerTargetPlatform (103)
[2019.01.29-21.56.51:890][370]LogModuleManager: Shutting down and abandoning module WindowsNoEditorTargetPlatform (101)
[2019.01.29-21.56.51:890][370]LogModuleManager: Shutting down and abandoning module WindowsClientTargetPlatform (99)
[2019.01.29-21.56.51:890][370]LogModuleManager: Shutting down and abandoning module MacTargetPlatform (97)
[2019.01.29-21.56.51:890][370]LogModuleManager: Shutting down and abandoning module MacServerTargetPlatform (95)
[2019.01.29-21.56.51:890][370]LogModuleManager: Shutting down and abandoning module MacNoEditorTargetPlatform (93)
[2019.01.29-21.56.51:890][370]LogModuleManager: Shutting down and abandoning module MacClientTargetPlatform (91)
[2019.01.29-21.56.51:890][370]LogModuleManager: Shutting down and abandoning module AllDesktopTargetPlatform (89)
[2019.01.29-21.56.51:890][370]LogModuleManager: Shutting down and abandoning module InputCore (86)
[2019.01.29-21.56.51:890][370]LogModuleManager: Shutting down and abandoning module Settings (84)
[2019.01.29-21.56.51:890][370]LogModuleManager: Shutting down and abandoning module PhysXCooking (82)
[2019.01.29-21.56.51:890][370]LogModuleManager: Shutting down and abandoning module SteamVR (80)
[2019.01.29-21.56.51:898][370]LogHMD: Freeing OpenVRDLLHandle.
[2019.01.29-21.56.51:898][370]LogModuleManager: Shutting down and abandoning module OculusHMD (78)
[2019.01.29-21.56.51:905][370]LogModuleManager: Shutting down and abandoning module ExampleDeviceProfileSelector (76)
[2019.01.29-21.56.51:905][370]LogModuleManager: Shutting down and abandoning module LauncherChunkInstaller (74)
[2019.01.29-21.56.51:905][370]LogModuleManager: Shutting down and abandoning module OnlineBlueprintSupport (72)
[2019.01.29-21.56.51:905][370]LogModuleManager: Shutting down and abandoning module OnlineSubsystem (68)
[2019.01.29-21.56.51:933][370]LogModuleManager: Shutting down and abandoning module XMPP (63)
[2019.01.29-21.56.51:946][370]LogModuleManager: Shutting down and abandoning module WebSockets (62)
[2019.01.29-21.56.51:982][370]LogModuleManager: Shutting down and abandoning module HTTP (59)
[2019.01.29-21.56.51:982][370]LogHttp: Display: Http module shutting down, but needs to wait on 1 outstanding Http requests:
[2019.01.29-21.56.51:982][370]LogHttp: Display: 	verb=[POST] url=[https://datarouter.ol.epicgames.com/datarouter/api/v1/public/data?SessionID=%7B3705E4BC-4973-BF9D-31DB-F993AD35A35C%7D&AppID=UEEditor.Rocket.Release&AppVersion=4.21.2-4753647%2B%2B%2BUE4%2BRelease-4.21&UserID=46c6a3e24f7d125ed21c98a37ed60501%7C290f3d66e74c46de8d4d22961a688ef2%7C679021eb-96ce-455c-a95e-6c97a85ba2a6&AppEnvironment=datacollector-binary&UploadType=eteventstream] status=Processing
[2019.01.29-21.56.52:005][370]LogModuleManager: Shutting down and abandoning module SSL (58)
[2019.01.29-21.56.52:006][370]LogModuleManager: Shutting down and abandoning module MagicLeapIdentity (54)
[2019.01.29-21.56.52:006][370]LogModuleManager: Shutting down and abandoning module MagicLeapHelperVulkan (52)
[2019.01.29-21.56.52:006][370]LogModuleManager: Shutting down and abandoning module MagicLeapHelperOpenGL (50)
[2019.01.29-21.56.52:006][370]LogModuleManager: Shutting down and abandoning module MagicLeapSecureStorage (48)
[2019.01.29-21.56.52:006][370]LogModuleManager: Shutting down and abandoning module MagicLeapHandTracking (46)
[2019.01.29-21.56.52:006][370]LogModuleManager: Shutting down and abandoning module MagicLeapEyeTracker (44)
[2019.01.29-21.56.52:006][370]LogModuleManager: Shutting down and abandoning module MagicLeapController (42)
[2019.01.29-21.56.52:006][370]LogSlate: Slate User Destroyed.  User Index 0, Is Virtual User: 0
[2019.01.29-21.56.52:006][370]LogModuleManager: Shutting down and abandoning module MagicLeap (40)
[2019.01.29-21.56.52:006][370]LogModuleManager: Shutting down and abandoning module DatasmithContent (38)
[2019.01.29-21.56.52:007][370]LogModuleManager: Shutting down and abandoning module AnimationModifiers (36)
[2019.01.29-21.56.52:022][370]LogModuleManager: Shutting down and abandoning module PropertyEditor (35)
[2019.01.29-21.56.52:036][370]LogModuleManager: Shutting down and abandoning module AudioEditor (32)
[2019.01.29-21.56.52:085][370]LogModuleManager: Shutting down and abandoning module TextureCompressor (30)
[2019.01.29-21.56.52:095][370]LogModuleManager: Shutting down and abandoning module ShaderCore (28)
[2019.01.29-21.56.52:095][370]LogModuleManager: Shutting down and abandoning module Landscape (26)
[2019.01.29-21.56.52:095][370]LogModuleManager: Shutting down and abandoning module SlateRHIRenderer (24)
[2019.01.29-21.56.52:108][370]LogModuleManager: Shutting down and abandoning module OpenGLDrv (22)
[2019.01.29-21.56.52:127][370]LogModuleManager: Shutting down and abandoning module D3D11RHI (20)
[2019.01.29-21.56.52:127][370]LogModuleManager: Shutting down and abandoning module AnimGraphRuntime (18)
[2019.01.29-21.56.52:137][370]LogModuleManager: Shutting down and abandoning module Renderer (16)
[2019.01.29-21.56.52:137][370]LogModuleManager: Shutting down and abandoning module Engine (14)
[2019.01.29-21.56.52:137][370]LogModuleManager: Shutting down and abandoning module CoreUObject (12)
[2019.01.29-21.56.52:137][370]LogModuleManager: Shutting down and abandoning module NetworkFile (10)
[2019.01.29-21.56.52:150][370]LogModuleManager: Shutting down and abandoning module CookedIterativeFile (8)
[2019.01.29-21.56.52:150][370]LogModuleManager: Shutting down and abandoning module StreamingFile (6)
[2019.01.29-21.56.52:160][370]LogModuleManager: Shutting down and abandoning module SandboxFile (4)
[2019.01.29-21.56.52:160][370]LogModuleManager: Shutting down and abandoning module PakFile (2)
[2019.01.29-21.56.52:187][370]LogExit: Exiting.
[2019.01.29-21.56.52:198][370]Log file closed, 01/29/19 16:56:52
