Log file open, 01/29/19 16:15:15
LogWindows: Failed to load 'aqProf.dll' (GetLastError=126)
LogWindows: File 'aqProf.dll' does not exist
LogWindows: Failed to load 'VtuneApi.dll' (GetLastError=126)
LogWindows: File 'VtuneApi.dll' does not exist
LogWindows: Failed to load 'VtuneApi32e.dll' (GetLastError=126)
LogWindows: File 'VtuneApi32e.dll' does not exist
LogConsoleResponse: Display: Failed to find resolution value strings in scalability ini. Falling back to default.
LogInit: Display: Running engine for game: SideProject
LogPakFile: Registered encryption key '00000000000000000000000000000000': 0 pak files mounted, 0 remain pending
LogPlatformFile: Not using cached read wrapper
LogTaskGraph: Started task graph with 5 named threads and 23 total threads with 3 sets of task threads.
LogStats: Stats thread started at 12.001675
LogD3D11RHI: Loaded GFSDK_Aftermath_Lib.x64.dll
LogICUInternationalization: ICU TimeZone Detection - Raw Offset: -5:00, Platform Override: ''
LogPluginManager: Mounting plugin Paper2D
LogPluginManager: Mounting plugin AISupport
LogPluginManager: Mounting plugin LightPropagationVolume
LogPluginManager: Mounting plugin ActorLayerUtilities
LogPluginManager: Mounting plugin CLionSourceCodeAccess
LogPluginManager: Mounting plugin CodeLiteSourceCodeAccess
LogPluginManager: Mounting plugin GitSourceControl
LogPluginManager: Mounting plugin KDevelopSourceCodeAccess
LogPluginManager: Mounting plugin NullSourceCodeAccess
LogPluginManager: Mounting plugin PerforceSourceControl
LogPluginManager: Mounting plugin SubversionSourceControl
LogPluginManager: Mounting plugin UObjectPlugin
LogPluginManager: Mounting plugin VisualStudioCodeSourceCodeAccess
LogPluginManager: Mounting plugin VisualStudioSourceCodeAccess
LogPluginManager: Mounting plugin XCodeSourceCodeAccess
LogPluginManager: Mounting plugin AssetManagerEditor
LogPluginManager: Mounting plugin CryptoKeys
LogPluginManager: Mounting plugin DataValidation
LogPluginManager: Mounting plugin FacialAnimation
LogPluginManager: Mounting plugin GameplayTagsEditor
LogPluginManager: Mounting plugin MacGraphicsSwitching
LogPluginManager: Mounting plugin MeshEditor
LogPluginManager: Mounting plugin MobileLauncherProfileWizard
LogPluginManager: Mounting plugin PluginBrowser
LogPluginManager: Mounting plugin SpeedTreeImporter
LogPluginManager: Mounting plugin DatasmithContent
LogPluginManager: Mounting plugin VariantManagerContent
LogPluginManager: Mounting plugin AlembicImporter
LogPluginManager: Mounting plugin AppleImageUtils
LogPluginManager: Mounting plugin AppleVision
LogPluginManager: Mounting plugin BackChannel
LogPluginManager: Mounting plugin CharacterAI
LogPluginManager: Mounting plugin GeometryCache
LogPluginManager: Mounting plugin HTML5Networking
LogPluginManager: Mounting plugin ProxyLODPlugin
LogPluginManager: Mounting plugin MagicLeap
LogPluginManager: Mounting plugin MagicLeapMedia
LogPluginManager: Mounting plugin AndroidMedia
LogPluginManager: Mounting plugin AvfMedia
LogPluginManager: Mounting plugin ImgMedia
LogPluginManager: Mounting plugin LinearTimecode
LogPluginManager: Mounting plugin MediaCompositing
LogPluginManager: Mounting plugin MediaPlayerEditor
LogPluginManager: Mounting plugin WebMMedia
LogPluginManager: Mounting plugin WmfMedia
LogPluginManager: Mounting plugin TcpMessaging
LogPluginManager: Mounting plugin UdpMessaging
LogPluginManager: Mounting plugin ActorSequence
LogPluginManager: Mounting plugin LevelSequenceEditor
LogPluginManager: Mounting plugin MatineeToLevelSequence
LogPluginManager: Mounting plugin NetcodeUnitTest
LogPluginManager: Mounting plugin NUTUnrealEngine4
LogPluginManager: Mounting plugin OnlineSubsystemGooglePlay
LogPluginManager: Mounting plugin OnlineSubsystemIOS
LogPluginManager: Mounting plugin OnlineSubsystem
LogPluginManager: Mounting plugin OnlineSubsystemNull
LogPluginManager: Mounting plugin OnlineSubsystemUtils
LogPluginManager: Mounting plugin LauncherChunkInstaller
LogPluginManager: Mounting plugin AndroidDeviceProfileSelector
LogPluginManager: Mounting plugin AndroidMoviePlayer
LogPluginManager: Mounting plugin AndroidPermission
LogPluginManager: Mounting plugin AppleMoviePlayer
LogPluginManager: Mounting plugin ArchVisCharacter
LogPluginManager: Mounting plugin AudioCapture
LogPluginManager: Mounting plugin CableComponent
LogPluginManager: Mounting plugin CustomMeshComponent
LogPluginManager: Mounting plugin EditableMesh
LogPluginManager: Mounting plugin ExampleDeviceProfileSelector
LogPluginManager: Mounting plugin Firebase
LogPluginManager: Mounting plugin GoogleCloudMessaging
LogPluginManager: Mounting plugin IOSDeviceProfileSelector
LogPluginManager: Mounting plugin LinuxDeviceProfileSelector
LogPluginManager: Mounting plugin LocationServicesBPLibrary
LogPluginManager: Mounting plugin MobilePatchingUtils
LogPluginManager: Mounting plugin OculusVR
LogPluginManager: Mounting plugin PhysXVehicles
LogPluginManager: Mounting plugin ProceduralMeshComponent
LogPluginManager: Mounting plugin RuntimePhysXCooking
LogPluginManager: Mounting plugin SteamVR
LogPluginManager: Mounting plugin WebMMoviePlayer
LogPluginManager: Mounting plugin WindowsMoviePlayer
LogStreaming: Display: Took  0.599s to configure plugins.
LogInit: Using libcurl 7.55.1-DEV
LogInit:  - built for x86_64-pc-win32
LogInit:  - supports SSL with OpenSSL/1.0.2h
LogInit:  - supports HTTP deflate (compression) using libz 1.2.8
LogInit:  - other features:
LogInit:      CURL_VERSION_SSL
LogInit:      CURL_VERSION_LIBZ
LogInit:      CURL_VERSION_IPV6
LogInit:      CURL_VERSION_ASYNCHDNS
LogInit:      CURL_VERSION_LARGEFILE
LogInit:      CURL_VERSION_IDN
LogInit:  CurlRequestOptions (configurable via config and command line):
LogInit:  - bVerifyPeer = true  - Libcurl will verify peer certificate
LogInit:  - bUseHttpProxy = false  - Libcurl will NOT use HTTP proxy
LogInit:  - bDontReuseConnections = false  - Libcurl will reuse connections
LogInit:  - MaxHostConnections = 16  - Libcurl will limit the number of connections to a host
LogInit:  - LocalHostAddr = Default
LogInit:  - BufferSize = 65536
LogInit: WinSock: version 1.1 (2.2), MaxSocks=32767, MaxUdp=65467
LogInit: Build: ++UE4+Release-4.21-CL-4753647
LogInit: Engine Version: 4.21.2-4753647+++UE4+Release-4.21
LogInit: Compatible Engine Version: 4.21.0-4541578+++UE4+Release-4.21
LogInit: Net CL: 4541578
LogInit: OS: Windows 10 (), CPU: Intel(R) Core(TM) i7-6700HQ CPU @ 2.60GHz, GPU: Intel(R) HD Graphics 530
LogInit: Compiled (64-bit): Jan 19 2019 02:07:31
LogInit: Compiled with Visual C++: 19.13.26129.00
LogInit: Build Configuration: Development
LogInit: Branch Name: ++UE4+Release-4.21
LogInit: Command Line: 
LogInit: Base Directory: D:/Epic Games/UE_4.21/Engine/Binaries/Win64/
LogInit: Installed Engine Build: 1
LogDevObjectVersion: Number of dev versions registered: 22
LogDevObjectVersion:   Dev-Blueprints (B0D832E4-1F89-4F0D-ACCF-7EB736FD4AA2): 10
LogDevObjectVersion:   Dev-Build (E1C64328-A22C-4D53-A36C-8E866417BD8C): 0
LogDevObjectVersion:   Dev-Core (375EC13C-06E4-48FB-B500-84F0262A717E): 2
LogDevObjectVersion:   Dev-Editor (E4B068ED-F494-42E9-A231-DA0B2E46BB41): 26
LogDevObjectVersion:   Dev-Framework (CFFC743F-43B0-4480-9391-14DF171D2073): 34
LogDevObjectVersion:   Dev-Mobile (B02B49B5-BB20-44E9-A304-32B752E40360): 2
LogDevObjectVersion:   Dev-Networking (A4E4105C-59A1-49B5-A7C5-40C4547EDFEE): 0
LogDevObjectVersion:   Dev-Online (39C831C9-5AE6-47DC-9A44-9C173E1C8E7C): 0
LogDevObjectVersion:   Dev-Physics (78F01B33-EBEA-4F98-B9B4-84EACCB95AA2): 0
LogDevObjectVersion:   Dev-Platform (6631380F-2D4D-43E0-8009-CF276956A95A): 0
LogDevObjectVersion:   Dev-Rendering (12F88B9F-8875-4AFC-A67C-D90C383ABD29): 27
LogDevObjectVersion:   Dev-Sequencer (7B5AE74C-D270-4C10-A958-57980B212A5A): 9
LogDevObjectVersion:   Dev-VR (D7296918-1DD6-4BDD-9DE2-64A83CC13884): 2
LogDevObjectVersion:   Dev-LoadTimes (C2A15278-BFE7-4AFE-6C17-90FF531DF755): 1
LogDevObjectVersion:   Private-Geometry (6EACA3D4-40EC-4CC1-B786-8BED09428FC5): 3
LogDevObjectVersion:   Dev-AnimPhys (29E575DD-E0A3-4627-9D10-D276232CDCEA): 17
LogDevObjectVersion:   Dev-Anim (AF43A65D-7FD3-4947-9873-3E8ED9C1BB05): 2
LogDevObjectVersion:   Dev-ReflectionCapture (6B266CEC-1EC7-4B8F-A30B-E4D90942FC07): 1
LogDevObjectVersion:   Dev-Automation (0DF73D61-A23F-47EA-B727-89E90C41499A): 1
LogDevObjectVersion:   FortniteMain (601D1886-AC64-4F84-AA16-D3DE0DEAC7D6): 17
LogDevObjectVersion:   Dev-Enterprise (9DFFBCD6-494F-0158-E221-12823C92A888): 4
LogDevObjectVersion:   Dev-Niagara (F2AED0AC-9AFE-416F-8664-AA7FFA26D6FC): 1
LogStreaming: Display: Took  0.388s to delete old logs.
LogInit: Presizing for max 8388607 objects, including 0 objects not considered by GC, pre-allocating 0 bytes for permanent pool.
LogInit: Object subsystem initialized
LogConfig: Setting CVar [[con.DebugEarlyDefault:1]]
LogConfig: Setting CVar [[r.setres:1280x720]]
[2019.01.29-21.15.23:311][  0]LogConfig: Setting CVar [[r.VSync:0]]
[2019.01.29-21.15.23:311][  0]LogConfig: Setting CVar [[r.RHICmdBypass:0]]
[2019.01.29-21.15.23:311][  0]LogConfig: Applying CVar settings from Section [/Script/Engine.RendererSettings] File [D:/College Stuff/Unreal/SideProject/Saved/Config/Windows/Engine.ini]
[2019.01.29-21.15.23:311][  0]LogConfig: Setting CVar [[r.GPUCrashDebugging:0]]
[2019.01.29-21.15.23:311][  0]LogConfig: Applying CVar settings from Section [/Script/Engine.RendererOverrideSettings] File [D:/College Stuff/Unreal/SideProject/Saved/Config/Windows/Engine.ini]
[2019.01.29-21.15.23:311][  0]LogConfig: Applying CVar settings from Section [/Script/Engine.StreamingSettings] File [D:/College Stuff/Unreal/SideProject/Saved/Config/Windows/Engine.ini]
[2019.01.29-21.15.23:311][  0]LogConfig: Setting CVar [[s.MinBulkDataSizeForAsyncLoading:131072]]
[2019.01.29-21.15.23:311][  0]LogConfig: Setting CVar [[s.AsyncLoadingThreadEnabled:0]]
[2019.01.29-21.15.23:311][  0]LogConfig: Setting CVar [[s.EventDrivenLoaderEnabled:1]]
[2019.01.29-21.15.23:312][  0]LogConfig: Setting CVar [[s.WarnIfTimeLimitExceeded:0]]
[2019.01.29-21.15.23:312][  0]LogConfig: Setting CVar [[s.TimeLimitExceededMultiplier:1.5]]
[2019.01.29-21.15.23:312][  0]LogConfig: Setting CVar [[s.TimeLimitExceededMinTime:0.005]]
[2019.01.29-21.15.23:312][  0]LogConfig: Setting CVar [[s.UseBackgroundLevelStreaming:1]]
[2019.01.29-21.15.23:312][  0]LogConfig: Setting CVar [[s.PriorityAsyncLoadingExtraTime:15.0]]
[2019.01.29-21.15.23:312][  0]LogConfig: Setting CVar [[s.LevelStreamingActorsUpdateTimeLimit:5.0]]
[2019.01.29-21.15.23:312][  0]LogConfig: Setting CVar [[s.PriorityLevelStreamingActorsUpdateExtraTime:5.0]]
[2019.01.29-21.15.23:312][  0]LogConfig: Setting CVar [[s.LevelStreamingComponentsRegistrationGranularity:10]]
[2019.01.29-21.15.23:312][  0]LogConfig: Setting CVar [[s.UnregisterComponentsTimeLimit:1.0]]
[2019.01.29-21.15.23:312][  0]LogConfig: Setting CVar [[s.LevelStreamingComponentsUnregistrationGranularity:5]]
[2019.01.29-21.15.23:312][  0]LogConfig: Applying CVar settings from Section [/Script/Engine.GarbageCollectionSettings] File [D:/College Stuff/Unreal/SideProject/Saved/Config/Windows/Engine.ini]
[2019.01.29-21.15.23:312][  0]LogConfig: Setting CVar [[gc.MaxObjectsNotConsideredByGC:1]]
[2019.01.29-21.15.23:312][  0]LogConfig: Setting CVar [[gc.SizeOfPermanentObjectPool:0]]
[2019.01.29-21.15.23:312][  0]LogConfig: Setting CVar [[gc.FlushStreamingOnGC:0]]
[2019.01.29-21.15.23:312][  0]LogConfig: Setting CVar [[gc.NumRetriesBeforeForcingGC:10]]
[2019.01.29-21.15.23:312][  0]LogConfig: Setting CVar [[gc.AllowParallelGC:1]]
[2019.01.29-21.15.23:312][  0]LogConfig: Setting CVar [[gc.TimeBetweenPurgingPendingKillObjects:61.1]]
[2019.01.29-21.15.23:312][  0]LogConfig: Setting CVar [[gc.MaxObjectsInEditor:8388607]]
[2019.01.29-21.15.23:312][  0]LogConfig: Setting CVar [[gc.IncrementalBeginDestroyEnabled:1]]
[2019.01.29-21.15.23:312][  0]LogConfig: Setting CVar [[gc.CreateGCClusters:1]]
[2019.01.29-21.15.23:312][  0]LogConfig: Setting CVar [[gc.MergeGCClusters:0]]
[2019.01.29-21.15.23:312][  0]LogConfig: Setting CVar [[gc.MinGCClusterSize:5]]
[2019.01.29-21.15.23:312][  0]LogConfig: Setting CVar [[gc.ActorClusteringEnabled:0]]
[2019.01.29-21.15.23:312][  0]LogConfig: Setting CVar [[gc.BlueprintClusteringEnabled:0]]
[2019.01.29-21.15.23:312][  0]LogConfig: Setting CVar [[gc.UseDisregardForGCOnDedicatedServers:0]]
[2019.01.29-21.15.23:312][  0]LogConfig: Applying CVar settings from Section [/Script/Engine.NetworkSettings] File [D:/College Stuff/Unreal/SideProject/Saved/Config/Windows/Engine.ini]
[2019.01.29-21.15.23:312][  0]LogConfig: Applying CVar settings from Section [/Script/UnrealEd.CookerSettings] File [D:/College Stuff/Unreal/SideProject/Saved/Config/Windows/Engine.ini]
[2019.01.29-21.15.23:444][  0]LogConfig: Applying CVar settings from Section [ViewDistanceQuality@3] File [D:/College Stuff/Unreal/SideProject/Saved/Config/Windows/Scalability.ini]
[2019.01.29-21.15.23:444][  0]LogConfig: Setting CVar [[r.SkeletalMeshLODBias:0]]
[2019.01.29-21.15.23:444][  0]LogConfig: Setting CVar [[r.ViewDistanceScale:1.0]]
[2019.01.29-21.15.23:444][  0]LogConfig: Applying CVar settings from Section [AntiAliasingQuality@3] File [D:/College Stuff/Unreal/SideProject/Saved/Config/Windows/Scalability.ini]
[2019.01.29-21.15.23:444][  0]LogConfig: Setting CVar [[r.PostProcessAAQuality:4]]
[2019.01.29-21.15.23:444][  0]LogConfig: Applying CVar settings from Section [ShadowQuality@3] File [D:/College Stuff/Unreal/SideProject/Saved/Config/Windows/Scalability.ini]
[2019.01.29-21.15.23:444][  0]LogConfig: Setting CVar [[r.LightFunctionQuality:1]]
[2019.01.29-21.15.23:444][  0]LogConfig: Setting CVar [[r.ShadowQuality:5]]
[2019.01.29-21.15.23:444][  0]LogConfig: Setting CVar [[r.Shadow.CSM.MaxCascades:10]]
[2019.01.29-21.15.23:444][  0]LogConfig: Setting CVar [[r.Shadow.MaxResolution:2048]]
[2019.01.29-21.15.23:444][  0]LogConfig: Setting CVar [[r.Shadow.MaxCSMResolution:2048]]
[2019.01.29-21.15.23:444][  0]LogConfig: Setting CVar [[r.Shadow.RadiusThreshold:0.01]]
[2019.01.29-21.15.23:444][  0]LogConfig: Setting CVar [[r.Shadow.DistanceScale:1.0]]
[2019.01.29-21.15.23:444][  0]LogConfig: Setting CVar [[r.Shadow.CSM.TransitionScale:1.0]]
[2019.01.29-21.15.23:444][  0]LogConfig: Setting CVar [[r.Shadow.PreShadowResolutionFactor:1.0]]
[2019.01.29-21.15.23:444][  0]LogConfig: Setting CVar [[r.DistanceFieldShadowing:1]]
[2019.01.29-21.15.23:444][  0]LogConfig: Setting CVar [[r.DistanceFieldAO:1]]
[2019.01.29-21.15.23:444][  0]LogConfig: Setting CVar [[r.AOQuality:2]]
[2019.01.29-21.15.23:444][  0]LogConfig: Setting CVar [[r.VolumetricFog:1]]
[2019.01.29-21.15.23:444][  0]LogConfig: Setting CVar [[r.VolumetricFog.GridPixelSize:8]]
[2019.01.29-21.15.23:444][  0]LogConfig: Setting CVar [[r.VolumetricFog.GridSizeZ:128]]
[2019.01.29-21.15.23:445][  0]LogConfig: Setting CVar [[r.VolumetricFog.HistoryMissSupersampleCount:4]]
[2019.01.29-21.15.23:445][  0]LogConfig: Setting CVar [[r.LightMaxDrawDistanceScale:1]]
[2019.01.29-21.15.23:445][  0]LogConfig: Setting CVar [[r.CapsuleShadows:1]]
[2019.01.29-21.15.23:445][  0]LogConfig: Applying CVar settings from Section [PostProcessQuality@3] File [D:/College Stuff/Unreal/SideProject/Saved/Config/Windows/Scalability.ini]
[2019.01.29-21.15.23:445][  0]LogConfig: Setting CVar [[r.MotionBlurQuality:4]]
[2019.01.29-21.15.23:445][  0]LogConfig: Setting CVar [[r.AmbientOcclusionMipLevelFactor:0.4]]
[2019.01.29-21.15.23:445][  0]LogConfig: Setting CVar [[r.AmbientOcclusionMaxQuality:100]]
[2019.01.29-21.15.23:445][  0]LogConfig: Setting CVar [[r.AmbientOcclusionLevels:-1]]
[2019.01.29-21.15.23:445][  0]LogConfig: Setting CVar [[r.AmbientOcclusionRadiusScale:1.0]]
[2019.01.29-21.15.23:445][  0]LogConfig: Setting CVar [[r.DepthOfFieldQuality:2]]
[2019.01.29-21.15.23:445][  0]LogConfig: Setting CVar [[r.RenderTargetPoolMin:400]]
[2019.01.29-21.15.23:445][  0]LogConfig: Setting CVar [[r.LensFlareQuality:2]]
[2019.01.29-21.15.23:445][  0]LogConfig: Setting CVar [[r.SceneColorFringeQuality:1]]
[2019.01.29-21.15.23:445][  0]LogConfig: Setting CVar [[r.EyeAdaptationQuality:2]]
[2019.01.29-21.15.23:445][  0]LogConfig: Setting CVar [[r.BloomQuality:5]]
[2019.01.29-21.15.23:445][  0]LogConfig: Setting CVar [[r.FastBlurThreshold:100]]
[2019.01.29-21.15.23:445][  0]LogConfig: Setting CVar [[r.Upscale.Quality:3]]
[2019.01.29-21.15.23:445][  0]LogConfig: Setting CVar [[r.Tonemapper.GrainQuantization:1]]
[2019.01.29-21.15.23:445][  0]LogConfig: Setting CVar [[r.LightShaftQuality:1]]
[2019.01.29-21.15.23:445][  0]LogConfig: Setting CVar [[r.Filter.SizeScale:1]]
[2019.01.29-21.15.23:445][  0]LogConfig: Setting CVar [[r.Tonemapper.Quality:5]]
[2019.01.29-21.15.23:445][  0]LogConfig: Setting CVar [[r.DOF.Gather.AccumulatorQuality:1        ; higher gathering accumulator quality]]
[2019.01.29-21.15.23:445][  0]LogConfig: Setting CVar [[r.DOF.Gather.PostfilterMethod:1          ; Median3x3 postfilering method]]
[2019.01.29-21.15.23:445][  0]LogConfig: Setting CVar [[r.DOF.Gather.EnableBokehSettings:0       ; no bokeh simulation when gathering]]
[2019.01.29-21.15.23:445][  0]LogConfig: Setting CVar [[r.DOF.Gather.RingCount:4                 ; medium number of samples when gathering]]
[2019.01.29-21.15.23:445][  0]LogConfig: Setting CVar [[r.DOF.Scatter.ForegroundCompositing:1    ; additive foreground scattering]]
[2019.01.29-21.15.23:445][  0]LogConfig: Setting CVar [[r.DOF.Scatter.BackgroundCompositing:2    ; additive background scattering]]
[2019.01.29-21.15.23:445][  0]LogConfig: Setting CVar [[r.DOF.Scatter.EnableBokehSettings:1      ; bokeh simulation when scattering]]
[2019.01.29-21.15.23:445][  0]LogConfig: Setting CVar [[r.DOF.Scatter.MaxSpriteRatio:0.1         ; only a maximum of 10% of scattered bokeh]]
[2019.01.29-21.15.23:445][  0]LogConfig: Setting CVar [[r.DOF.Recombine.Quality:1                ; cheap slight out of focus]]
[2019.01.29-21.15.23:445][  0]LogConfig: Setting CVar [[r.DOF.Recombine.EnableBokehSettings:0    ; no bokeh simulation on slight out of focus]]
[2019.01.29-21.15.23:445][  0]LogConfig: Setting CVar [[r.DOF.TemporalAAQuality:1                ; more stable temporal accumulation]]
[2019.01.29-21.15.23:445][  0]LogConfig: Setting CVar [[r.DOF.Kernel.MaxForegroundRadius:0.025]]
[2019.01.29-21.15.23:445][  0]LogConfig: Setting CVar [[r.DOF.Kernel.MaxBackgroundRadius:0.025]]
[2019.01.29-21.15.23:445][  0]LogConfig: Applying CVar settings from Section [TextureQuality@3] File [D:/College Stuff/Unreal/SideProject/Saved/Config/Windows/Scalability.ini]
[2019.01.29-21.15.23:445][  0]LogConfig: Setting CVar [[r.Streaming.MipBias:0]]
[2019.01.29-21.15.23:445][  0]LogConfig: Setting CVar [[r.Streaming.AmortizeCPUToGPUCopy:0]]
[2019.01.29-21.15.23:445][  0]LogConfig: Setting CVar [[r.Streaming.MaxNumTexturesToStreamPerFrame:0]]
[2019.01.29-21.15.23:445][  0]LogConfig: Setting CVar [[r.Streaming.Boost:1]]
[2019.01.29-21.15.23:445][  0]LogConfig: Setting CVar [[r.MaxAnisotropy:8]]
[2019.01.29-21.15.23:445][  0]LogConfig: Setting CVar [[r.Streaming.LimitPoolSizeToVRAM:0]]
[2019.01.29-21.15.23:445][  0]LogConfig: Setting CVar [[r.Streaming.PoolSize:1000]]
[2019.01.29-21.15.23:445][  0]LogConfig: Setting CVar [[r.Streaming.MaxEffectiveScreenSize:0]]
[2019.01.29-21.15.23:445][  0]LogConfig: Applying CVar settings from Section [EffectsQuality@3] File [D:/College Stuff/Unreal/SideProject/Saved/Config/Windows/Scalability.ini]
[2019.01.29-21.15.23:445][  0]LogConfig: Setting CVar [[r.TranslucencyLightingVolumeDim:64]]
[2019.01.29-21.15.23:445][  0]LogConfig: Setting CVar [[r.RefractionQuality:2]]
[2019.01.29-21.15.23:445][  0]LogConfig: Setting CVar [[r.SSR.Quality:3]]
[2019.01.29-21.15.23:445][  0]LogConfig: Setting CVar [[r.SceneColorFormat:4]]
[2019.01.29-21.15.23:445][  0]LogConfig: Setting CVar [[r.DetailMode:2]]
[2019.01.29-21.15.23:445][  0]LogConfig: Setting CVar [[r.TranslucencyVolumeBlur:1]]
[2019.01.29-21.15.23:445][  0]LogConfig: Setting CVar [[r.MaterialQualityLevel:1 ; High quality]]
[2019.01.29-21.15.23:445][  0]LogConfig: Setting CVar [[r.SSS.Scale:1]]
[2019.01.29-21.15.23:445][  0]LogConfig: Setting CVar [[r.SSS.SampleSet:2]]
[2019.01.29-21.15.23:445][  0]LogConfig: Setting CVar [[r.SSS.Quality:1]]
[2019.01.29-21.15.23:445][  0]LogConfig: Setting CVar [[r.SSS.HalfRes:1]]
[2019.01.29-21.15.23:445][  0]LogConfig: Setting CVar [[r.EmitterSpawnRateScale:1.0]]
[2019.01.29-21.15.23:446][  0]LogConfig: Setting CVar [[r.ParticleLightQuality:2]]
[2019.01.29-21.15.23:446][  0]LogConfig: Applying CVar settings from Section [FoliageQuality@3] File [D:/College Stuff/Unreal/SideProject/Saved/Config/Windows/Scalability.ini]
[2019.01.29-21.15.23:446][  0]LogConfig: Setting CVar [[foliage.DensityScale:1.0]]
[2019.01.29-21.15.23:446][  0]LogConfig: Setting CVar [[grass.DensityScale:1.0]]
[2019.01.29-21.15.23:467][  0]LogInit: Selected Device Profile: [Windows]
[2019.01.29-21.15.23:471][  0]LogInit: Applying CVar settings loaded from the selected device profile: [Windows]
[2019.01.29-21.15.23:658][  0]LogHAL: Display: Platform has ~ 16 GB [17086115840 / 17179869184 / 16], which maps to Larger [LargestMinGB=32, LargerMinGB=12, DefaultMinGB=8, SmallerMinGB=6, SmallestMinGB=0)
[2019.01.29-21.15.23:677][  0]LogConfig: Setting CVar [[r.Vulkan.UseRealUBs:1]]
[2019.01.29-21.15.23:677][  0]LogInit: Going up to parent DeviceProfile []
[2019.01.29-21.15.23:677][  0]LogConfig: Applying CVar settings from Section [ViewDistanceQuality@3] File [D:/College Stuff/Unreal/SideProject/Saved/Config/Windows/Scalability.ini]
[2019.01.29-21.15.23:677][  0]LogConfig: Setting CVar [[r.SkeletalMeshLODBias:0]]
[2019.01.29-21.15.23:677][  0]LogConfig: Setting CVar [[r.ViewDistanceScale:1.0]]
[2019.01.29-21.15.23:677][  0]LogConfig: Applying CVar settings from Section [AntiAliasingQuality@3] File [D:/College Stuff/Unreal/SideProject/Saved/Config/Windows/Scalability.ini]
[2019.01.29-21.15.23:677][  0]LogConfig: Setting CVar [[r.PostProcessAAQuality:4]]
[2019.01.29-21.15.23:677][  0]LogConfig: Applying CVar settings from Section [ShadowQuality@3] File [D:/College Stuff/Unreal/SideProject/Saved/Config/Windows/Scalability.ini]
[2019.01.29-21.15.23:677][  0]LogConfig: Setting CVar [[r.LightFunctionQuality:1]]
[2019.01.29-21.15.23:677][  0]LogConfig: Setting CVar [[r.ShadowQuality:5]]
[2019.01.29-21.15.23:677][  0]LogConfig: Setting CVar [[r.Shadow.CSM.MaxCascades:10]]
[2019.01.29-21.15.23:677][  0]LogConfig: Setting CVar [[r.Shadow.MaxResolution:2048]]
[2019.01.29-21.15.23:677][  0]LogConfig: Setting CVar [[r.Shadow.MaxCSMResolution:2048]]
[2019.01.29-21.15.23:677][  0]LogConfig: Setting CVar [[r.Shadow.RadiusThreshold:0.01]]
[2019.01.29-21.15.23:677][  0]LogConfig: Setting CVar [[r.Shadow.DistanceScale:1.0]]
[2019.01.29-21.15.23:677][  0]LogConfig: Setting CVar [[r.Shadow.CSM.TransitionScale:1.0]]
[2019.01.29-21.15.23:677][  0]LogConfig: Setting CVar [[r.Shadow.PreShadowResolutionFactor:1.0]]
[2019.01.29-21.15.23:677][  0]LogConfig: Setting CVar [[r.DistanceFieldShadowing:1]]
[2019.01.29-21.15.23:677][  0]LogConfig: Setting CVar [[r.DistanceFieldAO:1]]
[2019.01.29-21.15.23:677][  0]LogConfig: Setting CVar [[r.AOQuality:2]]
[2019.01.29-21.15.23:677][  0]LogConfig: Setting CVar [[r.VolumetricFog:1]]
[2019.01.29-21.15.23:677][  0]LogConfig: Setting CVar [[r.VolumetricFog.GridPixelSize:8]]
[2019.01.29-21.15.23:677][  0]LogConfig: Setting CVar [[r.VolumetricFog.GridSizeZ:128]]
[2019.01.29-21.15.23:677][  0]LogConfig: Setting CVar [[r.VolumetricFog.HistoryMissSupersampleCount:4]]
[2019.01.29-21.15.23:677][  0]LogConfig: Setting CVar [[r.LightMaxDrawDistanceScale:1]]
[2019.01.29-21.15.23:677][  0]LogConfig: Setting CVar [[r.CapsuleShadows:1]]
[2019.01.29-21.15.23:677][  0]LogConfig: Applying CVar settings from Section [PostProcessQuality@3] File [D:/College Stuff/Unreal/SideProject/Saved/Config/Windows/Scalability.ini]
[2019.01.29-21.15.23:677][  0]LogConfig: Setting CVar [[r.MotionBlurQuality:4]]
[2019.01.29-21.15.23:677][  0]LogConfig: Setting CVar [[r.AmbientOcclusionMipLevelFactor:0.4]]
[2019.01.29-21.15.23:677][  0]LogConfig: Setting CVar [[r.AmbientOcclusionMaxQuality:100]]
[2019.01.29-21.15.23:677][  0]LogConfig: Setting CVar [[r.AmbientOcclusionLevels:-1]]
[2019.01.29-21.15.23:677][  0]LogConfig: Setting CVar [[r.AmbientOcclusionRadiusScale:1.0]]
[2019.01.29-21.15.23:677][  0]LogConfig: Setting CVar [[r.DepthOfFieldQuality:2]]
[2019.01.29-21.15.23:677][  0]LogConfig: Setting CVar [[r.RenderTargetPoolMin:400]]
[2019.01.29-21.15.23:677][  0]LogConfig: Setting CVar [[r.LensFlareQuality:2]]
[2019.01.29-21.15.23:677][  0]LogConfig: Setting CVar [[r.SceneColorFringeQuality:1]]
[2019.01.29-21.15.23:677][  0]LogConfig: Setting CVar [[r.EyeAdaptationQuality:2]]
[2019.01.29-21.15.23:677][  0]LogConfig: Setting CVar [[r.BloomQuality:5]]
[2019.01.29-21.15.23:677][  0]LogConfig: Setting CVar [[r.FastBlurThreshold:100]]
[2019.01.29-21.15.23:677][  0]LogConfig: Setting CVar [[r.Upscale.Quality:3]]
[2019.01.29-21.15.23:677][  0]LogConfig: Setting CVar [[r.Tonemapper.GrainQuantization:1]]
[2019.01.29-21.15.23:677][  0]LogConfig: Setting CVar [[r.LightShaftQuality:1]]
[2019.01.29-21.15.23:677][  0]LogConfig: Setting CVar [[r.Filter.SizeScale:1]]
[2019.01.29-21.15.23:677][  0]LogConfig: Setting CVar [[r.Tonemapper.Quality:5]]
[2019.01.29-21.15.23:677][  0]LogConfig: Setting CVar [[r.DOF.Gather.AccumulatorQuality:1        ; higher gathering accumulator quality]]
[2019.01.29-21.15.23:677][  0]LogConfig: Setting CVar [[r.DOF.Gather.PostfilterMethod:1          ; Median3x3 postfilering method]]
[2019.01.29-21.15.23:677][  0]LogConfig: Setting CVar [[r.DOF.Gather.EnableBokehSettings:0       ; no bokeh simulation when gathering]]
[2019.01.29-21.15.23:677][  0]LogConfig: Setting CVar [[r.DOF.Gather.RingCount:4                 ; medium number of samples when gathering]]
[2019.01.29-21.15.23:678][  0]LogConfig: Setting CVar [[r.DOF.Scatter.ForegroundCompositing:1    ; additive foreground scattering]]
[2019.01.29-21.15.23:678][  0]LogConfig: Setting CVar [[r.DOF.Scatter.BackgroundCompositing:2    ; additive background scattering]]
[2019.01.29-21.15.23:678][  0]LogConfig: Setting CVar [[r.DOF.Scatter.EnableBokehSettings:1      ; bokeh simulation when scattering]]
[2019.01.29-21.15.23:678][  0]LogConfig: Setting CVar [[r.DOF.Scatter.MaxSpriteRatio:0.1         ; only a maximum of 10% of scattered bokeh]]
[2019.01.29-21.15.23:678][  0]LogConfig: Setting CVar [[r.DOF.Recombine.Quality:1                ; cheap slight out of focus]]
[2019.01.29-21.15.23:678][  0]LogConfig: Setting CVar [[r.DOF.Recombine.EnableBokehSettings:0    ; no bokeh simulation on slight out of focus]]
[2019.01.29-21.15.23:678][  0]LogConfig: Setting CVar [[r.DOF.TemporalAAQuality:1                ; more stable temporal accumulation]]
[2019.01.29-21.15.23:678][  0]LogConfig: Setting CVar [[r.DOF.Kernel.MaxForegroundRadius:0.025]]
[2019.01.29-21.15.23:678][  0]LogConfig: Setting CVar [[r.DOF.Kernel.MaxBackgroundRadius:0.025]]
[2019.01.29-21.15.23:678][  0]LogConfig: Applying CVar settings from Section [TextureQuality@3] File [D:/College Stuff/Unreal/SideProject/Saved/Config/Windows/Scalability.ini]
[2019.01.29-21.15.23:678][  0]LogConfig: Setting CVar [[r.Streaming.MipBias:0]]
[2019.01.29-21.15.23:678][  0]LogConfig: Setting CVar [[r.Streaming.AmortizeCPUToGPUCopy:0]]
[2019.01.29-21.15.23:678][  0]LogConfig: Setting CVar [[r.Streaming.MaxNumTexturesToStreamPerFrame:0]]
[2019.01.29-21.15.23:678][  0]LogConfig: Setting CVar [[r.Streaming.Boost:1]]
[2019.01.29-21.15.23:678][  0]LogConfig: Setting CVar [[r.MaxAnisotropy:8]]
[2019.01.29-21.15.23:678][  0]LogConfig: Setting CVar [[r.Streaming.LimitPoolSizeToVRAM:0]]
[2019.01.29-21.15.23:678][  0]LogConfig: Setting CVar [[r.Streaming.PoolSize:1000]]
[2019.01.29-21.15.23:678][  0]LogConfig: Setting CVar [[r.Streaming.MaxEffectiveScreenSize:0]]
[2019.01.29-21.15.23:678][  0]LogConfig: Applying CVar settings from Section [EffectsQuality@3] File [D:/College Stuff/Unreal/SideProject/Saved/Config/Windows/Scalability.ini]
[2019.01.29-21.15.23:678][  0]LogConfig: Setting CVar [[r.TranslucencyLightingVolumeDim:64]]
[2019.01.29-21.15.23:678][  0]LogConfig: Setting CVar [[r.RefractionQuality:2]]
[2019.01.29-21.15.23:678][  0]LogConfig: Setting CVar [[r.SSR.Quality:3]]
[2019.01.29-21.15.23:678][  0]LogConfig: Setting CVar [[r.SceneColorFormat:4]]
[2019.01.29-21.15.23:678][  0]LogConfig: Setting CVar [[r.DetailMode:2]]
[2019.01.29-21.15.23:678][  0]LogConfig: Setting CVar [[r.TranslucencyVolumeBlur:1]]
[2019.01.29-21.15.23:678][  0]LogConfig: Setting CVar [[r.MaterialQualityLevel:1 ; High quality]]
[2019.01.29-21.15.23:678][  0]LogConfig: Setting CVar [[r.SSS.Scale:1]]
[2019.01.29-21.15.23:678][  0]LogConfig: Setting CVar [[r.SSS.SampleSet:2]]
[2019.01.29-21.15.23:678][  0]LogConfig: Setting CVar [[r.SSS.Quality:1]]
[2019.01.29-21.15.23:678][  0]LogConfig: Setting CVar [[r.SSS.HalfRes:1]]
[2019.01.29-21.15.23:678][  0]LogConfig: Setting CVar [[r.EmitterSpawnRateScale:1.0]]
[2019.01.29-21.15.23:678][  0]LogConfig: Setting CVar [[r.ParticleLightQuality:2]]
[2019.01.29-21.15.23:678][  0]LogConfig: Applying CVar settings from Section [FoliageQuality@3] File [D:/College Stuff/Unreal/SideProject/Saved/Config/Windows/Scalability.ini]
[2019.01.29-21.15.23:678][  0]LogConfig: Setting CVar [[foliage.DensityScale:1.0]]
[2019.01.29-21.15.23:678][  0]LogConfig: Setting CVar [[grass.DensityScale:1.0]]
[2019.01.29-21.15.23:678][  0]LogConfig: Applying CVar settings from Section [Startup] File [../../../Engine/Config/ConsoleVariables.ini]
[2019.01.29-21.15.23:698][  0]LogConfig: Setting CVar [[net.UseAdaptiveNetUpdateFrequency:0]]
[2019.01.29-21.15.23:698][  0]LogConfig: Applying CVar settings from Section [ConsoleVariables] File [D:/College Stuff/Unreal/SideProject/Saved/Config/Windows/Engine.ini]
[2019.01.29-21.15.23:743][  0]LogInit: Computer: DAVIDSMSILAPTOP
[2019.01.29-21.15.23:743][  0]LogInit: User: Thero
[2019.01.29-21.15.23:743][  0]LogInit: CPU Page size=4096, Cores=4
[2019.01.29-21.15.23:743][  0]LogInit: High frequency timer resolution =10.000000 MHz
[2019.01.29-21.15.23:756][  0]LogMemory: Memory total: Physical=15.9GB (16GB approx)
[2019.01.29-21.15.23:756][  0]LogMemory: Platform Memory Stats for Windows
[2019.01.29-21.15.23:756][  0]LogMemory: Process Physical Memory: 102.27 MB used, 102.27 MB peak
[2019.01.29-21.15.23:756][  0]LogMemory: Process Virtual Memory: 91.47 MB used, 91.47 MB peak
[2019.01.29-21.15.23:756][  0]LogMemory: Physical Memory: 6274.34 MB used,  10020.25 MB free, 16294.59 MB total
[2019.01.29-21.15.23:756][  0]LogMemory: Virtual Memory: 4649.98 MB used,  134213080.00 MB free, 134217728.00 MB total
[2019.01.29-21.15.24:846][  0]LogInit: Using OS detected language (en-US).
[2019.01.29-21.15.24:846][  0]LogInit: Using OS detected locale (en-US).
[2019.01.29-21.15.24:942][  0]LogTextLocalizationManager: No specific localization for 'en-US' exists, so the 'en' localization will be used.
[2019.01.29-21.15.26:569][  0]LogStreaming: Display: Took  1.694s to InitEngineTextLocalization.
[2019.01.29-21.15.26:599][  0]LogInit: Setting process to per monitor DPI aware
[2019.01.29-21.15.27:838][  0]LogSlate: New Slate User Created.  User Index 0, Is Virtual User: 0
[2019.01.29-21.15.27:838][  0]LogSlate: Slate User Registered.  User Index 0, Is Virtual User: 0
[2019.01.29-21.15.30:615][  0]LogHMD: Failed to initialize OpenVR with code 110
[2019.01.29-21.15.30:615][  0]LogD3D11RHI: D3D11 adapters:
[2019.01.29-21.15.30:727][  0]LogD3D11RHI:    0. 'NVIDIA GeForce GTX 970M' (Feature Level 11_0)
[2019.01.29-21.15.30:727][  0]LogD3D11RHI:       3032/0/8147 MB DedicatedVideo/DedicatedSystem/SharedSystem, Outputs:1, VendorId:0x10de
[2019.01.29-21.15.30:740][  0]LogD3D11RHI:    1. 'Intel(R) HD Graphics 530' (Feature Level 11_0)
[2019.01.29-21.15.30:740][  0]LogD3D11RHI:       128/0/8147 MB DedicatedVideo/DedicatedSystem/SharedSystem, Outputs:0, VendorId:0x8086
[2019.01.29-21.15.30:743][  0]LogD3D11RHI:    2. 'Microsoft Basic Render Driver' (Feature Level 11_0)
[2019.01.29-21.15.30:743][  0]LogD3D11RHI:       0/0/8147 MB DedicatedVideo/DedicatedSystem/SharedSystem, Outputs:0, VendorId:0x1414
[2019.01.29-21.15.30:743][  0]LogD3D11RHI: Chosen D3D11 Adapter: 0
[2019.01.29-21.15.30:836][  0]LogD3D11RHI: Creating new Direct3DDevice
[2019.01.29-21.15.30:836][  0]LogD3D11RHI:     GPU DeviceId: 0x13d8 (for the marketing name, search the web for "GPU Device Id")
[2019.01.29-21.15.30:836][  0]LogWindows: EnumDisplayDevices:
[2019.01.29-21.15.30:836][  0]LogWindows:    0. 'Intel(R) HD Graphics 530' (P:1 D:1)
[2019.01.29-21.15.30:837][  0]LogWindows:    1. 'Intel(R) HD Graphics 530' (P:0 D:0)
[2019.01.29-21.15.30:837][  0]LogWindows:    2. 'Intel(R) HD Graphics 530' (P:0 D:0)
[2019.01.29-21.15.30:837][  0]LogWindows: DebugString: PrimaryIsNotTheChoosenAdapter PrimaryIsNotTheChoosenAdapter PrimaryIsNotTheChoosenAdapter FoundDriverCount:0 
[2019.01.29-21.15.30:837][  0]LogD3D11RHI:     Adapter Name: NVIDIA GeForce GTX 970M
[2019.01.29-21.15.30:837][  0]LogD3D11RHI:   Driver Version: Unknown (internal:Unknown, unified:Unknown)
[2019.01.29-21.15.30:837][  0]LogD3D11RHI:      Driver Date: Unknown
[2019.01.29-21.15.30:847][  0]LogRHI: Texture pool is 2122 MB (70% of 3032 MB)
[2019.01.29-21.15.30:932][  0]LogD3D11RHI: Async texture creation enabled
[2019.01.29-21.15.31:702][  0]LogD3D11RHI: GPU Timing Frequency: 1000.000000 (Debug: 2 2)
[2019.01.29-21.15.33:491][  0]LogTemp: Display: Loaded TP AllDesktopTargetPlatform
[2019.01.29-21.15.33:557][  0]LogTemp: Display: Loaded TP MacClientTargetPlatform
[2019.01.29-21.15.33:586][  0]LogTemp: Display: Loaded TP MacNoEditorTargetPlatform
[2019.01.29-21.15.33:601][  0]LogTemp: Display: Loaded TP MacServerTargetPlatform
[2019.01.29-21.15.33:639][  0]LogTemp: Display: Loaded TP MacTargetPlatform
[2019.01.29-21.15.33:704][  0]LogTemp: Display: Loaded TP WindowsClientTargetPlatform
[2019.01.29-21.15.33:800][  0]LogTemp: Display: Loaded TP WindowsNoEditorTargetPlatform
[2019.01.29-21.15.34:010][  0]LogTemp: Display: Loaded TP WindowsServerTargetPlatform
[2019.01.29-21.15.34:021][  0]LogTemp: Display: Loaded TP WindowsTargetPlatform
[2019.01.29-21.15.34:342][  0]LogTemp: Display: Loaded TP AndroidTargetPlatform
[2019.01.29-21.15.34:342][  0]LogTemp: Display: Loaded TP AndroidTargetPlatform
[2019.01.29-21.15.34:342][  0]LogTemp: Display: Loaded TP AndroidTargetPlatform
[2019.01.29-21.15.34:342][  0]LogTemp: Display: Loaded TP AndroidTargetPlatform
[2019.01.29-21.15.34:342][  0]LogTemp: Display: Loaded TP AndroidTargetPlatform
[2019.01.29-21.15.34:342][  0]LogTemp: Display: Loaded TP AndroidTargetPlatform
[2019.01.29-21.15.34:342][  0]LogTemp: Display: Loaded TP AndroidTargetPlatform
[2019.01.29-21.15.34:342][  0]LogTemp: Display: Loaded TP AndroidTargetPlatform
[2019.01.29-21.15.34:342][  0]LogTemp: Display: Loaded TP AndroidTargetPlatform
[2019.01.29-21.15.34:342][  0]LogTemp: Display: Loaded TP AndroidTargetPlatform
[2019.01.29-21.15.34:342][  0]LogTemp: Display: Loaded TP AndroidTargetPlatform
[2019.01.29-21.15.34:342][  0]LogTemp: Display: Loaded TP AndroidTargetPlatform
[2019.01.29-21.15.34:342][  0]LogTemp: Display: Loaded TP AndroidTargetPlatform
[2019.01.29-21.15.34:342][  0]LogTemp: Display: Loaded TP AndroidTargetPlatform
[2019.01.29-21.15.34:342][  0]LogTemp: Display: Loaded TP AndroidTargetPlatform
[2019.01.29-21.15.34:342][  0]LogTemp: Display: Loaded TP AndroidTargetPlatform
[2019.01.29-21.15.34:342][  0]LogTemp: Display: Loaded TP AndroidTargetPlatform
[2019.01.29-21.15.34:342][  0]LogTemp: Display: Loaded TP AndroidTargetPlatform
[2019.01.29-21.15.34:377][  0]LogTemp: Display: Loaded TP HTML5TargetPlatform
[2019.01.29-21.15.34:588][  0]LogTemp: Display: Loaded TP IOSTargetPlatform
[2019.01.29-21.15.34:588][  0]LogTemp: Display: Loaded TP IOSTargetPlatform
[2019.01.29-21.15.34:628][  0]LogTemp: Display: Loaded TP TVOSTargetPlatform
[2019.01.29-21.15.34:628][  0]LogTemp: Display: Loaded TP TVOSTargetPlatform
[2019.01.29-21.15.34:676][  0]LogTemp: Display: Loaded TP LinuxClientTargetPlatform
[2019.01.29-21.15.34:728][  0]LogTemp: Display: Loaded TP LinuxNoEditorTargetPlatform
[2019.01.29-21.15.34:745][  0]LogTemp: Display: Loaded TP LinuxServerTargetPlatform
[2019.01.29-21.15.34:801][  0]LogTemp: Display: Loaded TP LinuxTargetPlatform
[2019.01.29-21.15.34:916][  0]LogTemp: Display: Loaded TP LuminTargetPlatform
[2019.01.29-21.15.34:916][  0]LogTemp: Display: Loaded TP LuminTargetPlatform
[2019.01.29-21.15.34:916][  0]LogTargetPlatformManager: Display: Building Assets For Windows
[2019.01.29-21.15.36:304][  0]LogShaderCompilers: Guid format shader working directory is -1 characters bigger than the processId version (../../../../../College Stuff/Unreal/SideProject/Intermediate/Shaders/WorkingDirectory/9572/).
[2019.01.29-21.15.36:305][  0]LogShaderCompilers: Cleaned the shader compiler working directory 'C:/Users/Thero/AppData/Local/Temp/UnrealShaderWorkingDir/4046E72B4BADAAF5DDE64DA0CA63E474/'.
[2019.01.29-21.15.36:368][  0]LogXGEController: Cleaning working directory: C:/Users/Thero/AppData/Local/Temp/UnrealXGEWorkingDir/
[2019.01.29-21.15.36:369][  0]LogXGEController: Cannot use XGE Controller as Incredibuild is not installed on this machine.
[2019.01.29-21.15.36:369][  0]LogShaderCompilers: Cannot use XGE Shader Compiler as Incredibuild is not installed on this machine.
[2019.01.29-21.15.36:369][  0]LogShaderCompilers: Display: Using Local Shader Compiler.
[2019.01.29-21.15.41:609][  0]LogDerivedDataCache: Display: Max Cache Size: 512 MB
[2019.01.29-21.15.41:747][  0]LogDerivedDataCache: Loaded boot cache 0.14s 73MB C:/Users/Thero/AppData/Local/UnrealEngine/4.21/DerivedDataCache/Boot.ddc.
[2019.01.29-21.15.41:747][  0]LogDerivedDataCache: Display: Loaded Boot cache: C:/Users/Thero/AppData/Local/UnrealEngine/4.21/DerivedDataCache/Boot.ddc
[2019.01.29-21.15.41:747][  0]LogDerivedDataCache: FDerivedDataBackendGraph:  Pak pak cache file ../../../../../College Stuff/Unreal/SideProject/DerivedDataCache/DDC.ddp not found, will not use a pak cache.
[2019.01.29-21.15.41:747][  0]LogDerivedDataCache: Unable to find inner node Pak for hierarchical cache Hierarchy.
[2019.01.29-21.15.41:747][  0]LogDerivedDataCache: FDerivedDataBackendGraph:  CompressedPak pak cache file ../../../../../College Stuff/Unreal/SideProject/DerivedDataCache/Compressed.ddp not found, will not use a pak cache.
[2019.01.29-21.15.41:747][  0]LogDerivedDataCache: Unable to find inner node CompressedPak for hierarchical cache Hierarchy.
[2019.01.29-21.15.41:891][  0]LogDerivedDataCache: Display: Pak cache opened for reading ../../../Engine/DerivedDataCache/Compressed.ddp.
[2019.01.29-21.15.41:891][  0]LogDerivedDataCache: FDerivedDataBackendGraph:  EnterprisePak pak cache file ../../../Enterprise/DerivedDataCache/Compressed.ddp not found, will not use a pak cache.
[2019.01.29-21.15.41:891][  0]LogDerivedDataCache: Unable to find inner node EnterprisePak for hierarchical cache Hierarchy.
[2019.01.29-21.15.42:027][  0]LogDerivedDataCache: Using Local data cache path C:/Users/Thero/AppData/Local/UnrealEngine/Common/DerivedDataCache: Writable
[2019.01.29-21.15.42:027][  0]LogDerivedDataCache: Shared data cache path not found in *engine.ini, will not use an Shared cache.
[2019.01.29-21.15.42:027][  0]LogDerivedDataCache: Unable to find inner node Shared for hierarchical cache Hierarchy.
[2019.01.29-21.15.42:229][  0]LogMaterial: Verifying Global Shaders for PCD3D_SM5
[2019.01.29-21.15.42:649][  0]LogSlate: Using FreeType 2.6.0
[2019.01.29-21.15.42:750][  0]LogSlate: SlateFontServices - WITH_FREETYPE: 1, WITH_HARFBUZZ: 1
[2019.01.29-21.15.46:364][  0]LogAssetRegistry: FAssetRegistry took 0.0388 seconds to start up
[2019.01.29-21.15.52:131][  0]LogInit: Selected Device Profile: [Windows]
[2019.01.29-21.15.56:994][  0]LogSimplygon: Simplygon DLL not present - disabling.
[2019.01.29-21.15.57:306][  0]LogMeshReduction: Using SimplygonSwarm for distributed automatic mesh merging
[2019.01.29-21.15.57:307][  0]LogMeshReduction: Using ProxyLODMeshReduction for automatic mesh merging
[2019.01.29-21.15.57:317][  0]LogMeshReduction: Using QuadricMeshReduction for automatic static mesh reduction
[2019.01.29-21.15.57:317][  0]LogMeshReduction: No automatic skeletal mesh reduction module available
[2019.01.29-21.15.58:505][  0]LogNetVersion: SideProject 1.0.0, NetCL: 4541578, EngineNetVer: 5, GameNetVer: 0 (Checksum: 1231783927)
[2019.01.29-21.16.10:927][  0]LogPackageLocalizationCache: Processed 11 localized package path(s) for 2 prioritized culture(s) in 0.650808 seconds
[2019.01.29-21.16.10:956][  0]LogUObjectArray: 39775 objects as part of root set at end of initial load.
[2019.01.29-21.16.10:956][  0]LogUObjectAllocator: 6914664 out of 0 bytes used by permanent object pool.
[2019.01.29-21.16.10:956][  0]LogUObjectArray: CloseDisregardForGC: 0/0 objects in disregard for GC pool
[2019.01.29-21.17.03:050][  0]LogTcpMessaging: Initializing TcpMessaging bridge
[2019.01.29-21.17.03:090][  0]LogUdpMessaging: Initializing bridge on interface 0.0.0.0:0 to multicast group 230.0.0.1:6666.
[2019.01.29-21.17.11:575][  0]SourceControl: Source control is disabled
[2019.01.29-21.17.11:592][  0]SourceControl: Source control is disabled
[2019.01.29-21.17.12:173][  0]SourceControl: Source control is disabled
[2019.01.29-21.17.12:337][  0]SourceControl: Source control is disabled
[2019.01.29-21.17.16:501][  0]LogAndroidPermission: UAndroidPermissionCallbackProxy::GetInstance
[2019.01.29-21.17.17:145][  0]LogOcInput: OculusInput pre-init called
[2019.01.29-21.17.20:008][  0]LogEngine: Initializing Engine...
[2019.01.29-21.17.20:324][  0]LogHMD: Failed to initialize OpenVR with code 110
[2019.01.29-21.17.20:377][  0]LogStats: UGameplayTagsManager::ConstructGameplayTagTree: ImportINI prefixes -  0.000 s
[2019.01.29-21.17.20:377][  0]LogStats: UGameplayTagsManager::ConstructGameplayTagTree: Construct from data asset -  0.000 s
[2019.01.29-21.17.20:377][  0]LogStats: UGameplayTagsManager::ConstructGameplayTagTree: ImportINI -  0.000 s
[2019.01.29-21.17.20:377][  0]LogStats: UGameplayTagsManager::ConstructGameplayTagTree: GameplayTagTreeChangedEvent.Broadcast -  0.000 s
[2019.01.29-21.17.22:136][  0]LogInit: Initializing FReadOnlyCVARCache
[2019.01.29-21.17.23:453][  0]LogAIModule: Creating AISystem for world Untitled
[2019.01.29-21.17.24:036][  0]LogInit: XAudio2 using 'Headphones (2- Xbox Controller)' : 2 channels at 48 kHz using 16 bits per sample (channel mask 0x3)
[2019.01.29-21.17.24:114][  0]LogInit: FAudioDevice initialized.
[2019.01.29-21.17.24:115][  0]LogNetVersion: Set ProjectVersion to 1.0.0.0. Version Checksum will be recalculated on next use.
[2019.01.29-21.17.24:228][  0]LogDerivedDataCache: Saved boot cache 0.11s 73MB C:/Users/Thero/AppData/Local/UnrealEngine/4.21/DerivedDataCache/Boot.ddc.
[2019.01.29-21.17.24:288][  0]LogInit: Texture streaming: Enabled
[2019.01.29-21.17.24:483][  0]LogEngineSessionManager: EngineSessionManager initialized
[2019.01.29-21.17.24:718][  0]LogInit: Transaction tracking system initialized
[2019.01.29-21.17.26:389][  0]BlueprintLog: New page: Editor Load
[2019.01.29-21.17.29:550][  0]LocalizationService: Localization service is disabled
[2019.01.29-21.17.35:533][  0]LogFileCache: Scanning file cache for directory 'D:/College Stuff/Unreal/SideProject/Content/' took 0.01s
[2019.01.29-21.17.35:533][  0]LogCook: Display: Max memory allowance for cook 16384mb min free memory 0mb
[2019.01.29-21.17.35:533][  0]LogCook: Display: Mobile HDR setting 1
[2019.01.29-21.17.35:533][  0]LogGameplayTags: Display: UGameplayTagsManager::DoneAddingNativeTags. DelegateIsBound: 0
[2019.01.29-21.17.35:533][  0]LogStats: UGameplayTagsManager::ConstructGameplayTagTree: ImportINI prefixes -  0.000 s
[2019.01.29-21.17.35:533][  0]LogStats: UGameplayTagsManager::ConstructGameplayTagTree: Construct from data asset -  0.000 s
[2019.01.29-21.17.35:533][  0]LogStats: UGameplayTagsManager::ConstructGameplayTagTree: ImportINI -  0.000 s
[2019.01.29-21.17.35:533][  0]LogStats: UGameplayTagsManager::ConstructGameplayTagTree: GameplayTagTreeChangedEvent.Broadcast -  0.000 s
[2019.01.29-21.17.40:257][  0]SourceControl: Source control is disabled
[2019.01.29-21.17.40:309][  0]Cmd: MAP LOAD FILE="../../../Engine/Content/Maps/Templates/Template_Default.umap" TEMPLATE=1 SHOWPROGRESS=1 FEATURELEVEL=3
[2019.01.29-21.17.40:364][  0]LightingResults: New page: Lighting Build
[2019.01.29-21.17.40:822][  0]MapCheck: New page: Map Check
[2019.01.29-21.17.40:822][  0]LightingResults: New page: Lighting Build
[2019.01.29-21.17.42:768][  0]LogAIModule: Creating AISystem for world Untitled_1
[2019.01.29-21.17.43:774][  0]LogEditorServer: Finished looking for orphan Actors (0.000 secs)
[2019.01.29-21.17.43:968][  0]Cmd: MAP CHECKDEP NOCLEARLOG
[2019.01.29-21.17.43:969][  0]MapCheck: Map check complete: 0 Error(s), 0 Warning(s), took 0.12ms to complete.
[2019.01.29-21.17.43:969][  0]LogFileHelpers: Loading map 'Template_Default' took 3.700
[2019.01.29-21.17.47:561][  0]LogSlate: Updating window title bar state: overlay mode, drag disabled, window buttons hidden, title bar hidden
[2019.01.29-21.17.47:593][  0]LogSlate: Updating window title bar state: overlay mode, drag disabled, window buttons hidden, title bar hidden
[2019.01.29-21.17.47:601][  0]LogSlate: Updating window title bar state: overlay mode, drag disabled, window buttons hidden, title bar hidden
[2019.01.29-21.17.47:609][  0]LogSlate: Updating window title bar state: overlay mode, drag disabled, window buttons hidden, title bar hidden
[2019.01.29-21.17.47:888][  0]LogCollectionManager: Loaded 0 collections in 0.001036 seconds
[2019.01.29-21.17.48:029][  0]LogFileCache: Scanning file cache for directory 'D:/College Stuff/Unreal/SideProject/Saved/Collections/' took 0.01s
[2019.01.29-21.17.48:029][  0]LogFileCache: Scanning file cache for directory 'D:/College Stuff/Unreal/SideProject/Content/Developers/Thero/Collections/' took 0.01s
[2019.01.29-21.17.48:029][  0]LogFileCache: Scanning file cache for directory 'D:/College Stuff/Unreal/SideProject/Content/Collections/' took 0.01s
[2019.01.29-21.17.48:029][  0]LogCollectionManager: Rebuilt the GUID cache for 0 collections in 0.000001 seconds
[2019.01.29-21.17.48:070][  0]LogContentBrowser: Native class hierarchy populated in 0.0372 seconds. Added 2660 classes and 622 folders.
[2019.01.29-21.17.48:308][  0]LogContentBrowser: Native class hierarchy updated for 'WidgetCarousel' in 0.0004 seconds. Added 0 classes and 0 folders.
[2019.01.29-21.17.48:422][  0]LogPakFile: Registered encryption key '00000000000000000000000000000000': 0 pak files mounted, 0 remain pending
[2019.01.29-21.17.48:503][  0]LogPakFile: Registered encryption key '00000000000000000000000000000000': 0 pak files mounted, 0 remain pending
[2019.01.29-21.17.48:531][  0]LogPakFile: Registered encryption key '00000000000000000000000000000000': 0 pak files mounted, 0 remain pending
[2019.01.29-21.17.48:565][  0]LogPakFile: Registered encryption key '00000000000000000000000000000000': 0 pak files mounted, 0 remain pending
[2019.01.29-21.17.48:617][  0]LogPakFile: Registered encryption key '00000000000000000000000000000000': 0 pak files mounted, 0 remain pending
[2019.01.29-21.17.48:631][  0]LogPakFile: Registered encryption key '00000000000000000000000000000000': 0 pak files mounted, 0 remain pending
[2019.01.29-21.17.48:714][  0]LogPakFile: Registered encryption key '00000000000000000000000000000000': 0 pak files mounted, 0 remain pending
[2019.01.29-21.17.48:821][  0]LogPakFile: Registered encryption key '00000000000000000000000000000000': 0 pak files mounted, 0 remain pending
[2019.01.29-21.17.48:936][  0]LogPakFile: Registered encryption key '00000000000000000000000000000000': 0 pak files mounted, 0 remain pending
[2019.01.29-21.17.48:952][  0]LogPakFile: Registered encryption key '00000000000000000000000000000000': 0 pak files mounted, 0 remain pending
[2019.01.29-21.17.48:968][  0]LogPakFile: Registered encryption key '00000000000000000000000000000000': 0 pak files mounted, 0 remain pending
[2019.01.29-21.17.48:981][  0]LogPakFile: Registered encryption key '00000000000000000000000000000000': 0 pak files mounted, 0 remain pending
[2019.01.29-21.17.48:997][  0]LogPakFile: Registered encryption key '00000000000000000000000000000000': 0 pak files mounted, 0 remain pending
[2019.01.29-21.17.49:003][  0]LogPakFile: Registered encryption key '00000000000000000000000000000000': 0 pak files mounted, 0 remain pending
[2019.01.29-21.17.49:025][  0]LogPakFile: Registered encryption key '00000000000000000000000000000000': 0 pak files mounted, 0 remain pending
[2019.01.29-21.17.49:080][  0]LogPakFile: Registered encryption key '00000000000000000000000000000000': 0 pak files mounted, 0 remain pending
[2019.01.29-21.17.49:101][  0]LogPakFile: Registered encryption key '00000000000000000000000000000000': 0 pak files mounted, 0 remain pending
[2019.01.29-21.17.49:123][  0]LogPakFile: Registered encryption key '00000000000000000000000000000000': 0 pak files mounted, 0 remain pending
[2019.01.29-21.17.49:125][  0]LogPakFile: Registered encryption key '00000000000000000000000000000000': 0 pak files mounted, 0 remain pending
[2019.01.29-21.17.49:152][  0]LogPakFile: Registered encryption key '00000000000000000000000000000000': 0 pak files mounted, 0 remain pending
[2019.01.29-21.17.49:182][  0]LogPakFile: Registered encryption key '00000000000000000000000000000000': 0 pak files mounted, 0 remain pending
[2019.01.29-21.17.49:207][  0]LogPakFile: Registered encryption key '00000000000000000000000000000000': 0 pak files mounted, 0 remain pending
[2019.01.29-21.17.49:221][  0]LogPakFile: Registered encryption key '00000000000000000000000000000000': 0 pak files mounted, 0 remain pending
[2019.01.29-21.17.49:246][  0]LogPakFile: Registered encryption key '00000000000000000000000000000000': 0 pak files mounted, 0 remain pending
[2019.01.29-21.17.49:275][  0]LogPakFile: Registered encryption key '00000000000000000000000000000000': 0 pak files mounted, 0 remain pending
[2019.01.29-21.17.49:309][  0]LogPakFile: Registered encryption key '00000000000000000000000000000000': 0 pak files mounted, 0 remain pending
[2019.01.29-21.17.51:429][  0]LogContentBrowser: Native class hierarchy updated for 'AddContentDialog' in 0.0005 seconds. Added 0 classes and 0 folders.
[2019.01.29-21.17.51:595][  0]LogContentBrowser: Native class hierarchy updated for 'SceneOutliner' in 0.0005 seconds. Added 1 classes and 2 folders.
[2019.01.29-21.17.52:983][  0]LogSlate: Took 0.029590 seconds to synchronously load lazily loaded font '../../../Engine/Content/Slate/Fonts/Roboto-Regular.ttf' (155K)
[2019.01.29-21.17.53:204][  0]LogSlate: Took 0.055040 seconds to synchronously load lazily loaded font '../../../Engine/Content/Slate/Fonts/Roboto-Bold.ttf' (160K)
[2019.01.29-21.17.53:377][  0]LogSlate: Took 0.038350 seconds to synchronously load lazily loaded font '../../../Engine/Content/Editor/Slate/Fonts/FontAwesome.ttf' (139K)
[2019.01.29-21.17.54:765][  0]LogRenderer: Reallocating scene render targets to support 856x308 Format 10 NumSamples 1 (Frame:1).
[2019.01.29-21.17.59:023][  0]LogContentBrowser: Native class hierarchy updated for 'HierarchicalLODOutliner' in 0.0004 seconds. Added 0 classes and 0 folders.
[2019.01.29-21.17.59:023][  0]LogLoad: (Engine Initialization) Total time: 206.67 seconds
[2019.01.29-21.17.59:023][  0]LogLoad: (Engine Initialization) Total Blueprint compile time: 0.02 seconds
[2019.01.29-21.18.00:713][  0]LogContentStreaming: Texture pool size now 1000 MB
[2019.01.29-21.18.01:473][  0]LogSlate: Took 0.065162 seconds to synchronously load lazily loaded font '../../../Engine/Content/Slate/Fonts/Roboto-Light.ttf' (167K)
[2019.01.29-21.18.01:951][  3]LogAssetRegistry: Asset discovery search completed in 135.6105 seconds
[2019.01.29-21.18.01:974][  3]LogCollectionManager: Rebuilt the object cache for 0 collections in 0.000001 seconds (found 0 objects)
[2019.01.29-21.18.01:974][  3]LogCollectionManager: Fixed up redirectors for 0 collections in 0.014086 seconds (updated 0 objects)
[2019.01.29-21.20.32:957][515]LogSlate: FSceneViewport::OnFocusLost() reason 0
[2019.01.29-21.20.35:618][574]LogSlate: Took 0.029945 seconds to synchronously load lazily loaded font '../../../Engine/Content/Slate/Fonts/Roboto-Light.ttf' (167K)
[2019.01.29-21.20.35:902][574]LogAIModule: Creating AISystem for world TestingLevel
[2019.01.29-21.20.36:033][574]LogAssetEditorManager: Opening Asset editor for World /Game/Levels/TestingLevel.TestingLevel
[2019.01.29-21.20.36:219][574]Cmd: MAP LOAD FILE="../../../../../College Stuff/Unreal/SideProject/Content/Levels/TestingLevel.umap" TEMPLATE=0 SHOWPROGRESS=1 FEATURELEVEL=3
[2019.01.29-21.20.36:220][574]LightingResults: New page: Lighting Build
[2019.01.29-21.20.36:221][574]LoadErrors: New page: Loading map: TestingLevel.umap
[2019.01.29-21.20.36:741][574]MapCheck: New page: Map Check
[2019.01.29-21.20.36:741][574]LightingResults: New page: Lighting Build
[2019.01.29-21.20.37:268][574]LogEditorServer: Finished looking for orphan Actors (0.000 secs)
[2019.01.29-21.20.37:381][574]Cmd: MAP CHECKDEP NOCLEARLOG
[2019.01.29-21.20.37:381][574]MapCheck: Map check complete: 0 Error(s), 0 Warning(s), took 0.092ms to complete.
[2019.01.29-21.20.37:381][574]LogFileHelpers: Loading map 'TestingLevel' took 1.238
[2019.01.29-21.20.47:368][714]LogTemp: Repeating last play command: Selected Viewport
[2019.01.29-21.20.47:448][714]LogBlueprintUserMessages: Early PlayInEditor Detection: Level '/Game/Levels/TestingLevel.TestingLevel:PersistentLevel' has LevelScriptBlueprint '/Game/Levels/TestingLevel.TestingLevel:PersistentLevel.TestingLevel' with GeneratedClass '/Game/Levels/TestingLevel.TestingLevel_C' with ClassGeneratedBy '/Game/Levels/TestingLevel.TestingLevel:PersistentLevel.TestingLevel'
[2019.01.29-21.20.47:488][714]LogPlayLevel: PlayLevel: No blueprints needed recompiling
[2019.01.29-21.20.47:545][714]PIE: New page: PIE session: TestingLevel (Jan 29, 2019, 11:20:47 AM)
[2019.01.29-21.20.47:763][714]LogPlayLevel: Creating play world package: /Game/Levels/UEDPIE_0_TestingLevel
[2019.01.29-21.20.47:858][714]LogPlayLevel: PIE: StaticDuplicateObject took: (0.094974s)
[2019.01.29-21.20.47:859][714]LogAIModule: Creating AISystem for world TestingLevel
[2019.01.29-21.20.47:882][714]LogPlayLevel: PIE: World Init took: (0.024210s)
[2019.01.29-21.20.47:883][714]LogPlayLevel: PIE: Created PIE world by copying editor world from /Game/Levels/TestingLevel.TestingLevel to /Game/Levels/UEDPIE_0_TestingLevel.TestingLevel (0.119635s)
[2019.01.29-21.20.47:999][714]LogInit: XAudio2 using 'Headphones (2- Xbox Controller)' : 2 channels at 48 kHz using 16 bits per sample (channel mask 0x3)
[2019.01.29-21.20.48:014][714]LogInit: FAudioDevice initialized.
[2019.01.29-21.20.49:520][714]LogLoad: Game class is 'BP_GameMode_C'
[2019.01.29-21.20.49:730][714]LogWorld: Bringing World /Game/Levels/UEDPIE_0_TestingLevel.TestingLevel up for play (max tick rate 60) at 2019.01.29-16.20.49
[2019.01.29-21.20.49:741][714]LogGameMode: Error: Mixing AGameStateBase with AGameMode is not compatible. Change AGameStateBase subclass (GameStateBase) to derive from AGameState, or make both derive from Base
[2019.01.29-21.20.49:947][714]LogWorld: Bringing up level for play took: 0.238669
[2019.01.29-21.20.50:763][714]LogContentBrowser: Native class hierarchy updated for 'MovieSceneCapture' in 0.0087 seconds. Added 20 classes and 0 folders.
[2019.01.29-21.20.50:784][714]LogGameMode: Display: Match State Changed from EnteringMap to WaitingToStart
[2019.01.29-21.20.50:784][714]LogGameMode: Display: Match State Changed from WaitingToStart to InProgress
[2019.01.29-21.20.51:662][714]PIE: Play in editor start time for /Game/Levels/UEDPIE_0_TestingLevel 5.157
[2019.01.29-21.20.51:662][714]LogBlueprintUserMessages: Late PlayInEditor Detection: Level '/Game/Levels/TestingLevel.TestingLevel:PersistentLevel' has LevelScriptBlueprint '/Game/Levels/TestingLevel.TestingLevel:PersistentLevel.TestingLevel' with GeneratedClass '/Game/Levels/TestingLevel.TestingLevel_C' with ClassGeneratedBy '/Game/Levels/TestingLevel.TestingLevel:PersistentLevel.TestingLevel'
[2019.01.29-21.21.11:931][672]LogBlueprintUserMessages: Early EndPlayMap Detection: Level '/Game/Levels/TestingLevel.TestingLevel:PersistentLevel' has LevelScriptBlueprint '/Game/Levels/TestingLevel.TestingLevel:PersistentLevel.TestingLevel' with GeneratedClass '/Game/Levels/TestingLevel.TestingLevel_C' with ClassGeneratedBy '/Game/Levels/TestingLevel.TestingLevel:PersistentLevel.TestingLevel'
[2019.01.29-21.21.12:393][672]LogSlate: Updating window title bar state: overlay mode, drag disabled, window buttons hidden, title bar hidden
[2019.01.29-21.21.12:758][672]LogPlayLevel: Display: Shutting down PIE online subsystems
[2019.01.29-21.21.12:758][672]LogBlueprintUserMessages: Late EndPlayMap Detection: Level '/Game/Levels/TestingLevel.TestingLevel:PersistentLevel' has LevelScriptBlueprint '/Game/Levels/TestingLevel.TestingLevel:PersistentLevel.TestingLevel' with GeneratedClass '/Game/Levels/TestingLevel.TestingLevel_C' with ClassGeneratedBy '/Game/Levels/TestingLevel.TestingLevel:PersistentLevel.TestingLevel'
[2019.01.29-21.21.12:848][672]LogSlate: Updating window title bar state: overlay mode, drag disabled, window buttons hidden, title bar hidden
[2019.01.29-21.21.13:005][673]Cmd: SELECT NONE
[2019.01.29-21.21.14:187][673]LogPlayLevel: Display: Destroying online subsystem :Context_1
[2019.01.29-21.21.31:331][844]LogSlate: FSceneViewport::OnFocusLost() reason 0
[2019.01.29-21.21.40:584][364]LogAssetEditorManager: Opening Asset editor for Class /Script/SideProject.EnergyCollector
[2019.01.29-21.23.45:674][396]LogVSAccessor: Warning: Visual Studio is open but could not be queried - it may be blocked by a modal operation
[2019.01.29-21.23.45:689][397]LogUnrealEdMisc: Warning: Heartbeat event firing too frequently (0.000 sec). This should never happen. Something is wrong with the timer delegate!
[2019.01.29-21.23.59:499][428]LogUnrealEdMisc: Warning: Heartbeat event firing too frequently (13.810 sec). This should never happen. Something is wrong with the timer delegate!
[2019.01.29-21.31.39:933][841]Candidate modules for hot reload:
[2019.01.29-21.31.39:933][841]  SideProject
[2019.01.29-21.31.39:981][841]Launching UnrealBuildTool... [D:/Epic Games/UE_4.21/Engine/Binaries/DotNET/UnrealBuildTool.exe  -ModuleWithSuffix=SideProject,5879 Win64 Development -TargetType=Editor -Project="../../../../../College Stuff/Unreal/SideProject/SideProject.uproject" -canskiplink "D:/College Stuff/Unreal/SideProject/SideProject.uproject" ]
[2019.01.29-21.31.40:184][841]Warning: Starting HotReload took  1.6s.
[2019.01.29-21.33.37:051][769]LogSlate: Took 0.096128 seconds to synchronously load lazily loaded font '../../../Engine/Content/Slate/Fonts/DroidSansMono.ttf' (77K)
[2019.01.29-21.34.49:182][339]CompilerResultsLog: New page: Compilation - Jan 29, 2019, 11:34:49 AM
[2019.01.29-21.34.49:228][339]CompilerResultsLog: Creating makefile for hot reloading SideProjectEditor (source directory changed)
[2019.01.29-21.34.49:228][339]CompilerResultsLog: Compiling game modules for hot reload
[2019.01.29-21.34.49:228][339]CompilerResultsLog: Using Visual Studio 2017 14.16.27023 toolchain (D:\VSEnterprise\VC\Tools\MSVC\14.16.27023) and Windows 10.0.17763.0 SDK (C:\Program Files (x86)\Windows Kits\10).
[2019.01.29-21.34.49:228][339]CompilerResultsLog: Building 3 actions with 8 processes...
[2019.01.29-21.34.49:229][339]LogMainFrame: MainFrame: Module compiling took 189.539 seconds
[2019.01.29-21.34.49:240][339]Warning: HotReload failed, recompile failed
[2019.01.29-21.34.53:709][606]Candidate modules for hot reload:
[2019.01.29-21.34.53:709][606]  SideProject
[2019.01.29-21.34.53:709][606]Launching UnrealBuildTool... [D:/Epic Games/UE_4.21/Engine/Binaries/DotNET/UnrealBuildTool.exe  -ModuleWithSuffix=SideProject,3229 Win64 Development -TargetType=Editor -Project="../../../../../College Stuff/Unreal/SideProject/SideProject.uproject" -canskiplink "D:/College Stuff/Unreal/SideProject/SideProject.uproject" ]
[2019.01.29-21.34.53:713][606]Warning: Starting HotReload took  0.0s.
[2019.01.29-21.38.39:598][966]CompilerResultsLog: New page: Compilation - Jan 29, 2019, 11:38:39 AM
[2019.01.29-21.38.39:598][966]CompilerResultsLog: Compiling game modules for hot reload
[2019.01.29-21.38.39:598][966]CompilerResultsLog: Performing full C++ include scan (no include cache file)
[2019.01.29-21.38.39:599][966]CompilerResultsLog: Building 3 actions with 8 processes...
[2019.01.29-21.38.39:599][966]CompilerResultsLog:   [1/3] EnergyCollector.cpp
[2019.01.29-21.38.39:599][966]CompilerResultsLog:    D:\Epic Games\UE_4.21\Engine\Source\Runtime\Core\Public\Logging/LogMacros.h(58) : error C2338: Invalid argument(s) passed to FMsg::Logf_Internal
[2019.01.29-21.38.39:599][966]CompilerResultsLog:   D:\College Stuff\Unreal\SideProject\Source\SideProject\EnergyCollector.cpp(65): note: see reference to function template instantiation 'void FMsg::Logf_Internal<wchar_t[34],FString>(const ANSICHAR *,int32,const FName &,ELogVerbosity::Type,const FmtType (&),FString)' being compiled
[2019.01.29-21.38.39:600][966]CompilerResultsLog:           with
[2019.01.29-21.38.39:600][966]CompilerResultsLog:           [
[2019.01.29-21.38.39:600][966]CompilerResultsLog:               FmtType=wchar_t [34]
[2019.01.29-21.38.39:600][966]CompilerResultsLog:           ]
[2019.01.29-21.38.39:600][966]CompilerResultsLog:    D:\Epic Games\UE_4.21\Engine\Source\Runtime\Core\Public\Logging/LogMacros.h(60) : error C4840: non-portable use of class 'FString' as an argument to a variadic function
[2019.01.29-21.38.39:601][966]CompilerResultsLog:   D:\Epic Games\UE_4.21\Engine\Source\Runtime\Core\Public\Logging/LogMacros.h(60): note: 'FString::FString' is non-trivial
[2019.01.29-21.38.39:601][966]CompilerResultsLog:   D:\Epic Games\UE_4.21\Engine\Source\Runtime\Core\Public\Containers/UnrealString.h(73): note: see declaration of 'FString::FString'
[2019.01.29-21.38.39:601][966]CompilerResultsLog:   D:\Epic Games\UE_4.21\Engine\Source\Runtime\Core\Public\Logging/LogMacros.h(60): note: the constructor and destructor will not be called; a bitwise copy of the class will be passed as the argument
[2019.01.29-21.38.39:602][966]CompilerResultsLog:   D:\Epic Games\UE_4.21\Engine\Source\Runtime\Core\Public\Windows/WindowsCriticalSection.h(9): note: see declaration of 'FString'
[2019.01.29-21.38.39:602][966]CompilerResultsLog: ERROR: UBT ERROR: Failed to produce item: D:\College Stuff\Unreal\SideProject\Binaries\Win64\UE4Editor-SideProject-3229.dll
[2019.01.29-21.38.39:602][966]CompilerResultsLog:        (see ../Programs/UnrealBuildTool/Log.txt for full exception trace)
[2019.01.29-21.38.39:602][966]CompilerResultsLog: Total build time: 225.40 seconds (Parallel executor: 0.00 seconds)
[2019.01.29-21.38.39:602][966]LogMainFrame: MainFrame: Module compiling took 225.898 seconds
[2019.01.29-21.38.39:603][966]Warning: HotReload failed, recompile failed
[2019.01.29-21.42.25:048][387]Candidate modules for hot reload:
[2019.01.29-21.42.25:048][387]  SideProject
[2019.01.29-21.42.25:048][387]Launching UnrealBuildTool... [D:/Epic Games/UE_4.21/Engine/Binaries/DotNET/UnrealBuildTool.exe  -ModuleWithSuffix=SideProject,2817 Win64 Development -TargetType=Editor -Project="../../../../../College Stuff/Unreal/SideProject/SideProject.uproject" -canskiplink "D:/College Stuff/Unreal/SideProject/SideProject.uproject" ]
[2019.01.29-21.42.25:176][387]Warning: Starting HotReload took  0.2s.
[2019.01.29-21.43.14:809][363]CompilerResultsLog: New page: Compilation - Jan 29, 2019, 11:43:14 AM
[2019.01.29-21.43.14:810][363]CompilerResultsLog: Creating makefile for hot reloading SideProjectEditor (source directory changed)
[2019.01.29-21.43.14:810][363]CompilerResultsLog: Compiling game modules for hot reload
[2019.01.29-21.43.14:810][363]CompilerResultsLog: Using Visual Studio 2017 14.16.27023 toolchain (D:\VSEnterprise\VC\Tools\MSVC\14.16.27023) and Windows 10.0.17763.0 SDK (C:\Program Files (x86)\Windows Kits\10).
[2019.01.29-21.43.14:810][363]LogMainFrame: MainFrame: Module compiling took 49.765 seconds
[2019.01.29-21.43.14:810][363]Warning: HotReload failed, recompile failed
[2019.01.29-21.43.20:779][642]LogSlate: Window 'SideProject - Unreal Editor' being destroyed
[2019.01.29-21.43.20:803][642]LogWindowsTextInputMethodSystem: Display: IME system now deactivated.
[2019.01.29-21.43.22:756][643]Cmd: QUIT_EDITOR
[2019.01.29-21.43.24:705][643]LogExit: Preparing to exit.
[2019.01.29-21.43.28:446][643]LogExit: Editor shut down
[2019.01.29-21.43.28:447][643]LogExit: Transaction tracking system shut down
[2019.01.29-21.43.33:964][643]LogExit: Object subsystem successfully closed.
[2019.01.29-21.43.34:651][643]LogShaderCompilers: Display: Shaders left to compile 0
[2019.01.29-21.43.34:739][643]LogD3D11RHI: Shutdown
[2019.01.29-21.43.34:739][643]LogD3D11RHI: CleanupD3DDevice
[2019.01.29-21.43.35:045][643]LogD3D11RHI: ~FD3D11DynamicRHI
[2019.01.29-21.43.37:461][643]LogModuleManager: Shutting down and abandoning module MovieSceneCapture (630)
[2019.01.29-21.43.37:461][643]LogModuleManager: Shutting down and abandoning module Voice (628)
[2019.01.29-21.43.37:472][643]LogModuleManager: Shutting down and abandoning module HierarchicalLODOutliner (626)
[2019.01.29-21.43.37:472][643]LogModuleManager: Shutting down and abandoning module SceneOutliner (624)
[2019.01.29-21.43.37:492][643]LogModuleManager: Shutting down and abandoning module AddContentDialog (622)
[2019.01.29-21.43.37:522][643]LogModuleManager: Shutting down and abandoning module WidgetCarousel (621)
[2019.01.29-21.43.37:522][643]LogModuleManager: Shutting down and abandoning module EditorWidgets (618)
[2019.01.29-21.43.37:522][643]LogModuleManager: Shutting down and abandoning module CollectionManager (616)
[2019.01.29-21.43.37:538][643]LogModuleManager: Shutting down and abandoning module HierarchicalLODUtilities (614)
[2019.01.29-21.43.37:582][643]LogModuleManager: Shutting down and abandoning module StatsViewer (612)
[2019.01.29-21.43.37:597][643]LogModuleManager: Shutting down and abandoning module FoliageEdit (610)
[2019.01.29-21.43.37:620][643]LogModuleManager: Shutting down and abandoning module LandscapeEditor (608)
[2019.01.29-21.43.37:717][643]LogModuleManager: Shutting down and abandoning module MeshPaintMode (606)
[2019.01.29-21.43.37:741][643]LogModuleManager: Shutting down and abandoning module SceneDepthPickerMode (604)
[2019.01.29-21.43.37:741][643]LogModuleManager: Shutting down and abandoning module ActorPickerMode (602)
[2019.01.29-21.43.37:741][643]LogModuleManager: Shutting down and abandoning module GeometryMode (600)
[2019.01.29-21.43.37:741][643]LogModuleManager: Shutting down and abandoning module TextureAlignMode (598)
[2019.01.29-21.43.37:741][643]LogModuleManager: Shutting down and abandoning module BspMode (596)
[2019.01.29-21.43.37:741][643]LogModuleManager: Shutting down and abandoning module PIEPreviewDeviceProfileSelector (594)
[2019.01.29-21.43.37:781][643]LogModuleManager: Shutting down and abandoning module SequenceRecorderSections (592)
[2019.01.29-21.43.37:799][643]LogModuleManager: Shutting down and abandoning module AutomationWorker (590)
[2019.01.29-21.43.37:799][643]LogModuleManager: Shutting down and abandoning module AudioCaptureEditor (588)
[2019.01.29-21.43.37:799][643]LogModuleManager: Shutting down and abandoning module MatineeToLevelSequence (586)
[2019.01.29-21.43.37:814][643]LogModuleManager: Shutting down and abandoning module LevelSequenceEditor (584)
[2019.01.29-21.43.37:919][643]LogModuleManager: Shutting down and abandoning module PlacementMode (583)
[2019.01.29-21.43.37:919][643]LogModuleManager: Shutting down and abandoning module MaterialEditor (582)
[2019.01.29-21.43.37:987][643]LogModuleManager: Shutting down and abandoning module WmfMediaFactory (578)
[2019.01.29-21.43.37:987][643]LogModuleManager: Shutting down and abandoning module WmfMediaEditor (576)
[2019.01.29-21.43.37:987][643]LogModuleManager: Shutting down and abandoning module WebMMediaFactory (574)
[2019.01.29-21.43.37:987][643]LogModuleManager: Shutting down and abandoning module WebMMediaEditor (572)
[2019.01.29-21.43.37:987][643]LogModuleManager: Shutting down and abandoning module WebMMedia (570)
[2019.01.29-21.43.38:045][643]LogModuleManager: Shutting down and abandoning module MediaPlayerEditor (568)
[2019.01.29-21.43.38:277][643]LogModuleManager: Shutting down and abandoning module MediaCompositingEditor (566)
[2019.01.29-21.43.38:349][643]LogModuleManager: Shutting down and abandoning module SequenceRecorder (565)
[2019.01.29-21.43.38:349][643]LogModuleManager: Shutting down and abandoning module OpenExrWrapper (562)
[2019.01.29-21.43.38:350][643]LogModuleManager: Shutting down and abandoning module ImgMediaFactory (560)
[2019.01.29-21.43.38:350][643]LogModuleManager: Shutting down and abandoning module ImgMediaEditor (558)
[2019.01.29-21.43.38:350][643]LogModuleManager: Shutting down and abandoning module AvfMediaFactory (556)
[2019.01.29-21.43.38:350][643]LogModuleManager: Shutting down and abandoning module AvfMediaEditor (554)
[2019.01.29-21.43.38:350][643]LogModuleManager: Shutting down and abandoning module AndroidMediaFactory (552)
[2019.01.29-21.43.38:350][643]LogModuleManager: Shutting down and abandoning module AndroidMediaEditor (550)
[2019.01.29-21.43.38:350][643]LogModuleManager: Shutting down and abandoning module MagicLeapCameraPreviewFactory (548)
[2019.01.29-21.43.38:350][643]LogModuleManager: Shutting down and abandoning module MagicLeapMediaFactory (546)
[2019.01.29-21.43.38:350][643]LogModuleManager: Shutting down and abandoning module MagicLeapMediaEditor (544)
[2019.01.29-21.43.38:350][643]LogModuleManager: Shutting down and abandoning module CharacterAI (542)
[2019.01.29-21.43.38:350][643]LogModuleManager: Shutting down and abandoning module SmartSnapping (540)
[2019.01.29-21.43.38:350][643]LogModuleManager: Shutting down and abandoning module SessionServices (538)
[2019.01.29-21.43.38:350][643]LogModuleManager: Shutting down and abandoning module ViewportSnapping (536)
[2019.01.29-21.43.38:350][643]LogModuleManager: Shutting down and abandoning module ViewportInteraction (534)
[2019.01.29-21.43.38:350][643]LogModuleManager: Shutting down and abandoning module ClothPainter (532)
[2019.01.29-21.43.38:423][643]LogModuleManager: Shutting down and abandoning module SkeletalMeshEditor (531)
[2019.01.29-21.43.38:488][643]LogModuleManager: Shutting down and abandoning module LogVisualizer (528)
[2019.01.29-21.43.38:514][643]LogModuleManager: Shutting down and abandoning module IntroTutorials (526)
[2019.01.29-21.43.38:578][643]LogModuleManager: Shutting down and abandoning module GameProjectGeneration (525)
[2019.01.29-21.43.38:586][643]LogModuleManager: Shutting down and abandoning module LuminPlatformEditor (522)
[2019.01.29-21.43.38:586][643]LogModuleManager: Shutting down and abandoning module IOSPlatformEditor (520)
[2019.01.29-21.43.38:586][643]LogModuleManager: Shutting down and abandoning module HTML5PlatformEditor (518)
[2019.01.29-21.43.38:586][643]LogModuleManager: Shutting down and abandoning module AndroidPlatformEditor (516)
[2019.01.29-21.43.38:586][643]LogModuleManager: Shutting down and abandoning module AndroidDeviceDetection (515)
[2019.01.29-21.43.39:407][643]LogModuleManager: Shutting down and abandoning module WindowsPlatformEditor (512)
[2019.01.29-21.43.39:407][643]LogModuleManager: Shutting down and abandoning module LuminRuntimeSettings (510)
[2019.01.29-21.43.39:407][643]LogModuleManager: Shutting down and abandoning module IOSRuntimeSettings (508)
[2019.01.29-21.43.39:407][643]LogModuleManager: Shutting down and abandoning module AndroidRuntimeSettings (506)
[2019.01.29-21.43.39:407][643]LogModuleManager: Shutting down and abandoning module TimeManagementEditor (504)
[2019.01.29-21.43.39:407][643]LogModuleManager: Shutting down and abandoning module InputBindingEditor (502)
[2019.01.29-21.43.39:553][643]LogModuleManager: Shutting down and abandoning module MergeActors (500)
[2019.01.29-21.43.39:643][643]LogModuleManager: Shutting down and abandoning module LocalizationDashboard (498)
[2019.01.29-21.43.39:666][643]LogModuleManager: Shutting down and abandoning module LocalizationService (497)
[2019.01.29-21.43.39:722][643]LogModuleManager: Shutting down and abandoning module HardwareTargeting (494)
[2019.01.29-21.43.39:722][643]LogModuleManager: Shutting down and abandoning module DeviceProfileEditor (492)
[2019.01.29-21.43.39:747][643]LogModuleManager: Shutting down and abandoning module UndoHistory (490)
[2019.01.29-21.43.39:771][643]LogModuleManager: Shutting down and abandoning module XmlParser (488)
[2019.01.29-21.43.39:771][643]LogModuleManager: Shutting down and abandoning module Blutility (486)
[2019.01.29-21.43.39:794][643]LogModuleManager: Shutting down and abandoning module ProjectSettingsViewer (484)
[2019.01.29-21.43.39:794][643]LogModuleManager: Shutting down and abandoning module ProjectTargetPlatformEditor (483)
[2019.01.29-21.43.39:794][643]LogModuleManager: Shutting down and abandoning module EditorSettingsViewer (480)
[2019.01.29-21.43.39:794][643]LogModuleManager: Shutting down and abandoning module SettingsEditor (478)
[2019.01.29-21.43.39:810][643]LogModuleManager: Shutting down and abandoning module ProjectLauncher (476)
[2019.01.29-21.43.39:854][643]LogModuleManager: Shutting down and abandoning module SessionFrontend (474)
[2019.01.29-21.43.39:866][643]LogModuleManager: Shutting down and abandoning module ProfilerClient (472)
[2019.01.29-21.43.39:888][643]LogModuleManager: Shutting down and abandoning module DeviceManager (470)
[2019.01.29-21.43.39:904][643]LogModuleManager: Shutting down and abandoning module TargetDeviceServices (469)
[2019.01.29-21.43.39:992][643]LogModuleManager: Shutting down and abandoning module AutomationController (466)
[2019.01.29-21.43.40:028][643]LogModuleManager: Shutting down and abandoning module AutomationWindow (464)
[2019.01.29-21.43.40:046][643]LogModuleManager: Shutting down and abandoning module Layers (462)
[2019.01.29-21.43.40:130][643]LogModuleManager: Shutting down and abandoning module ComponentVisualizers (460)
[2019.01.29-21.43.40:130][643]LogModuleManager: Shutting down and abandoning module DetailCustomizations (458)
[2019.01.29-21.43.40:197][643]LogModuleManager: Shutting down and abandoning module PackagesDialog (456)
[2019.01.29-21.43.40:216][643]LogModuleManager: Shutting down and abandoning module Persona (454)
[2019.01.29-21.43.40:265][643]LogModuleManager: Shutting down and abandoning module AdvancedPreviewScene (453)
[2019.01.29-21.43.40:265][643]LogModuleManager: Shutting down and abandoning module AnimGraph (451)
[2019.01.29-21.43.40:276][643]LogModuleManager: Shutting down and abandoning module Kismet (448)
[2019.01.29-21.43.40:354][643]LogModuleManager: Shutting down and abandoning module GraphEditor (446)
[2019.01.29-21.43.40:422][643]LogModuleManager: Shutting down and abandoning module ClassViewer (444)
[2019.01.29-21.43.40:422][643]LogModuleManager: Shutting down and abandoning module Toolbox (442)
[2019.01.29-21.43.40:422][643]LogModuleManager: Shutting down and abandoning module DesktopPlatform (441)
[2019.01.29-21.43.40:474][643]LogModuleManager: Shutting down and abandoning module ModuleUI (438)
[2019.01.29-21.43.40:485][643]LogModuleManager: Shutting down and abandoning module MovieSceneTools (436)
[2019.01.29-21.43.40:506][643]LogModuleManager: Shutting down and abandoning module OutputLog (434)
[2019.01.29-21.43.40:506][643]LogModuleManager: Shutting down and abandoning module GammaUI (432)
[2019.01.29-21.43.40:520][643]LogModuleManager: Shutting down and abandoning module Documentation (430)
[2019.01.29-21.43.40:520][643]LogModuleManager: Shutting down and abandoning module MovieSceneTracks (428)
[2019.01.29-21.43.40:520][643]LogModuleManager: Shutting down and abandoning module MovieScene (426)
[2019.01.29-21.43.40:546][643]LogModuleManager: Shutting down and abandoning module StreamingPauseRendering (424)
[2019.01.29-21.43.40:560][643]LogModuleManager: Shutting down and abandoning module LauncherPlatform (422)
[2019.01.29-21.43.40:561][643]LogModuleManager: Shutting down and abandoning module AnalyticsET (420)
[2019.01.29-21.43.40:561][643]LogModuleManager: Shutting down and abandoning module PortalServices (418)
[2019.01.29-21.43.40:561][643]LogModuleManager: Shutting down and abandoning module PortalRpc (416)
[2019.01.29-21.43.40:561][643]LogModuleManager: Shutting down and abandoning module MessagingRpc (414)
[2019.01.29-21.43.40:561][643]LogModuleManager: Shutting down and abandoning module AIModule (412)
[2019.01.29-21.43.40:600][643]LogModuleManager: Shutting down and abandoning module GameplayDebugger (411)
[2019.01.29-21.43.40:600][643]LogModuleManager: Shutting down and abandoning module AITestSuite (409)
[2019.01.29-21.43.40:607][643]LogModuleManager: Shutting down and abandoning module NavigationSystem (407)
[2019.01.29-21.43.40:607][643]LogModuleManager: Shutting down and abandoning module ImageWriteQueue (404)
[2019.01.29-21.43.40:610][643]LogModuleManager: Shutting down and abandoning module ProfilerService (402)
[2019.01.29-21.43.40:721][643]LogModuleManager: Shutting down and abandoning module TaskGraph (400)
[2019.01.29-21.43.40:750][643]LogModuleManager: Shutting down and abandoning module SteamVRController (398)
[2019.01.29-21.43.40:750][643]LogModuleManager: Shutting down and abandoning module ProceduralMeshComponentEditor (396)
[2019.01.29-21.43.40:750][643]LogModuleManager: Shutting down and abandoning module ProceduralMeshComponent (394)
[2019.01.29-21.43.40:771][643]LogModuleManager: Shutting down and abandoning module OculusInput (392)
[2019.01.29-21.43.40:771][643]LogModuleManager: Shutting down and abandoning module MobilePatchingUtils (390)
[2019.01.29-21.43.40:771][643]LogModuleManager: Shutting down and abandoning module EditableMesh (388)
[2019.01.29-21.43.40:821][643]LogModuleManager: Shutting down and abandoning module CustomMeshComponent (386)
[2019.01.29-21.43.40:822][643]LogModuleManager: Shutting down and abandoning module CableComponent (384)
[2019.01.29-21.43.40:844][643]LogModuleManager: Shutting down and abandoning module AudioCapture (382)
[2019.01.29-21.43.40:845][643]LogModuleManager: Shutting down and abandoning module ArchVisCharacter (380)
[2019.01.29-21.43.40:845][643]LogModuleManager: Shutting down and abandoning module AndroidPermission (378)
[2019.01.29-21.43.40:845][643]LogModuleManager: Shutting down and abandoning module NUTUnrealEngine4 (376)
[2019.01.29-21.43.40:858][643]LogModuleManager: Shutting down and abandoning module NetcodeUnitTest (374)
[2019.01.29-21.43.40:934][643]LogModuleManager: Shutting down and abandoning module MediaCompositing (372)
[2019.01.29-21.43.40:934][643]LogModuleManager: Shutting down and abandoning module LinearTimecode (370)
[2019.01.29-21.43.40:934][643]LogModuleManager: Shutting down and abandoning module ImgMedia (368)
[2019.01.29-21.43.40:938][643]LogModuleManager: Shutting down and abandoning module HTML5Networking (366)
[2019.01.29-21.43.40:939][643]LogModuleManager: Shutting down and abandoning module GeometryCacheTracks (364)
[2019.01.29-21.43.40:939][643]LogModuleManager: Shutting down and abandoning module GeometryCacheSequencer (362)
[2019.01.29-21.43.40:939][643]LogModuleManager: Shutting down and abandoning module BackChannel (360)
[2019.01.29-21.43.40:974][643]LogModuleManager: Shutting down and abandoning module AppleVision (358)
[2019.01.29-21.43.40:974][643]LogModuleManager: Shutting down and abandoning module AppleImageUtilsBlueprintSupport (356)
[2019.01.29-21.43.40:974][643]LogModuleManager: Shutting down and abandoning module AppleImageUtils (354)
[2019.01.29-21.43.40:974][643]LogModuleManager: Shutting down and abandoning module AlembicImporter (352)
[2019.01.29-21.43.40:974][643]LogModuleManager: Shutting down and abandoning module AlembicLibrary (351)
[2019.01.29-21.43.40:974][643]LogModuleManager: Shutting down and abandoning module GeometryCache (350)
[2019.01.29-21.43.40:974][643]LogModuleManager: Shutting down and abandoning module GeometryCacheEd (349)
[2019.01.29-21.43.40:974][643]LogModuleManager: Shutting down and abandoning module VariantManagerContent (344)
[2019.01.29-21.43.40:974][643]LogModuleManager: Shutting down and abandoning module DatasmithContentEditor (342)
[2019.01.29-21.43.40:996][643]LogModuleManager: Shutting down and abandoning module SpeedTreeImporter (340)
[2019.01.29-21.43.40:996][643]LogModuleManager: Shutting down and abandoning module PluginBrowser (338)
[2019.01.29-21.43.41:050][643]LogModuleManager: Shutting down and abandoning module MobileLauncherProfileWizard (336)
[2019.01.29-21.43.41:067][643]LogModuleManager: Shutting down and abandoning module PolygonModeling (334)
[2019.01.29-21.43.41:068][643]LogModuleManager: Shutting down and abandoning module MeshEditor (332)
[2019.01.29-21.43.41:085][643]LogModuleManager: Shutting down and abandoning module CryptoKeysOpenSSL (330)
[2019.01.29-21.43.41:105][643]LogModuleManager: Shutting down and abandoning module CryptoKeys (328)
[2019.01.29-21.43.41:105][643]LogModuleManager: Shutting down and abandoning module VisualStudioSourceCodeAccess (326)
[2019.01.29-21.43.41:105][643]LogModuleManager: Shutting down and abandoning module VisualStudioCodeSourceCodeAccess (324)
[2019.01.29-21.43.41:105][643]LogModuleManager: Shutting down and abandoning module UObjectPlugin (322)
[2019.01.29-21.43.41:105][643]LogModuleManager: Shutting down and abandoning module SubversionSourceControl (320)
[2019.01.29-21.43.41:117][643]LogModuleManager: Shutting down and abandoning module PerforceSourceControl (318)
[2019.01.29-21.43.41:165][643]LogModuleManager: Shutting down and abandoning module GitSourceControl (316)
[2019.01.29-21.43.41:189][643]LogModuleManager: Shutting down and abandoning module SourceControl (315)
[2019.01.29-21.43.41:189][643]LogModuleManager: Shutting down and abandoning module CLionSourceCodeAccess (312)
[2019.01.29-21.43.41:203][643]LogModuleManager: Shutting down and abandoning module ActorLayerUtilitiesEditor (310)
[2019.01.29-21.43.41:203][643]LogModuleManager: Shutting down and abandoning module ActorLayerUtilities (308)
[2019.01.29-21.43.41:203][643]LogModuleManager: Shutting down and abandoning module LightPropagationVolumeEditor (306)
[2019.01.29-21.43.41:203][643]LogModuleManager: Shutting down and abandoning module PaperTiledImporter (304)
[2019.01.29-21.43.41:203][643]LogModuleManager: Shutting down and abandoning module PaperSpriteSheetImporter (302)
[2019.01.29-21.43.41:219][643]LogModuleManager: Shutting down and abandoning module Paper2DEditor (300)
[2019.01.29-21.43.41:251][643]LogModuleManager: Shutting down and abandoning module MeshPaint (299)
[2019.01.29-21.43.41:276][643]LogModuleManager: Shutting down and abandoning module SideProject (296)
[2019.01.29-21.43.41:276][643]LogModuleManager: Shutting down and abandoning module RuntimePhysXCooking (294)
[2019.01.29-21.43.41:276][643]LogModuleManager: Shutting down and abandoning module PhysXVehiclesEditor (292)
[2019.01.29-21.43.41:276][643]LogModuleManager: Shutting down and abandoning module PhysXVehicles (290)
[2019.01.29-21.43.41:276][643]LogModuleManager: Shutting down and abandoning module OculusEditor (288)
[2019.01.29-21.43.41:303][643]LogModuleManager: Shutting down and abandoning module LocationServicesBPLibrary (286)
[2019.01.29-21.43.41:303][643]LogModuleManager: Shutting down and abandoning module ActorSequence (284)
[2019.01.29-21.43.41:303][643]LogModuleManager: Shutting down and abandoning module UdpMessaging (282)
[2019.01.29-21.43.41:405][643]LogModuleManager: Shutting down and abandoning module TcpMessaging (280)
[2019.01.29-21.43.41:534][643]LogModuleManager: Shutting down and abandoning module MagicLeapAudio (278)
[2019.01.29-21.43.41:534][643]LogModuleManager: Shutting down and abandoning module GameplayTagsEditor (276)
[2019.01.29-21.43.41:558][643]LogModuleManager: Shutting down and abandoning module FacialAnimationEditor (274)
[2019.01.29-21.43.41:558][643]LogModuleManager: Shutting down and abandoning module FacialAnimation (272)
[2019.01.29-21.43.41:558][643]LogModuleManager: Shutting down and abandoning module DataValidation (270)
[2019.01.29-21.43.41:558][643]LogModuleManager: Shutting down and abandoning module AssetManagerEditor (268)
[2019.01.29-21.43.41:603][643]LogModuleManager: Shutting down and abandoning module LevelEditor (267)
[2019.01.29-21.43.41:620][643]LogModuleManager: Shutting down and abandoning module PixelInspectorModule (266)
[2019.01.29-21.43.41:648][643]LogModuleManager: Shutting down and abandoning module CommonMenuExtensions (264)
[2019.01.29-21.43.41:648][643]LogModuleManager: Shutting down and abandoning module MainFrame (262)
[2019.01.29-21.43.41:648][643]LogModuleManager: Shutting down and abandoning module HotReload (261)
[2019.01.29-21.43.41:733][643]LogModuleManager: Shutting down and abandoning module ContentBrowser (257)
[2019.01.29-21.43.41:758][643]LogModuleManager: Shutting down and abandoning module TreeMap (255)
[2019.01.29-21.43.41:804][643]LogModuleManager: Shutting down and abandoning module LightPropagationVolumeRuntime (252)
[2019.01.29-21.43.41:804][643]LogModuleManager: Shutting down and abandoning module AISupportModule (250)
[2019.01.29-21.43.41:804][643]LogModuleManager: Shutting down and abandoning module Paper2D (248)
[2019.01.29-21.43.41:823][643]LogModuleManager: Shutting down and abandoning module WindowsMoviePlayer (246)
[2019.01.29-21.43.41:831][643]LogModuleManager: Shutting down and abandoning module WebMMoviePlayer (244)
[2019.01.29-21.43.41:832][643]LogModuleManager: Shutting down and abandoning module WmfMedia (242)
[2019.01.29-21.43.41:853][643]LogModuleManager: Shutting down and abandoning module Media (241)
[2019.01.29-21.43.41:859][643]LogModuleManager: Shutting down and abandoning module PacketHandler (238)
[2019.01.29-21.43.41:859][643]LogModuleManager: Shutting down and abandoning module ClothingSystemEditor (236)
[2019.01.29-21.43.41:859][643]LogModuleManager: Shutting down and abandoning module ClothingSystemRuntime (234)
[2019.01.29-21.43.41:882][643]LogModuleManager: Shutting down and abandoning module MediaAssets (232)
[2019.01.29-21.43.41:882][643]LogModuleManager: Shutting down and abandoning module Overlay (230)
[2019.01.29-21.43.41:882][643]LogModuleManager: Shutting down and abandoning module OverlayEditor (229)
[2019.01.29-21.43.41:882][643]LogModuleManager: Shutting down and abandoning module VREditor (226)
[2019.01.29-21.43.41:904][643]LogModuleManager: Shutting down and abandoning module StringTableEditor (224)
[2019.01.29-21.43.41:925][643]LogModuleManager: Shutting down and abandoning module GameplayTasksEditor (222)
[2019.01.29-21.43.41:925][643]LogModuleManager: Shutting down and abandoning module BehaviorTreeEditor (220)
[2019.01.29-21.43.42:058][643]LogModuleManager: Shutting down and abandoning module FunctionalTesting (218)
[2019.01.29-21.43.42:062][643]LogModuleManager: Shutting down and abandoning module CollisionAnalyzer (216)
[2019.01.29-21.43.42:085][643]LogModuleManager: Shutting down and abandoning module WorkspaceMenuStructure (215)
[2019.01.29-21.43.42:085][643]LogModuleManager: Shutting down and abandoning module UMG (212)
[2019.01.29-21.43.42:085][643]LogModuleManager: Shutting down and abandoning module UMGEditor (211)
[2019.01.29-21.43.42:102][643]LogModuleManager: Shutting down and abandoning module Sequencer (210)
[2019.01.29-21.43.42:282][643]LogModuleManager: Shutting down and abandoning module MessageLog (207)
[2019.01.29-21.43.42:326][643]LogModuleManager: Shutting down and abandoning module SlateReflector (202)
[2019.01.29-21.43.42:428][643]LogModuleManager: Shutting down and abandoning module Slate (200)
[2019.01.29-21.43.42:428][643]LogModuleManager: Shutting down and abandoning module EditorStyle (198)
[2019.01.29-21.43.42:456][643]LogModuleManager: Shutting down and abandoning module MRMesh (196)
[2019.01.29-21.43.42:456][643]LogModuleManager: Shutting down and abandoning module SourceCodeAccess (194)
[2019.01.29-21.43.42:456][643]LogModuleManager: Shutting down and abandoning module HeadMountedDisplay (192)
[2019.01.29-21.43.42:456][643]LogModuleManager: Shutting down and abandoning module XAudio2 (190)
[2019.01.29-21.43.42:456][643]LogModuleManager: Shutting down and abandoning module Networking (188)
[2019.01.29-21.43.42:456][643]LogModuleManager: Shutting down and abandoning module Core (186)
[2019.01.29-21.43.42:456][643]LogModuleManager: Shutting down and abandoning module LevelSequence (184)
[2019.01.29-21.43.42:456][643]LogModuleManager: Shutting down and abandoning module KismetCompiler (182)
[2019.01.29-21.43.42:456][643]LogModuleManager: Shutting down and abandoning module MeshUtilities (180)
[2019.01.29-21.43.42:505][643]LogModuleManager: Shutting down and abandoning module MeshMergeUtilities (179)
[2019.01.29-21.43.42:531][643]LogModuleManager: Shutting down and abandoning module MeshReductionInterface (178)
[2019.01.29-21.43.42:531][643]LogModuleManager: Shutting down and abandoning module SimplygonSwarm (177)
[2019.01.29-21.43.42:545][643]LogModuleManager: Shutting down and abandoning module ProxyLODMeshReduction (175)
[2019.01.29-21.43.42:568][643]LogModuleManager: Shutting down and abandoning module SimplygonMeshReduction (173)
[2019.01.29-21.43.42:568][643]LogModuleManager: Shutting down and abandoning module QuadricMeshReduction (171)
[2019.01.29-21.43.42:622][643]LogModuleManager: Shutting down and abandoning module MaterialBaking (167)
[2019.01.29-21.43.42:651][643]LogModuleManager: Shutting down and abandoning module DirectoryWatcher (163)
[2019.01.29-21.43.42:651][643]LogModuleManager: Shutting down and abandoning module DerivedDataCache (160)
[2019.01.29-21.43.42:694][643]LogDerivedDataCache: Shutdown
[2019.01.29-21.43.42:694][643]LogModuleManager: Shutting down and abandoning module XGEController (158)
[2019.01.29-21.43.42:716][643]LogXGEController: Cleaning working directory: C:/Users/Thero/AppData/Local/Temp/UnrealXGEWorkingDir/
[2019.01.29-21.43.42:716][643]LogModuleManager: Shutting down and abandoning module TargetPlatform (156)
[2019.01.29-21.43.42:716][643]LogModuleManager: Shutting down and abandoning module VulkanShaderFormat (155)
[2019.01.29-21.43.42:735][643]LogModuleManager: Shutting down and abandoning module ShaderFormatVectorVM (153)
[2019.01.29-21.43.42:756][643]LogModuleManager: Shutting down and abandoning module ShaderFormatOpenGL (151)
[2019.01.29-21.43.42:761][643]LogModuleManager: Shutting down and abandoning module ShaderFormatD3D (149)
[2019.01.29-21.43.42:761][643]LogModuleManager: Shutting down and abandoning module MetalShaderFormat (147)
[2019.01.29-21.43.42:779][643]LogModuleManager: Shutting down and abandoning module TextureFormatUncompressed (145)
[2019.01.29-21.43.42:779][643]LogModuleManager: Shutting down and abandoning module TextureFormatPVR (143)
[2019.01.29-21.43.42:779][643]LogModuleManager: Shutting down and abandoning module TextureFormatDXT (141)
[2019.01.29-21.43.42:827][643]LogModuleManager: Shutting down and abandoning module TextureFormatIntelISPCTexComp (139)
[2019.01.29-21.43.42:828][643]LogModuleManager: Shutting down and abandoning module TextureFormatASTC (137)
[2019.01.29-21.43.42:828][643]LogModuleManager: Shutting down and abandoning module ImageWrapper (136)
[2019.01.29-21.43.42:828][643]LogModuleManager: Shutting down and abandoning module TextureFormatAndroid (133)
[2019.01.29-21.43.42:828][643]LogModuleManager: Shutting down and abandoning module AudioFormatOpus (131)
[2019.01.29-21.43.42:828][643]LogModuleManager: Shutting down and abandoning module AudioFormatOgg (129)
[2019.01.29-21.43.42:828][643]LogModuleManager: Shutting down and abandoning module AudioFormatADPCM (127)
[2019.01.29-21.43.42:828][643]LogModuleManager: Shutting down and abandoning module LuminTargetPlatform (125)
[2019.01.29-21.43.42:849][643]LogModuleManager: Shutting down and abandoning module LinuxTargetPlatform (123)
[2019.01.29-21.43.42:849][643]LogModuleManager: Shutting down and abandoning module LinuxServerTargetPlatform (121)
[2019.01.29-21.43.42:849][643]LogModuleManager: Shutting down and abandoning module LinuxNoEditorTargetPlatform (119)
[2019.01.29-21.43.42:849][643]LogModuleManager: Shutting down and abandoning module LinuxClientTargetPlatform (117)
[2019.01.29-21.43.42:849][643]LogModuleManager: Shutting down and abandoning module TVOSTargetPlatform (115)
[2019.01.29-21.43.42:867][643]LogModuleManager: Shutting down and abandoning module Messaging (113)
[2019.01.29-21.43.42:867][643]LogModuleManager: Shutting down and abandoning module IOSTargetPlatform (111)
[2019.01.29-21.43.42:869][643]LogModuleManager: Shutting down and abandoning module HTML5TargetPlatform (109)
[2019.01.29-21.43.42:869][643]LogModuleManager: Shutting down and abandoning module AndroidTargetPlatform (107)
[2019.01.29-21.43.42:884][643]LogModuleManager: Shutting down and abandoning module WindowsTargetPlatform (105)
[2019.01.29-21.43.42:884][643]LogModuleManager: Shutting down and abandoning module WindowsServerTargetPlatform (103)
[2019.01.29-21.43.42:884][643]LogModuleManager: Shutting down and abandoning module WindowsNoEditorTargetPlatform (101)
[2019.01.29-21.43.42:884][643]LogModuleManager: Shutting down and abandoning module WindowsClientTargetPlatform (99)
[2019.01.29-21.43.42:931][643]LogModuleManager: Shutting down and abandoning module MacTargetPlatform (97)
[2019.01.29-21.43.42:931][643]LogModuleManager: Shutting down and abandoning module MacServerTargetPlatform (95)
[2019.01.29-21.43.42:931][643]LogModuleManager: Shutting down and abandoning module MacNoEditorTargetPlatform (93)
[2019.01.29-21.43.42:931][643]LogModuleManager: Shutting down and abandoning module MacClientTargetPlatform (91)
[2019.01.29-21.43.42:931][643]LogModuleManager: Shutting down and abandoning module AllDesktopTargetPlatform (89)
[2019.01.29-21.43.42:931][643]LogModuleManager: Shutting down and abandoning module InputCore (86)
[2019.01.29-21.43.42:931][643]LogModuleManager: Shutting down and abandoning module Settings (84)
[2019.01.29-21.43.42:931][643]LogModuleManager: Shutting down and abandoning module PhysXCooking (82)
[2019.01.29-21.43.42:931][643]LogModuleManager: Shutting down and abandoning module SteamVR (80)
[2019.01.29-21.43.42:972][643]LogHMD: Freeing OpenVRDLLHandle.
[2019.01.29-21.43.42:972][643]LogModuleManager: Shutting down and abandoning module OculusHMD (78)
[2019.01.29-21.43.42:995][643]LogModuleManager: Shutting down and abandoning module ExampleDeviceProfileSelector (76)
[2019.01.29-21.43.42:995][643]LogModuleManager: Shutting down and abandoning module LauncherChunkInstaller (74)
[2019.01.29-21.43.42:995][643]LogModuleManager: Shutting down and abandoning module OnlineBlueprintSupport (72)
[2019.01.29-21.43.42:995][643]LogModuleManager: Shutting down and abandoning module OnlineSubsystem (68)
[2019.01.29-21.43.43:049][643]LogModuleManager: Shutting down and abandoning module XMPP (63)
[2019.01.29-21.43.43:086][643]LogModuleManager: Shutting down and abandoning module WebSockets (62)
[2019.01.29-21.43.43:203][643]LogModuleManager: Shutting down and abandoning module HTTP (59)
[2019.01.29-21.43.43:203][643]LogHttp: Display: Http module shutting down, but needs to wait on 1 outstanding Http requests:
[2019.01.29-21.43.43:203][643]LogHttp: Display: 	verb=[POST] url=[https://datarouter.ol.epicgames.com/datarouter/api/v1/public/data?SessionID=%7B97680838-4DD9-219D-BC23-199965EEC3BB%7D&AppID=UEEditor.Rocket.Release&AppVersion=4.21.2-4753647%2B%2B%2BUE4%2BRelease-4.21&UserID=46c6a3e24f7d125ed21c98a37ed60501%7C290f3d66e74c46de8d4d22961a688ef2%7C679021eb-96ce-455c-a95e-6c97a85ba2a6&AppEnvironment=datacollector-binary&UploadType=eteventstream] status=Processing
[2019.01.29-21.43.43:235][643]LogModuleManager: Shutting down and abandoning module SSL (58)
[2019.01.29-21.43.43:269][643]LogModuleManager: Shutting down and abandoning module MagicLeapIdentity (54)
[2019.01.29-21.43.43:269][643]LogModuleManager: Shutting down and abandoning module MagicLeapHelperVulkan (52)
[2019.01.29-21.43.43:269][643]LogModuleManager: Shutting down and abandoning module MagicLeapHelperOpenGL (50)
[2019.01.29-21.43.43:269][643]LogModuleManager: Shutting down and abandoning module MagicLeapSecureStorage (48)
[2019.01.29-21.43.43:269][643]LogModuleManager: Shutting down and abandoning module MagicLeapHandTracking (46)
[2019.01.29-21.43.43:269][643]LogModuleManager: Shutting down and abandoning module MagicLeapEyeTracker (44)
[2019.01.29-21.43.43:269][643]LogModuleManager: Shutting down and abandoning module MagicLeapController (42)
[2019.01.29-21.43.43:270][643]LogSlate: Slate User Destroyed.  User Index 0, Is Virtual User: 0
[2019.01.29-21.43.43:270][643]LogModuleManager: Shutting down and abandoning module MagicLeap (40)
[2019.01.29-21.43.43:324][643]LogModuleManager: Shutting down and abandoning module DatasmithContent (38)
[2019.01.29-21.43.43:324][643]LogModuleManager: Shutting down and abandoning module AnimationModifiers (36)
[2019.01.29-21.43.43:371][643]LogModuleManager: Shutting down and abandoning module PropertyEditor (35)
[2019.01.29-21.43.43:425][643]LogModuleManager: Shutting down and abandoning module AudioEditor (32)
[2019.01.29-21.43.43:500][643]LogModuleManager: Shutting down and abandoning module TextureCompressor (30)
[2019.01.29-21.43.43:652][643]LogModuleManager: Shutting down and abandoning module ShaderCore (28)
[2019.01.29-21.43.43:652][643]LogModuleManager: Shutting down and abandoning module Landscape (26)
[2019.01.29-21.43.43:652][643]LogModuleManager: Shutting down and abandoning module SlateRHIRenderer (24)
[2019.01.29-21.43.43:683][643]LogModuleManager: Shutting down and abandoning module OpenGLDrv (22)
[2019.01.29-21.43.43:700][643]LogModuleManager: Shutting down and abandoning module D3D11RHI (20)
[2019.01.29-21.43.43:700][643]LogModuleManager: Shutting down and abandoning module AnimGraphRuntime (18)
[2019.01.29-21.43.43:718][643]LogModuleManager: Shutting down and abandoning module Renderer (16)
[2019.01.29-21.43.43:718][643]LogModuleManager: Shutting down and abandoning module Engine (14)
[2019.01.29-21.43.43:718][643]LogModuleManager: Shutting down and abandoning module CoreUObject (12)
[2019.01.29-21.43.43:718][643]LogModuleManager: Shutting down and abandoning module NetworkFile (10)
[2019.01.29-21.43.43:740][643]LogModuleManager: Shutting down and abandoning module CookedIterativeFile (8)
[2019.01.29-21.43.43:740][643]LogModuleManager: Shutting down and abandoning module StreamingFile (6)
[2019.01.29-21.43.43:767][643]LogModuleManager: Shutting down and abandoning module SandboxFile (4)
[2019.01.29-21.43.43:767][643]LogModuleManager: Shutting down and abandoning module PakFile (2)
[2019.01.29-21.43.43:814][643]LogExit: Exiting.
[2019.01.29-21.43.43:825][643]Log file closed, 01/29/19 16:43:43
